Log file open, 05/09/18 19:52:38
LogInit:Display: Running engine for game: Alien_build
LogPlatformFile: Not using cached read wrapper
LogInit:Display: RandInit(1956505264) SRandInit(1956505264).
LogTaskGraph: Started task graph with 5 named threads and 8 total threads with 1 sets of task threads.
LogStats: Stats thread started at 4.209338
LogInit: Using libcurl 7.47.1
LogInit:  - built for x86_64-pc-win32
LogInit:  - supports SSL with OpenSSL/1.0.2g
LogInit:  - supports HTTP deflate (compression) using libz 1.2.8
LogInit:  - other features:
LogInit:      CURL_VERSION_SSL
LogInit:      CURL_VERSION_LIBZ
LogInit:      CURL_VERSION_IPV6
LogInit:      CURL_VERSION_ASYNCHDNS
LogInit:      CURL_VERSION_LARGEFILE
LogInit:      CURL_VERSION_IDN
LogInit:  CurlRequestOptions (configurable via config and command line):
LogInit:  - bVerifyPeer = false  - Libcurl will NOT verify peer certificate
LogInit:  - bUseHttpProxy = false  - Libcurl will NOT use HTTP proxy
LogInit:  - bDontReuseConnections = false  - Libcurl will reuse connections
LogInit:  - CertBundlePath = nullptr  - Libcurl will use whatever was configured at build time.
LogInit: Build: ++UE4+Release-4.16-CL-3561208
LogInit: Engine Version: 4.16.3-3561208+++UE4+Release-4.16
LogInit: Compatible Engine Version: 4.16.0-3452394+++UE4+Release-4.16
LogInit: Net CL: 3452394
LogDevObjectVersion: Number of dev versions registered: 16
LogDevObjectVersion:   Dev-Blueprints (B0D832E4-1F89-4F0D-ACCF-7EB736FD4AA2): 9
LogDevObjectVersion:   Dev-Build (E1C64328-A22C-4D53-A36C-8E866417BD8C): 0
LogDevObjectVersion:   Dev-Core (375EC13C-06E4-48FB-B500-84F0262A717E): 2
LogDevObjectVersion:   Dev-Editor (E4B068ED-F494-42E9-A231-DA0B2E46BB41): 17
LogDevObjectVersion:   Dev-Framework (CFFC743F-43B0-4480-9391-14DF171D2073): 23
LogDevObjectVersion:   Dev-Mobile (B02B49B5-BB20-44E9-A304-32B752E40360): 0
LogDevObjectVersion:   Dev-Networking (A4E4105C-59A1-49B5-A7C5-40C4547EDFEE): 0
LogDevObjectVersion:   Dev-Online (39C831C9-5AE6-47DC-9A44-9C173E1C8E7C): 0
LogDevObjectVersion:   Dev-Physics (78F01B33-EBEA-4F98-B9B4-84EACCB95AA2): 0
LogDevObjectVersion:   Dev-Platform (6631380F-2D4D-43E0-8009-CF276956A95A): 0
LogDevObjectVersion:   Dev-Rendering (12F88B9F-8875-4AFC-A67C-D90C383ABD29): 15
LogDevObjectVersion:   Dev-Sequencer (7B5AE74C-D270-4C10-A958-57980B212A5A): 4
LogDevObjectVersion:   Dev-VR (D7296918-1DD6-4BDD-9DE2-64A83CC13884): 0
LogDevObjectVersion:   Dev-LoadTimes (C2A15278-BFE7-4AFE-6C17-90FF531DF755): 1
LogDevObjectVersion:   Private-Geometry (6EACA3D4-40EC-4CC1-B786-8BED09428FC5): 1
LogDevObjectVersion:   Dev-AnimPhys (29E575DD-E0A3-4627-9D10-D276232CDCEA): 3
LogInit: Compiled (64-bit): Jul 28 2017 11:49:47
LogInit: Compiled with Visual C++: 19.00.24215.01
LogInit: Build Configuration: Development
LogInit: Branch Name: ++UE4+Release-4.16
LogInit: Command line:  
LogInit: Base directory: C:/Program Files/Epic Games/UE_4.16/Engine/Binaries/Win64/
LogInit: Installed Engine Build: 1
LogInit: Presizing for max 8388607 objects, including 0 objects not considered by GC, pre-allocating 0 bytes for permanent pool.
LogInit: Object subsystem initialized
[2018.05.09-17.52.44:894][  0]LogModuleManager:Warning: No filename provided for module ExampleDeviceProfileSelector
[2018.05.09-17.52.44:894][  0]LogModuleManager:Warning: ModuleManager: Unable to load module 'ExampleDeviceProfileSelector' because the file 'C:/Program Files/Epic Games/UE_4.16/Engine/Binaries/Win64/' was not found.
[2018.05.09-17.52.44:926][  0]LogInit: Applying CVar settings loaded from the selected device profile: [Windows]
[2018.05.09-17.52.45:534][  0]LogInit: Computer: DESKTOP-7FDRESD
[2018.05.09-17.52.45:534][  0]LogInit: User: mathi
[2018.05.09-17.52.45:534][  0]LogInit: CPU Page size=4096, Cores=4
[2018.05.09-17.52.45:534][  0]LogInit: High frequency timer resolution =2.437499 MHz
[2018.05.09-17.52.45:617][  0]LogMemory: Memory total: Physical=7.9GB (8GB approx)
[2018.05.09-17.52.45:617][  0]LogMemory: Platform Memory Stats for Windows
[2018.05.09-17.52.45:617][  0]LogMemory: Process Physical Memory: 273.08 MB used, 273.08 MB peak
[2018.05.09-17.52.45:617][  0]LogMemory: Process Virtual Memory: 266.72 MB used, 266.72 MB peak
[2018.05.09-17.52.45:617][  0]LogMemory: Physical Memory: 4154.73 MB used,  3922.91 MB free, 8077.64 MB total
[2018.05.09-17.52.45:617][  0]LogMemory: Virtual Memory: 678.37 MB used,  3922.91 MB free, 134217728.00 MB total
[2018.05.09-17.52.49:422][  0]LogInit: Using OS detected language (fr-FR).
[2018.05.09-17.52.49:422][  0]LogInit: Using OS detected locale (fr-FR).
[2018.05.09-17.52.50:106][  0]LogTextLocalizationManager: No localization for 'fr-FR' exists, so 'en' will be used for the language.
[2018.05.09-17.52.50:107][  0]LogTextLocalizationManager: No localization for 'fr-FR' exists, so 'en' will be used for the locale.
[2018.05.09-17.53.07:926][  0]LogD3D11RHI: D3D11 adapters:
[2018.05.09-17.53.13:091][  0]LogD3D11RHI:    0. 'NVIDIA GeForce GTX 960M' (Feature Level 11_0)
[2018.05.09-17.53.13:091][  0]LogD3D11RHI:       2010/0/4038 MB DedicatedVideo/DedicatedSystem/SharedSystem, Outputs:2, VendorId:0x10de
[2018.05.09-17.53.13:162][  0]LogD3D11RHI:    1. 'Intel(R) HD Graphics 630' (Feature Level 11_0)
[2018.05.09-17.53.13:162][  0]LogD3D11RHI:       128/0/4038 MB DedicatedVideo/DedicatedSystem/SharedSystem, Outputs:0, VendorId:0x8086
[2018.05.09-17.53.13:189][  0]LogD3D11RHI:    2. 'Microsoft Basic Render Driver' (Feature Level 11_0)
[2018.05.09-17.53.13:189][  0]LogD3D11RHI:       0/0/4038 MB DedicatedVideo/DedicatedSystem/SharedSystem, Outputs:0, VendorId:0x1414
[2018.05.09-17.53.13:189][  0]LogD3D11RHI: Chosen D3D11 Adapter: 0
[2018.05.09-17.53.13:208][  0]LogD3D11RHI: Creating new Direct3DDevice
[2018.05.09-17.53.13:208][  0]LogD3D11RHI:     GPU DeviceId: 0x139b (for the marketing name, search the web for "GPU Device Id")
[2018.05.09-17.53.13:208][  0]LogWindows: EnumDisplayDevices:
[2018.05.09-17.53.13:208][  0]LogWindows:    0. 'Intel(R) HD Graphics 630' (P:1 D:1)
[2018.05.09-17.53.13:212][  0]LogWindows:    1. 'Intel(R) HD Graphics 630' (P:0 D:1)
[2018.05.09-17.53.13:212][  0]LogWindows:    2. 'Intel(R) HD Graphics 630' (P:0 D:0)
[2018.05.09-17.53.13:213][  0]LogWindows: DebugString: GetVideoDriverDetailsInvalid PrimaryIsNotTheChoosenAdapter GetVideoDriverDetailsInvalid PrimaryIsNotTheChoosenAdapter GetVideoDriverDetailsInvalid PrimaryIsNotTheChoosenAdapter FoundDriverCount:0 
[2018.05.09-17.53.13:213][  0]LogD3D11RHI:     Adapter Name: NVIDIA GeForce GTX 960M
[2018.05.09-17.53.13:213][  0]LogD3D11RHI:   Driver Version: Unknown (internal:Unknown, unified:Unknown)
[2018.05.09-17.53.13:213][  0]LogD3D11RHI:      Driver Date: Unknown
[2018.05.09-17.53.13:213][  0]LogRHI: Texture pool is 1361 MB (70% of 1945 MB)
[2018.05.09-17.53.13:363][  0]LogD3D11RHI: Async texture creation enabled
[2018.05.09-17.53.13:966][  0]LogD3D11RHI: GPU Timing Frequency: 1000.000000 (Debug: 2 6)
[2018.05.09-17.53.14:295][  0]LogShaderCompilers: Guid format shader working directory is -13 characters bigger than the processId version (../../../../../../Users/mathi/Desktop/Alien_build/Alien_rep/Intermediate/Shaders/WorkingDirectory/9444/).
[2018.05.09-17.53.14:295][  0]LogShaderCompilers: Cleaned the shader compiler working directory 'C:/Users/mathi/AppData/Local/Temp/UnrealShaderWorkingDir/5FCDDE2C49362B1051F98FA672EF6352/'.
[2018.05.09-17.53.14:322][  0]LogShaderCompilers:Display: Using Local Shader Compiler.
[2018.05.09-17.53.22:100][  0]LogTemp:Display: Loaded TP AllDesktopTargetPlatform
[2018.05.09-17.53.22:293][  0]LogTemp:Display: Loaded TP MacClientTargetPlatform
[2018.05.09-17.53.22:487][  0]LogTemp:Display: Loaded TP MacNoEditorTargetPlatform
[2018.05.09-17.53.22:697][  0]LogTemp:Display: Loaded TP MacServerTargetPlatform
[2018.05.09-17.53.22:888][  0]LogTemp:Display: Loaded TP MacTargetPlatform
[2018.05.09-17.53.23:074][  0]LogTemp:Display: Loaded TP WindowsClientTargetPlatform
[2018.05.09-17.53.23:263][  0]LogTemp:Display: Loaded TP WindowsNoEditorTargetPlatform
[2018.05.09-17.53.23:440][  0]LogTemp:Display: Loaded TP WindowsServerTargetPlatform
[2018.05.09-17.53.23:672][  0]LogTemp:Display: Loaded TP WindowsTargetPlatform
[2018.05.09-17.53.23:913][  0]LogTemp:Display: Loaded TP AndroidTargetPlatform
[2018.05.09-17.53.24:111][  0]LogTemp:Display: Loaded TP Android_ASTCTargetPlatform
[2018.05.09-17.53.24:283][  0]LogTemp:Display: Loaded TP Android_ATCTargetPlatform
[2018.05.09-17.53.24:451][  0]LogTemp:Display: Loaded TP Android_DXTTargetPlatform
[2018.05.09-17.53.24:618][  0]LogTemp:Display: Loaded TP Android_ETC1TargetPlatform
[2018.05.09-17.53.24:786][  0]LogTemp:Display: Loaded TP Android_ETC2TargetPlatform
[2018.05.09-17.53.25:165][  0]LogTemp:Display: Loaded TP Android_MultiTargetPlatform
[2018.05.09-17.53.25:165][  0]LogTemp:Display: Loaded TP Android_PVRTCTargetPlatform
[2018.05.09-17.53.25:331][  0]LogTemp:Display: Loaded TP HTML5TargetPlatform
[2018.05.09-17.53.25:712][  0]LogTemp:Display: Loaded TP IOSTargetPlatform
[2018.05.09-17.53.25:810][  0]LogTemp:Display: Loaded TP TVOSTargetPlatform
[2018.05.09-17.53.25:985][  0]LogTemp:Display: Loaded TP LinuxClientTargetPlatform
[2018.05.09-17.53.26:159][  0]LogTemp:Display: Loaded TP LinuxNoEditorTargetPlatform
[2018.05.09-17.53.26:332][  0]LogTemp:Display: Loaded TP LinuxServerTargetPlatform
[2018.05.09-17.53.26:530][  0]LogTemp:Display: Loaded TP LinuxTargetPlatform
[2018.05.09-17.53.26:530][  0]LogTargetPlatformManager:Display: Building Assets For Windows
[2018.05.09-17.53.29:978][  0]LogDerivedDataCache:Display: Max Cache Size: 512 MB
[2018.05.09-17.53.31:795][  0]LogDerivedDataCache: Loaded boot cache 1.82s 90MB C:/Users/mathi/AppData/Local/UnrealEngine/4.16/DerivedDataCache/Boot.ddc.
[2018.05.09-17.53.31:795][  0]LogDerivedDataCache:Display: Loaded Boot cache: C:/Users/mathi/AppData/Local/UnrealEngine/4.16/DerivedDataCache/Boot.ddc
[2018.05.09-17.53.31:795][  0]LogDerivedDataCache: FDerivedDataBackendGraph:  Pak pak cache file ../../../../../../Users/mathi/Desktop/Alien_build/Alien_rep/DerivedDataCache/DDC.ddp not found, will not use a pak cache.
[2018.05.09-17.53.31:795][  0]LogDerivedDataCache: Unable to find inner node Pak for hierarchical cache Hierarchy.
[2018.05.09-17.53.31:795][  0]LogDerivedDataCache: FDerivedDataBackendGraph:  CompressedPak pak cache file ../../../../../../Users/mathi/Desktop/Alien_build/Alien_rep/DerivedDataCache/Compressed.ddp not found, will not use a pak cache.
[2018.05.09-17.53.31:795][  0]LogDerivedDataCache: Unable to find inner node CompressedPak for hierarchical cache Hierarchy.
[2018.05.09-17.53.31:870][  0]LogDerivedDataCache:Display: Pak cache opened for reading ../../../Engine/DerivedDataCache/Compressed.ddp.
[2018.05.09-17.53.31:883][  0]LogDerivedDataCache: Using Local data cache path C:/Users/mathi/AppData/Local/UnrealEngine/Common/DerivedDataCache: Writable
[2018.05.09-17.53.32:113][  0]LogMaterial: Verifying Global Shaders for PCD3D_SM5
[2018.05.09-17.53.32:247][  0]LogSlate: Using Freetype 2.6.0
[2018.05.09-17.53.32:415][  0]LogSlate: SlateFontCache - WITH_FREETYPE: 1, WITH_HARFBUZZ: 1
[2018.05.09-17.53.32:415][  0]LogSlate: SlateFontCache - WITH_FREETYPE: 1, WITH_HARFBUZZ: 1
[2018.05.09-17.53.45:258][  0]LogModuleManager:Warning: No filename provided for module ExampleDeviceProfileSelector
[2018.05.09-17.53.45:258][  0]LogModuleManager:Warning: ModuleManager: Unable to load module 'ExampleDeviceProfileSelector' because the file 'C:/Program Files/Epic Games/UE_4.16/Engine/Binaries/Win64/' was not found.
[2018.05.09-17.53.47:824][  0]LogContentStreaming: Texture pool size is 0.00 MB
[2018.05.09-17.53.49:683][  0]LogMeshUtilities: Using QuadricMeshReduction for automatic static mesh reduction
[2018.05.09-17.53.50:062][  0]LogSimplygon: Simplygon DLL not present - disabling.
[2018.05.09-17.53.50:480][  0]LogMeshUtilities: Using SimplygonSwarm for distributed automatic mesh merging
[2018.05.09-17.53.50:480][  0]LogMeshUtilities: No automatic skeletal mesh reduction module available
[2018.05.09-17.53.50:480][  0]LogMeshUtilities: No automatic mesh merging module available
[2018.05.09-17.54.00:810][  0]LogNetVersion: Alien_build , NetCL: 3452394, EngineNetVer: 2, GameNetVer: 0 (Checksum: 2330291340)
[2018.05.09-17.54.01:539][  0]LogAssetRegistry: FAssetRegistry took 0.0579 seconds to start up
[2018.05.09-17.54.02:380][  0]LogPackageLocalizationCache: Processed 6 localized package path(s) for 1 prioritized culture(s) in 0.507841 seconds
[2018.05.09-17.54.02:546][  0]LogUObjectArray: 33812 objects as part of root set at end of initial load.
[2018.05.09-17.54.02:546][  0]LogUObjectAllocator: 6959544 out of 0 bytes used by permanent object pool.
[2018.05.09-17.54.02:546][  0]LogUObjectArray: CloseDisregardForGC: 0/0 objects in disregard for GC pool
[2018.05.09-17.54.03:096][  0]LogInit: WinSock: version 1.1 (2.2), MaxSocks=32767, MaxUdp=65467
[2018.05.09-17.54.44:674][  0]LogSteamAudio: FSteamAudioModule Startup
[2018.05.09-17.54.44:674][  0]LogSteamAudio: Attempting to load ../../../Engine/Binaries/ThirdParty/Phonon/Win64/phonon.dll
[2018.05.09-17.54.44:893][  0]LogSteamAudio: Loaded ../../../Engine/Binaries/ThirdParty/Phonon/Win64/phonon.dll.
[2018.05.09-17.54.47:226][  0]LogMaterial: Uniform references updated for custom material expression Custom.
[2018.05.09-17.54.50:517][  0]SourceControl: Info Source control is disabled
[2018.05.09-17.55.02:795][  0]LogAnsel: Tried to load ../../../Engine/Plugins/Runtime/Nvidia/Ansel/Binaries/ThirdParty/AnselSDK64.dll : success=1
[2018.05.09-17.55.06:140][  0]LogLinker:Warning: Can't find file '/Script/OnlineSubsystemUtils'
[2018.05.09-17.55.06:141][  0]LogLinker:Warning: Can't find file '/Script/OnlineSubsystemUtils'
[2018.05.09-17.55.10:897][  0]LogEngine: Initializing Engine...
[2018.05.09-17.55.11:067][  0]LogHMD: Failed to initialize OpenVR with code 101
[2018.05.09-17.55.14:190][  0]LogStats: UGameplayTagsManager::ConstructGameplayTagTree: Construct from data asset -  0.000 s
[2018.05.09-17.55.14:191][  0]LogStats: UGameplayTagsManager::ConstructGameplayTagTree: GameplayTagTreeChangedEvent.Broadcast -  0.000 s
[2018.05.09-17.55.18:009][  0]LogAIModule: Creating AISystem for world Untitled
[2018.05.09-17.55.20:144][  0]LogInit: XAudio2 using 'Haut-parleurs (Realtek High Definition Audio)' : 6 channels at 48 kHz using 32 bits per sample (channel mask 0x3f)
[2018.05.09-17.55.21:722][  0]LogInit: FAudioDevice initialized.
[2018.05.09-17.55.21:796][  0]LogDerivedDataCache: Saved boot cache 0.06s 90MB C:/Users/mathi/AppData/Local/UnrealEngine/4.16/DerivedDataCache/Boot.ddc.
[2018.05.09-17.55.21:834][  0]LogInit: Texture streaming: Enabled
[2018.05.09-17.55.23:858][  0]LogEngineSessionManager: EngineSessionManager initialized
[2018.05.09-17.55.26:963][  0]LogWindowsTextInputMethodSystem:Display: IME system now deactivated.
[2018.05.09-17.55.26:964][  0]LogWindowsTextInputMethodSystem:Display: IME system now deactivated.
[2018.05.09-17.55.30:278][  0]LogInit: Transaction tracking system initialized
[2018.05.09-17.55.34:764][  0]BlueprintLog: New page: Editor Load
[2018.05.09-17.55.45:358][  0]LocalizationService: Info Localization service is disabled
[2018.05.09-17.55.49:131][  0]LogModuleManager:Warning: No filename provided for module TcpMessaging
[2018.05.09-17.55.49:131][  0]LogModuleManager:Warning: ModuleManager: Unable to load module 'TcpMessaging' because the file 'C:/Program Files/Epic Games/UE_4.16/Engine/Binaries/Win64/' was not found.
[2018.05.09-17.55.55:010][  0]LogConsoleResponse:Display: 
[2018.05.09-17.56.05:966][  0]LogFileCache: Scanning file cache for directory 'C:/Users/mathi/Desktop/Alien_build/Alien_rep/Content/' took 0.09s
[2018.05.09-17.56.05:966][  0]LogCook:Display: Max memory allowance for cook 16384mb min free memory 0mb
[2018.05.09-17.56.06:019][  0]LogCook:Display: Mobile HDR setting 1
[2018.05.09-17.56.21:646][  0]Cmd: MAP LOAD FILE="../../../../../../Users/mathi/Desktop/Alien_build/Alien_rep/Content/HUDS/Menu/Menu_principal.umap" TEMPLATE=0 SHOWPROGRESS=1 FEATURELEVEL=3
[2018.05.09-17.56.21:863][  0]LightingResults: New page: Lighting Build
[2018.05.09-17.56.23:643][  0]MapCheck: New page: Map Check
[2018.05.09-17.56.23:643][  0]LightingResults: New page: Lighting Build
[2018.05.09-17.56.38:044][  0]LogAIModule: Creating AISystem for world Menu_principal
[2018.05.09-17.56.38:821][  0]LogEditorServer: Finished looking for orphan Actors (0.000 secs)
[2018.05.09-17.56.39:886][  0]Cmd: MAP CHECKDEP NOCLEARLOG
[2018.05.09-17.56.40:223][  0]MapCheck: Info Map check complete: 0 Error(s), 0 Warning(s), took 322.121ms to complete.
[2018.05.09-17.56.40:223][  0]LogFileHelpers: Loading map 'Menu_principal' took 18.846
[2018.05.09-17.56.55:674][  0]LogCollectionManager: Loaded 0 collections in 0.002491 seconds
[2018.05.09-17.56.57:082][  0]LogFileCache: Scanning file cache for directory 'C:/Users/mathi/Desktop/Alien_build/Alien_rep/Saved/Collections/' took 0.01s
[2018.05.09-17.56.57:082][  0]LogFileCache: Scanning file cache for directory 'C:/Users/mathi/Desktop/Alien_build/Alien_rep/Content/Developers/mathi/Collections/' took 0.01s
[2018.05.09-17.56.57:082][  0]LogFileCache: Scanning file cache for directory 'C:/Users/mathi/Desktop/Alien_build/Alien_rep/Content/Collections/' took 0.01s
[2018.05.09-17.56.57:082][  0]LogCollectionManager: Rebuilt the GUID cache for 0 collections in 0.000002 seconds
[2018.05.09-17.56.57:459][  0]LogContentBrowser: Native class hierarchy populated in 0.1715 seconds. Added 2320 classes and 474 folders.
[2018.05.09-17.56.58:928][  0]LogContentBrowser: Native class hierarchy updated for 'WidgetCarousel' in 0.0068 seconds. Added 0 classes and 0 folders.
[2018.05.09-17.57.10:257][  0]LogContentBrowser: Native class hierarchy updated for 'AddContentDialog' in 0.0066 seconds. Added 0 classes and 0 folders.
[2018.05.09-17.57.11:468][  0]LogContentBrowser: Native class hierarchy updated for 'SceneOutliner' in 0.0068 seconds. Added 1 classes and 2 folders.
[2018.05.09-17.57.25:239][  0]LogCrashTracker: Crashtracker disabled due to settings.
[2018.05.09-17.57.28:476][  0]LogSlate: Took 0.154791 seconds to synchronously load lazily loaded font '../../../Engine/Content/Slate/Fonts/Roboto-Regular.ttf' (155K)
[2018.05.09-17.57.28:582][  0]LogSlate: Took 0.078153 seconds to synchronously load lazily loaded font '../../../Engine/Content/Slate/Fonts/Roboto-Bold.ttf' (160K)
[2018.05.09-17.57.29:053][  0]LogSlate: Took 0.025383 seconds to synchronously load lazily loaded font '../../../Engine/Content/Editor/Slate/Fonts/FontAwesome.ttf' (139K)
[2018.05.09-17.57.30:228][  0]LogRenderer: Reallocating scene render targets to support 1208x572 NumSamples 1 (Frame:1).
[2018.05.09-17.57.32:212][  0]LogUObjectGlobals:Warning: Failed to find object 'Class None.'
[2018.05.09-17.57.32:648][  0]LogContentBrowser: Native class hierarchy updated for 'HierarchicalLODOutliner' in 0.0067 seconds. Added 1 classes and 2 folders.
[2018.05.09-17.57.32:649][  0]LogLoad: (Engine Initialization) Total time: 314.05 seconds
[2018.05.09-17.57.32:649][  0]LogLoad: (Engine Initialization) Total Blueprint compile time: 5.61 seconds
[2018.05.09-17.57.32:649][  0]LogExternalProfiler: Found external profiler: VSPerf
[2018.05.09-17.57.32:649][  0]LogExternalProfiler: Using external profiler: VSPerf
[2018.05.09-17.57.32:822][  0]LogOcInput: OculusInput pre-init called
[2018.05.09-17.57.32:835][  0]LogHMD: Starting GearVRController plugin
[2018.05.09-17.57.33:163][  0]SourceControl: Info On branch master
[2018.05.09-17.57.33:163][  0]SourceControl: Info Your branch is up to date with 'origin/master'.
[2018.05.09-17.57.33:163][  0]SourceControl: Info Changes to be committed:
[2018.05.09-17.57.33:163][  0]SourceControl: Info   (use "git reset HEAD <file>..." to unstage)
[2018.05.09-17.57.33:163][  0]SourceControl: Info 	new file:   Content/Models/Sceau.uasset
[2018.05.09-17.57.33:163][  0]SourceControl: Info 	new file:   Content/Models/Vaisseau/SASp1_1.uasset
[2018.05.09-17.57.33:163][  0]SourceControl: Info 	new file:   Content/Models/lambert1.uasset
[2018.05.09-17.57.33:163][  0]SourceControl: Info 	new file:   Content/Models/lambert2.uasset
[2018.05.09-17.57.33:163][  0]SourceControl: Info Changes not staged for commit:
[2018.05.09-17.57.33:163][  0]SourceControl: Info   (use "git add/rm <file>..." to update what will be committed)
[2018.05.09-17.57.33:163][  0]SourceControl: Info   (use "git checkout -- <file>..." to discard changes in working directory)
[2018.05.09-17.57.33:163][  0]SourceControl: Info 	modified:   Config/DefaultGame.ini
[2018.05.09-17.57.33:163][  0]SourceControl: Info 	modified:   Config/DefaultInput.ini
[2018.05.09-17.57.33:163][  0]SourceControl: Info 	modified:   Content/Blueprint/Digipad.uasset
[2018.05.09-17.57.33:163][  0]SourceControl: Info 	modified:   Content/FirstPersonBP/Maps/LVL_1.umap
[2018.05.09-17.57.33:163][  0]SourceControl: Info 	modified:   Content/FirstPersonBP/Maps/LVL_1_BuiltData.uasset
[2018.05.09-17.57.33:163][  0]SourceControl: Info 	modified:   Content/HUDS/Digipad/Digipad.uasset
[2018.05.09-17.57.33:164][  0]SourceControl: Info 	modified:   Content/Models/Vaisseau/SASp1_1.uasset
[2018.05.09-17.57.33:164][  0]SourceControl: Info 	modified:   Intermediate/AssetRegistryCache/c90e3f55.bin
[2018.05.09-17.57.33:164][  0]SourceControl: Info 	modified:   Intermediate/CachedAssetRegistry.bin
[2018.05.09-17.57.33:164][  0]SourceControl: Info 	modified:   Intermediate/Config/CoalescedSourceConfigs/Game.ini
[2018.05.09-17.57.33:164][  0]SourceControl: Info 	modified:   Intermediate/Config/CoalescedSourceConfigs/Input.ini
[2018.05.09-17.57.33:164][  0]SourceControl: Info 	modified:   Saved/AutoScreenshot.png
[2018.05.09-17.57.33:164][  0]SourceControl: Info 	modified:   Saved/Autosaves/Game/FirstPersonBP/Maps/LVL_1_Auto1.umap
[2018.05.09-17.57.33:164][  0]SourceControl: Info 	modified:   Saved/Autosaves/Game/FirstPersonBP/Maps/LVL_1_Auto2.umap
[2018.05.09-17.57.33:164][  0]SourceControl: Info 	modified:   Saved/Autosaves/Game/FirstPersonBP/Maps/LVL_1_Auto3.umap
[2018.05.09-17.57.33:164][  0]SourceControl: Info 	deleted:    Saved/Config/CrashReportClient/UE4CC-Windows-03E80A5D4F423FA6338D589745D3075E/CrashReportClient.ini
[2018.05.09-17.57.33:164][  0]SourceControl: Info 	deleted:    Saved/Config/CrashReportClient/UE4CC-Windows-1B938915481F141B16DC598D28C64597/CrashReportClient.ini
[2018.05.09-17.57.33:164][  0]SourceControl: Info 	deleted:    Saved/Config/CrashReportClient/UE4CC-Windows-3738C2AD41270A30EEB1CB94CFECB67B/CrashReportClient.ini
[2018.05.09-17.57.33:164][  0]SourceControl: Info 	deleted:    Saved/Config/CrashReportClient/UE4CC-Windows-CD28EEA54F790A4FE980C694B3A281C6/CrashReportClient.ini
[2018.05.09-17.57.33:164][  0]SourceControl: Info 	deleted:    Saved/Config/CrashReportClient/UE4CC-Windows-E41BD38B4DC09FCAEB07DFBF988AE7FF/CrashReportClient.ini
[2018.05.09-17.57.33:164][  0]SourceControl: Info 	modified:   Saved/Config/Windows/Editor.ini
[2018.05.09-17.57.33:164][  0]SourceControl: Info 	modified:   Saved/Config/Windows/EditorPerProjectUserSettings.ini
[2018.05.09-17.57.33:164][  0]SourceControl: Info 	modified:   Saved/Config/Windows/Engine.ini
[2018.05.09-17.57.33:164][  0]SourceControl: Info 	deleted:    Saved/Logs/Alien_build-backup-2018.05.01-19.04.49.log
[2018.05.09-17.57.33:164][  0]SourceControl: Info 	deleted:    Saved/Logs/Alien_build-backup-2018.05.01-19.12.53.log
[2018.05.09-17.57.33:164][  0]SourceControl: Info 	deleted:    Saved/Logs/Alien_build-backup-2018.05.02-14.02.48.log
[2018.05.09-17.57.33:164][  0]SourceControl: Info 	deleted:    Saved/Logs/Alien_build-backup-2018.05.02-21.45.19.log
[2018.05.09-17.57.33:164][  0]SourceControl: Info 	deleted:    Saved/Logs/Alien_build-backup-2018.05.02-21.55.32.log
[2018.05.09-17.57.33:164][  0]SourceControl: Info 	deleted:    Saved/Logs/Alien_build-backup-2018.05.02-21.57.21.log
[2018.05.09-17.57.33:164][  0]SourceControl: Info 	deleted:    Saved/Logs/Alien_build-backup-2018.05.03-19.13.50.log
[2018.05.09-17.57.33:164][  0]SourceControl: Info 	modified:   Saved/Logs/Alien_build.log
[2018.05.09-17.57.33:164][  0]SourceControl: Info 	deleted:    Saved/Logs/Alien_build_2-backup-2018.04.30-22.10.43.log
[2018.05.09-17.57.33:164][  0]SourceControl: Info Untracked files:
[2018.05.09-17.57.33:164][  0]SourceControl: Info   (use "git add <file>..." to include in what will be committed)
[2018.05.09-17.57.33:164][  0]SourceControl: Info 	Saved/Backup/Digipad_2018-05-06-16-36-10.uasset
[2018.05.09-17.57.33:164][  0]SourceControl: Info 	Saved/Backup/Digipad_2018-05-08-21-36-13.uasset
[2018.05.09-17.57.33:164][  0]SourceControl: Info 	Saved/Backup/Digipad_2018-05-08-21-43-53.uasset
[2018.05.09-17.57.33:164][  0]SourceControl: Info 	Saved/Backup/Digipad_2018-05-08-21-57-59.uasset
[2018.05.09-17.57.33:164][  0]SourceControl: Info 	Saved/Backup/Digipad_2018-05-08-22-20-13.uasset
[2018.05.09-17.57.33:164][  0]SourceControl: Info 	Saved/Backup/Digipad_2018-05-08-22-26-24.uasset
[2018.05.09-17.57.33:164][  0]SourceControl: Info 	Saved/Backup/Digipad_2018-05-08-22-31-48.uasset
[2018.05.09-17.57.33:164][  0]SourceControl: Info 	Saved/Backup/Digipad_2018-05-08-22-43-37.uasset
[2018.05.09-17.57.33:164][  0]SourceControl: Info 	Saved/Backup/Digipad_2018-05-08-22-49-25.uasset
[2018.05.09-17.57.33:164][  0]SourceControl: Info 	Saved/Backup/LVL_1_2018-05-06-16-46-33.umap
[2018.05.09-17.57.33:164][  0]SourceControl: Info 	Saved/Backup/LVL_1_2018-05-06-17-07-53.umap
[2018.05.09-17.57.33:164][  0]SourceControl: Info 	Saved/Backup/LVL_1_2018-05-08-21-47-28.umap
[2018.05.09-17.57.33:164][  0]SourceControl: Info 	Saved/Backup/LVL_1_2018-05-08-21-53-03.umap
[2018.05.09-17.57.33:164][  0]SourceControl: Info 	Saved/Backup/LVL_1_2018-05-08-22-08-56.umap
[2018.05.09-17.57.33:164][  0]SourceControl: Info 	Saved/Backup/LVL_1_2018-05-08-22-21-30.umap
[2018.05.09-17.57.33:164][  0]SourceControl: Info 	Saved/Backup/LVL_1_2018-05-08-22-33-52.umap
[2018.05.09-17.57.33:164][  0]SourceControl: Info 	Saved/Backup/LVL_1_2018-05-08-22-51-35.umap
[2018.05.09-17.57.33:164][  0]SourceControl: Info 	Saved/Backup/LVL_1_BuiltData_2018-05-08-21-53-05.uasset
[2018.05.09-17.57.33:164][  0]SourceControl: Info 	Saved/Backup/SASp1_1_2018-05-08-21-48-18.uasset
[2018.05.09-17.57.33:164][  0]SourceControl: Info 	Saved/Config/CrashReportClient/UE4CC-Windows-0F70F46442EE45642E54818A901F4362/
[2018.05.09-17.57.33:164][  0]SourceControl: Info 	Saved/Config/CrashReportClient/UE4CC-Windows-21DC084B491F9B23F2B30993F6EC01F7/
[2018.05.09-17.57.33:164][  0]SourceControl: Info 	Saved/Logs/Alien_build-backup-2018.05.06-15.20.14.log
[2018.05.09-17.57.33:164][  0]SourceControl: Info 	Saved/Logs/Alien_build-backup-2018.05.08-21.24.37.log
[2018.05.09-17.57.33:164][  0]SourceControl: Info 	Saved/Logs/Alien_build-backup-2018.05.09-19.52.38.log
[2018.05.09-17.57.33:164][  0]SourceControl: Info 	Saved/Screenshots/Windows/ScreenShot00003.png
[2018.05.09-17.57.33:203][  0]LogContentStreaming: Texture pool size now 800 MB
[2018.05.09-17.57.33:924][  3]LogAssetRegistry: Asset discovery search completed in 212.3943 seconds
[2018.05.09-17.57.33:960][  3]LogCollectionManager: Rebuilt the object cache for 0 collections in 0.000001 seconds (found 0 objects)
[2018.05.09-17.57.33:960][  3]LogCollectionManager: Fixed up redirectors for 0 collections in 0.000068 seconds (updated 0 objects)
[2018.05.09-17.57.34:213][  3]LogSlate: Took 0.018195 seconds to synchronously load lazily loaded font '../../../Engine/Content/Slate/Fonts/Roboto-Light.ttf' (159K)
[2018.05.09-20.47.57:082][785]SourceControl: Info fatal: C:/Program Files/Epic Games/UE_4.16/Engine/Content/: 'C:/Program Files/Epic Games/UE_4.16/Engine/Content/' is outside repository
[2018.05.09-20.51.33:280][785]LogSourceControl: FGitCheckInWorker: commit successful
[2018.05.09-20.51.33:479][785]SourceControl: Info [master 591b959] source Alien v1
[2018.05.09-20.51.33:479][785]SourceControl: Info  1 file changed, 0 insertions(+), 0 deletions(-)
[2018.05.09-20.51.33:479][785]SourceControl: Info  rewrite Content/HUDS/Digipad/Digipad.uasset (96%)
[2018.05.09-20.51.33:520][785]SourceControl: Info Commited [master 591b959] source Alien v1.
