Log file open, 04/30/18 19:51:12
LogInit:Display: Running engine for game: Alien_build
LogPlatformFile: Not using cached read wrapper
LogInit:Display: RandInit(1449832269) SRandInit(1449832269).
LogTaskGraph: Started task graph with 5 named threads and 8 total threads with 1 sets of task threads.
LogStats: Stats thread started at 0.229485
LogInit: Using libcurl 7.47.1
LogInit:  - built for x86_64-pc-win32
LogInit:  - supports SSL with OpenSSL/1.0.2g
LogInit:  - supports HTTP deflate (compression) using libz 1.2.8
LogInit:  - other features:
LogInit:      CURL_VERSION_SSL
LogInit:      CURL_VERSION_LIBZ
LogInit:      CURL_VERSION_IPV6
LogInit:      CURL_VERSION_ASYNCHDNS
LogInit:      CURL_VERSION_LARGEFILE
LogInit:      CURL_VERSION_IDN
LogInit:  CurlRequestOptions (configurable via config and command line):
LogInit:  - bVerifyPeer = false  - Libcurl will NOT verify peer certificate
LogInit:  - bUseHttpProxy = false  - Libcurl will NOT use HTTP proxy
LogInit:  - bDontReuseConnections = false  - Libcurl will reuse connections
LogInit:  - CertBundlePath = nullptr  - Libcurl will use whatever was configured at build time.
LogInit: Build: ++UE4+Release-4.16-CL-3561208
LogInit: Engine Version: 4.16.3-3561208+++UE4+Release-4.16
LogInit: Compatible Engine Version: 4.16.0-3452394+++UE4+Release-4.16
LogInit: Net CL: 3452394
LogDevObjectVersion: Number of dev versions registered: 16
LogDevObjectVersion:   Dev-Blueprints (B0D832E4-1F89-4F0D-ACCF-7EB736FD4AA2): 9
LogDevObjectVersion:   Dev-Build (E1C64328-A22C-4D53-A36C-8E866417BD8C): 0
LogDevObjectVersion:   Dev-Core (375EC13C-06E4-48FB-B500-84F0262A717E): 2
LogDevObjectVersion:   Dev-Editor (E4B068ED-F494-42E9-A231-DA0B2E46BB41): 17
LogDevObjectVersion:   Dev-Framework (CFFC743F-43B0-4480-9391-14DF171D2073): 23
LogDevObjectVersion:   Dev-Mobile (B02B49B5-BB20-44E9-A304-32B752E40360): 0
LogDevObjectVersion:   Dev-Networking (A4E4105C-59A1-49B5-A7C5-40C4547EDFEE): 0
LogDevObjectVersion:   Dev-Online (39C831C9-5AE6-47DC-9A44-9C173E1C8E7C): 0
LogDevObjectVersion:   Dev-Physics (78F01B33-EBEA-4F98-B9B4-84EACCB95AA2): 0
LogDevObjectVersion:   Dev-Platform (6631380F-2D4D-43E0-8009-CF276956A95A): 0
LogDevObjectVersion:   Dev-Rendering (12F88B9F-8875-4AFC-A67C-D90C383ABD29): 15
LogDevObjectVersion:   Dev-Sequencer (7B5AE74C-D270-4C10-A958-57980B212A5A): 4
LogDevObjectVersion:   Dev-VR (D7296918-1DD6-4BDD-9DE2-64A83CC13884): 0
LogDevObjectVersion:   Dev-LoadTimes (C2A15278-BFE7-4AFE-6C17-90FF531DF755): 1
LogDevObjectVersion:   Private-Geometry (6EACA3D4-40EC-4CC1-B786-8BED09428FC5): 1
LogDevObjectVersion:   Dev-AnimPhys (29E575DD-E0A3-4627-9D10-D276232CDCEA): 3
LogInit: Compiled (64-bit): Jul 28 2017 11:49:47
LogInit: Compiled with Visual C++: 19.00.24215.01
LogInit: Build Configuration: Development
LogInit: Branch Name: ++UE4+Release-4.16
LogInit: Command line:  
LogInit: Base directory: C:/Program Files/Epic Games/UE_4.16/Engine/Binaries/Win64/
LogInit: Installed Engine Build: 1
LogInit: Presizing for max 8388607 objects, including 0 objects not considered by GC, pre-allocating 0 bytes for permanent pool.
LogInit: Object subsystem initialized
[2018.04.30-17.51.13:342][  0]LogModuleManager:Warning: No filename provided for module ExampleDeviceProfileSelector
[2018.04.30-17.51.13:342][  0]LogModuleManager:Warning: ModuleManager: Unable to load module 'ExampleDeviceProfileSelector' because the file 'C:/Program Files/Epic Games/UE_4.16/Engine/Binaries/Win64/' was not found.
[2018.04.30-17.51.13:343][  0]LogInit: Applying CVar settings loaded from the selected device profile: [Windows]
[2018.04.30-17.51.13:403][  0]LogInit: Computer: DESKTOP-7FDRESD
[2018.04.30-17.51.13:403][  0]LogInit: User: mathi
[2018.04.30-17.51.13:403][  0]LogInit: CPU Page size=4096, Cores=4
[2018.04.30-17.51.13:403][  0]LogInit: High frequency timer resolution =2.437499 MHz
[2018.04.30-17.51.13:404][  0]LogMemory: Memory total: Physical=7.9GB (8GB approx)
[2018.04.30-17.51.13:404][  0]LogMemory: Platform Memory Stats for Windows
[2018.04.30-17.51.13:404][  0]LogMemory: Process Physical Memory: 271.59 MB used, 271.59 MB peak
[2018.04.30-17.51.13:404][  0]LogMemory: Process Virtual Memory: 258.50 MB used, 258.50 MB peak
[2018.04.30-17.51.13:404][  0]LogMemory: Physical Memory: 4136.93 MB used,  3940.72 MB free, 8077.64 MB total
[2018.04.30-17.51.13:404][  0]LogMemory: Virtual Memory: 670.37 MB used,  3940.72 MB free, 134217728.00 MB total
[2018.04.30-17.51.14:394][  0]LogInit: Using OS detected language (fr-FR).
[2018.04.30-17.51.14:394][  0]LogInit: Using OS detected locale (fr-FR).
[2018.04.30-17.51.14:401][  0]LogTextLocalizationManager: No localization for 'fr-FR' exists, so 'en' will be used for the language.
[2018.04.30-17.51.14:402][  0]LogTextLocalizationManager: No localization for 'fr-FR' exists, so 'en' will be used for the locale.
[2018.04.30-17.51.22:653][  0]LogD3D11RHI: D3D11 adapters:
[2018.04.30-17.51.23:010][  0]LogD3D11RHI:    0. 'NVIDIA GeForce GTX 960M' (Feature Level 11_0)
[2018.04.30-17.51.23:010][  0]LogD3D11RHI:       2010/0/4038 MB DedicatedVideo/DedicatedSystem/SharedSystem, Outputs:2, VendorId:0x10de
[2018.04.30-17.51.23:023][  0]LogD3D11RHI:    1. 'Intel(R) HD Graphics 630' (Feature Level 11_0)
[2018.04.30-17.51.23:023][  0]LogD3D11RHI:       128/0/4038 MB DedicatedVideo/DedicatedSystem/SharedSystem, Outputs:0, VendorId:0x8086
[2018.04.30-17.51.23:027][  0]LogD3D11RHI:    2. 'Microsoft Basic Render Driver' (Feature Level 11_0)
[2018.04.30-17.51.23:027][  0]LogD3D11RHI:       0/0/4038 MB DedicatedVideo/DedicatedSystem/SharedSystem, Outputs:0, VendorId:0x1414
[2018.04.30-17.51.23:027][  0]LogD3D11RHI: Chosen D3D11 Adapter: 0
[2018.04.30-17.51.23:036][  0]LogD3D11RHI: Creating new Direct3DDevice
[2018.04.30-17.51.23:036][  0]LogD3D11RHI:     GPU DeviceId: 0x139b (for the marketing name, search the web for "GPU Device Id")
[2018.04.30-17.51.23:036][  0]LogWindows: EnumDisplayDevices:
[2018.04.30-17.51.23:036][  0]LogWindows:    0. 'Intel(R) HD Graphics 630' (P:1 D:1)
[2018.04.30-17.51.23:037][  0]LogWindows:    1. 'Intel(R) HD Graphics 630' (P:0 D:1)
[2018.04.30-17.51.23:037][  0]LogWindows:    2. 'Intel(R) HD Graphics 630' (P:0 D:0)
[2018.04.30-17.51.23:038][  0]LogWindows: DebugString: GetVideoDriverDetailsInvalid PrimaryIsNotTheChoosenAdapter GetVideoDriverDetailsInvalid PrimaryIsNotTheChoosenAdapter GetVideoDriverDetailsInvalid PrimaryIsNotTheChoosenAdapter FoundDriverCount:0 
[2018.04.30-17.51.23:038][  0]LogD3D11RHI:     Adapter Name: NVIDIA GeForce GTX 960M
[2018.04.30-17.51.23:038][  0]LogD3D11RHI:   Driver Version: Unknown (internal:Unknown, unified:Unknown)
[2018.04.30-17.51.23:038][  0]LogD3D11RHI:      Driver Date: Unknown
[2018.04.30-17.51.23:038][  0]LogRHI: Texture pool is 1361 MB (70% of 1945 MB)
[2018.04.30-17.51.23:075][  0]LogD3D11RHI: Async texture creation enabled
[2018.04.30-17.51.23:487][  0]LogD3D11RHI: GPU Timing Frequency: 1000.000000 (Debug: 2 2)
[2018.04.30-17.51.23:488][  0]LogShaderCompilers: Guid format shader working directory is -14 characters bigger than the processId version (../../../../../../Users/mathi/Desktop/Alien_build/Alien_rep/Intermediate/Shaders/WorkingDirectory/10304/).
[2018.04.30-17.51.23:489][  0]LogShaderCompilers: Cleaned the shader compiler working directory 'C:/Users/mathi/AppData/Local/Temp/UnrealShaderWorkingDir/50A061E748EB8DAA1263A89F24AA624D/'.
[2018.04.30-17.51.23:489][  0]LogShaderCompilers:Display: Using Local Shader Compiler.
[2018.04.30-17.51.30:102][  0]LogTemp:Display: Loaded TP AllDesktopTargetPlatform
[2018.04.30-17.51.30:698][  0]LogTemp:Display: Loaded TP MacClientTargetPlatform
[2018.04.30-17.51.31:101][  0]LogTemp:Display: Loaded TP MacNoEditorTargetPlatform
[2018.04.30-17.51.31:299][  0]LogTemp:Display: Loaded TP MacServerTargetPlatform
[2018.04.30-17.51.31:511][  0]LogTemp:Display: Loaded TP MacTargetPlatform
[2018.04.30-17.51.31:710][  0]LogTemp:Display: Loaded TP WindowsClientTargetPlatform
[2018.04.30-17.51.31:907][  0]LogTemp:Display: Loaded TP WindowsNoEditorTargetPlatform
[2018.04.30-17.51.32:099][  0]LogTemp:Display: Loaded TP WindowsServerTargetPlatform
[2018.04.30-17.51.32:307][  0]LogTemp:Display: Loaded TP WindowsTargetPlatform
[2018.04.30-17.51.32:512][  0]LogTemp:Display: Loaded TP AndroidTargetPlatform
[2018.04.30-17.51.32:726][  0]LogTemp:Display: Loaded TP Android_ASTCTargetPlatform
[2018.04.30-17.51.32:919][  0]LogTemp:Display: Loaded TP Android_ATCTargetPlatform
[2018.04.30-17.51.33:139][  0]LogTemp:Display: Loaded TP Android_DXTTargetPlatform
[2018.04.30-17.51.33:332][  0]LogTemp:Display: Loaded TP Android_ETC1TargetPlatform
[2018.04.30-17.51.33:573][  0]LogTemp:Display: Loaded TP Android_ETC2TargetPlatform
[2018.04.30-17.51.34:036][  0]LogTemp:Display: Loaded TP Android_MultiTargetPlatform
[2018.04.30-17.51.34:036][  0]LogTemp:Display: Loaded TP Android_PVRTCTargetPlatform
[2018.04.30-17.51.34:269][  0]LogTemp:Display: Loaded TP HTML5TargetPlatform
[2018.04.30-17.51.34:760][  0]LogTemp:Display: Loaded TP IOSTargetPlatform
[2018.04.30-17.51.34:898][  0]LogTemp:Display: Loaded TP TVOSTargetPlatform
[2018.04.30-17.51.35:129][  0]LogTemp:Display: Loaded TP LinuxClientTargetPlatform
[2018.04.30-17.51.35:381][  0]LogTemp:Display: Loaded TP LinuxNoEditorTargetPlatform
[2018.04.30-17.51.35:628][  0]LogTemp:Display: Loaded TP LinuxServerTargetPlatform
[2018.04.30-17.51.35:916][  0]LogTemp:Display: Loaded TP LinuxTargetPlatform
[2018.04.30-17.51.35:916][  0]LogTargetPlatformManager:Display: Building Assets For Windows
[2018.04.30-17.51.38:938][  0]LogDerivedDataCache:Display: Max Cache Size: 512 MB
[2018.04.30-17.51.40:866][  0]LogDerivedDataCache: Loaded boot cache 1.93s 90MB C:/Users/mathi/AppData/Local/UnrealEngine/4.16/DerivedDataCache/Boot.ddc.
[2018.04.30-17.51.40:866][  0]LogDerivedDataCache:Display: Loaded Boot cache: C:/Users/mathi/AppData/Local/UnrealEngine/4.16/DerivedDataCache/Boot.ddc
[2018.04.30-17.51.40:866][  0]LogDerivedDataCache: FDerivedDataBackendGraph:  Pak pak cache file ../../../../../../Users/mathi/Desktop/Alien_build/Alien_rep/DerivedDataCache/DDC.ddp not found, will not use a pak cache.
[2018.04.30-17.51.40:866][  0]LogDerivedDataCache: Unable to find inner node Pak for hierarchical cache Hierarchy.
[2018.04.30-17.51.40:866][  0]LogDerivedDataCache: FDerivedDataBackendGraph:  CompressedPak pak cache file ../../../../../../Users/mathi/Desktop/Alien_build/Alien_rep/DerivedDataCache/Compressed.ddp not found, will not use a pak cache.
[2018.04.30-17.51.40:866][  0]LogDerivedDataCache: Unable to find inner node CompressedPak for hierarchical cache Hierarchy.
[2018.04.30-17.51.40:921][  0]LogDerivedDataCache:Display: Pak cache opened for reading ../../../Engine/DerivedDataCache/Compressed.ddp.
[2018.04.30-17.51.40:934][  0]LogDerivedDataCache: Using Local data cache path C:/Users/mathi/AppData/Local/UnrealEngine/Common/DerivedDataCache: Writable
[2018.04.30-17.51.40:944][  0]LogMaterial: Verifying Global Shaders for PCD3D_SM5
[2018.04.30-17.51.40:945][  0]LogSlate: Using Freetype 2.6.0
[2018.04.30-17.51.40:980][  0]LogSlate: SlateFontCache - WITH_FREETYPE: 1, WITH_HARFBUZZ: 1
[2018.04.30-17.51.40:980][  0]LogSlate: SlateFontCache - WITH_FREETYPE: 1, WITH_HARFBUZZ: 1
[2018.04.30-17.51.45:755][  0]LogModuleManager:Warning: No filename provided for module ExampleDeviceProfileSelector
[2018.04.30-17.51.45:756][  0]LogModuleManager:Warning: ModuleManager: Unable to load module 'ExampleDeviceProfileSelector' because the file 'C:/Program Files/Epic Games/UE_4.16/Engine/Binaries/Win64/' was not found.
[2018.04.30-17.51.45:951][  0]LogContentStreaming: Texture pool size is 0.00 MB
[2018.04.30-17.51.46:430][  0]LogMeshUtilities: Using QuadricMeshReduction for automatic static mesh reduction
[2018.04.30-17.51.46:681][  0]LogSimplygon: Simplygon DLL not present - disabling.
[2018.04.30-17.51.46:906][  0]LogMeshUtilities: Using SimplygonSwarm for distributed automatic mesh merging
[2018.04.30-17.51.46:906][  0]LogMeshUtilities: No automatic skeletal mesh reduction module available
[2018.04.30-17.51.46:906][  0]LogMeshUtilities: No automatic mesh merging module available
[2018.04.30-17.51.48:832][  0]LogNetVersion: Alien_build , NetCL: 3452394, EngineNetVer: 2, GameNetVer: 0 (Checksum: 2330291340)
[2018.04.30-17.51.49:068][  0]LogAssetRegistry: FAssetRegistry took 0.0284 seconds to start up
[2018.04.30-17.51.49:235][  0]LogPackageLocalizationCache: Processed 6 localized package path(s) for 1 prioritized culture(s) in 0.061782 seconds
[2018.04.30-17.51.49:241][  0]LogUObjectArray: 33812 objects as part of root set at end of initial load.
[2018.04.30-17.51.49:241][  0]LogUObjectAllocator: 6959544 out of 0 bytes used by permanent object pool.
[2018.04.30-17.51.49:241][  0]LogUObjectArray: CloseDisregardForGC: 0/0 objects in disregard for GC pool
[2018.04.30-17.51.49:542][  0]LogInit: WinSock: version 1.1 (2.2), MaxSocks=32767, MaxUdp=65467
[2018.04.30-17.52.28:965][  0]LogSteamAudio: FSteamAudioModule Startup
[2018.04.30-17.52.28:965][  0]LogSteamAudio: Attempting to load ../../../Engine/Binaries/ThirdParty/Phonon/Win64/phonon.dll
[2018.04.30-17.52.29:036][  0]LogSteamAudio: Loaded ../../../Engine/Binaries/ThirdParty/Phonon/Win64/phonon.dll.
[2018.04.30-17.52.30:295][  0]LogMaterial: Uniform references updated for custom material expression Custom.
[2018.04.30-17.52.31:917][  0]SourceControl: Info Source control is disabled
[2018.04.30-17.52.36:130][  0]LogAnsel: Tried to load ../../../Engine/Plugins/Runtime/Nvidia/Ansel/Binaries/ThirdParty/AnselSDK64.dll : success=1
[2018.04.30-17.52.37:399][  0]LogLinker:Warning: Can't find file '/Script/OnlineSubsystemUtils'
[2018.04.30-17.52.37:399][  0]LogLinker:Warning: Can't find file '/Script/OnlineSubsystemUtils'
[2018.04.30-17.52.37:784][  0]LogEngine: Initializing Engine...
[2018.04.30-17.52.37:790][  0]LogHMD: Failed to initialize OpenVR with code 101
[2018.04.30-17.52.38:087][  0]LogStats: UGameplayTagsManager::ConstructGameplayTagTree: Construct from data asset -  0.000 s
[2018.04.30-17.52.38:087][  0]LogStats: UGameplayTagsManager::ConstructGameplayTagTree: GameplayTagTreeChangedEvent.Broadcast -  0.000 s
[2018.04.30-17.52.38:660][  0]LogAIModule: Creating AISystem for world Untitled
[2018.04.30-17.52.38:765][  0]LogInit: XAudio2 using 'Haut-parleurs (Realtek High Definition Audio)' : 6 channels at 48 kHz using 32 bits per sample (channel mask 0x3f)
[2018.04.30-17.52.39:098][  0]LogInit: FAudioDevice initialized.
[2018.04.30-17.52.39:179][  0]LogDerivedDataCache: Saved boot cache 0.08s 90MB C:/Users/mathi/AppData/Local/UnrealEngine/4.16/DerivedDataCache/Boot.ddc.
[2018.04.30-17.52.39:200][  0]LogInit: Texture streaming: Enabled
[2018.04.30-17.52.39:844][  0]LogEngineSessionManager: EngineSessionManager initialized
[2018.04.30-17.52.41:650][  0]LogInit: Transaction tracking system initialized
[2018.04.30-17.52.43:265][  0]BlueprintLog: New page: Editor Load
[2018.04.30-17.52.48:579][  0]LocalizationService: Info Localization service is disabled
[2018.04.30-17.52.50:320][  0]LogModuleManager:Warning: No filename provided for module TcpMessaging
[2018.04.30-17.52.50:320][  0]LogModuleManager:Warning: ModuleManager: Unable to load module 'TcpMessaging' because the file 'C:/Program Files/Epic Games/UE_4.16/Engine/Binaries/Win64/' was not found.
[2018.04.30-17.52.52:664][  0]LogConsoleResponse:Display: 
[2018.04.30-17.52.54:077][  0]LogCook:Display: Max memory allowance for cook 16384mb min free memory 0mb
[2018.04.30-17.52.54:078][  0]LogCook:Display: Mobile HDR setting 1
[2018.04.30-17.52.54:811][  0]LogFileCache: Scanning file cache for directory 'C:/Users/mathi/Desktop/Alien_build/Alien_rep/Content/' took 0.05s
[2018.04.30-17.52.59:854][  0]Cmd: MAP LOAD FILE="../../../../../../Users/mathi/Desktop/Alien_build/Alien_rep/Content/HUDS/Menu/Menu_principal.umap" TEMPLATE=0 SHOWPROGRESS=1 FEATURELEVEL=3
[2018.04.30-17.52.59:855][  0]LightingResults: New page: Lighting Build
[2018.04.30-17.53.00:036][  0]MapCheck: New page: Map Check
[2018.04.30-17.53.00:036][  0]LightingResults: New page: Lighting Build
[2018.04.30-17.53.01:593][  0]LogAIModule: Creating AISystem for world Menu_principal
[2018.04.30-17.53.01:595][  0]LogEditorServer: Finished looking for orphan Actors (0.000 secs)
[2018.04.30-17.53.01:605][  0]Cmd: MAP CHECKDEP NOCLEARLOG
[2018.04.30-17.53.01:766][  0]MapCheck: Info Map check complete: 0 Error(s), 0 Warning(s), took 160.234ms to complete.
[2018.04.30-17.53.01:766][  0]LogFileHelpers: Loading map 'Menu_principal' took 1.912
[2018.04.30-17.53.02:243][  0]LogCollectionManager: Loaded 0 collections in 0.002767 seconds
[2018.04.30-17.53.02:484][  0]LogFileCache: Scanning file cache for directory 'C:/Users/mathi/Desktop/Alien_build/Alien_rep/Saved/Collections/' took 0.01s
[2018.04.30-17.53.02:484][  0]LogFileCache: Scanning file cache for directory 'C:/Users/mathi/Desktop/Alien_build/Alien_rep/Content/Developers/mathi/Collections/' took 0.01s
[2018.04.30-17.53.02:484][  0]LogFileCache: Scanning file cache for directory 'C:/Users/mathi/Desktop/Alien_build/Alien_rep/Content/Collections/' took 0.01s
[2018.04.30-17.53.02:484][  0]LogCollectionManager: Rebuilt the GUID cache for 0 collections in 0.000002 seconds
[2018.04.30-17.53.02:502][  0]LogContentBrowser: Native class hierarchy populated in 0.0174 seconds. Added 2320 classes and 474 folders.
[2018.04.30-17.53.02:798][  0]LogContentBrowser: Native class hierarchy updated for 'WidgetCarousel' in 0.0069 seconds. Added 0 classes and 0 folders.
[2018.04.30-17.53.04:747][  0]LogContentBrowser: Native class hierarchy updated for 'AddContentDialog' in 0.0169 seconds. Added 0 classes and 0 folders.
[2018.04.30-17.53.04:995][  0]LogContentBrowser: Native class hierarchy updated for 'SceneOutliner' in 0.0067 seconds. Added 1 classes and 2 folders.
[2018.04.30-17.53.05:339][  0]LogCrashTracker: Crashtracker disabled due to settings.
[2018.04.30-17.53.05:371][  0]LogSlate: Took 0.026126 seconds to synchronously load lazily loaded font '../../../Engine/Content/Slate/Fonts/Roboto-Regular.ttf' (155K)
[2018.04.30-17.53.05:388][  0]LogSlate: Took 0.014810 seconds to synchronously load lazily loaded font '../../../Engine/Content/Slate/Fonts/Roboto-Bold.ttf' (160K)
[2018.04.30-17.53.05:411][  0]LogSlate: Took 0.016109 seconds to synchronously load lazily loaded font '../../../Engine/Content/Editor/Slate/Fonts/FontAwesome.ttf' (139K)
[2018.04.30-17.53.05:613][  0]LogRenderer: Reallocating scene render targets to support 1208x572 NumSamples 1 (Frame:1).
[2018.04.30-17.53.05:808][  0]LogUObjectGlobals:Warning: Failed to find object 'Class None.'
[2018.04.30-17.53.06:103][  0]LogContentBrowser: Native class hierarchy updated for 'HierarchicalLODOutliner' in 0.0068 seconds. Added 1 classes and 2 folders.
[2018.04.30-17.53.06:104][  0]LogLoad: (Engine Initialization) Total time: 119.35 seconds
[2018.04.30-17.53.06:104][  0]LogLoad: (Engine Initialization) Total Blueprint compile time: 0.33 seconds
[2018.04.30-17.53.06:104][  0]LogExternalProfiler: Found external profiler: VSPerf
[2018.04.30-17.53.06:104][  0]LogExternalProfiler: Using external profiler: VSPerf
[2018.04.30-17.53.06:445][  0]LogOcInput: OculusInput pre-init called
[2018.04.30-17.53.06:445][  0]LogHMD: Starting GearVRController plugin
[2018.04.30-17.53.06:466][  0]SourceControl: Info On branch master
[2018.04.30-17.53.06:466][  0]SourceControl: Info Your branch is up to date with 'origin/master'.
[2018.04.30-17.53.06:466][  0]SourceControl: Info Changes not staged for commit:
[2018.04.30-17.53.06:466][  0]SourceControl: Info   (use "git add <file>..." to update what will be committed)
[2018.04.30-17.53.06:466][  0]SourceControl: Info   (use "git checkout -- <file>..." to discard changes in working directory)
[2018.04.30-17.53.06:466][  0]SourceControl: Info 	modified:   Intermediate/CachedAssetRegistry.bin
[2018.04.30-17.53.06:466][  0]SourceControl: Info 	modified:   Saved/Config/Windows/Engine.ini
[2018.04.30-17.53.06:466][  0]SourceControl: Info 	modified:   Saved/Logs/Alien_build.log
[2018.04.30-17.53.06:466][  0]SourceControl: Info Untracked files:
[2018.04.30-17.53.06:466][  0]SourceControl: Info   (use "git add <file>..." to include in what will be committed)
[2018.04.30-17.53.06:466][  0]SourceControl: Info 	Saved/Config/CrashReportClient/UE4CC-Windows-DDF8E2BC46761D633EEFB08F939B25A6/
[2018.04.30-17.53.06:466][  0]SourceControl: Info 	Saved/Logs/Alien_build-backup-2018.04.30-19.51.12.log
[2018.04.30-17.53.06:466][  0]SourceControl: Info no changes added to commit (use "git add" and/or "git commit -a")
[2018.04.30-17.53.06:467][  0]LogContentStreaming: Texture pool size now 800 MB
[2018.04.30-17.53.06:595][  0]LogSlate: Took 0.020386 seconds to synchronously load lazily loaded font '../../../Engine/Content/Slate/Fonts/Roboto-Light.ttf' (159K)
[2018.04.30-17.53.06:806][  1]LogAssetRegistry: Asset discovery search completed in 77.7616 seconds
[2018.04.30-17.53.06:808][  1]LogCollectionManager: Rebuilt the object cache for 0 collections in 0.000000 seconds (found 0 objects)
[2018.04.30-17.53.06:808][  1]LogCollectionManager: Fixed up redirectors for 0 collections in 0.000081 seconds (updated 0 objects)
[2018.04.30-17.53.07:471][  3]LogSlate: Took 0.000295 seconds to synchronously load lazily loaded font '../../../Engine/Content/Slate/Fonts/Roboto-Light.ttf' (159K)
[2018.04.30-19.58.26:244][153]Cmd: QUIT_EDITOR
[2018.04.30-19.58.27:259][153]LogWindowsTextInputMethodSystem:Display: IME system now deactivated.
[2018.04.30-19.58.27:260][153]LogWindowsTextInputMethodSystem:Display: IME system now deactivated.
[2018.04.30-19.58.27:388][153]LogExit: Preparing to exit.
[2018.04.30-19.58.28:633][153]LogDirectoryWatcher: A directory notification for 'C:/Users/mathi/Desktop/Alien_build/Alien_rep/Content/' was aborted.
[2018.04.30-19.58.29:024][153]LogExit: Editor shut down
[2018.04.30-19.58.29:057][153]LogExit: Transaction tracking system shut down
[2018.04.30-19.58.35:344][153]LogObj: Freed 0b from 0 cluster array pools.
[2018.04.30-19.58.35:344][153]LogExit: Object subsystem successfully closed.
[2018.04.30-19.58.36:338][153]LogD3D11RHI: Shutdown
[2018.04.30-19.58.36:338][153]LogD3D11RHI: CleanupD3DDevice
[2018.04.30-19.58.36:807][153]LogD3D11RHI: ~FD3D11DynamicRHI
[2018.04.30-19.58.37:974][153]LogModuleManager: Shutting down and abandoning module HierarchicalLODOutliner (504)
[2018.04.30-19.58.38:013][153]LogModuleManager: Shutting down and abandoning module CrashTracker (502)
[2018.04.30-19.58.38:013][153]LogModuleManager: Shutting down and abandoning module SceneOutliner (500)
[2018.04.30-19.58.38:016][153]LogModuleManager: Shutting down and abandoning module AddContentDialog (498)
[2018.04.30-19.58.38:038][153]LogDirectoryWatcher: A directory notification for 'C:/Program Files/Epic Games/UE_4.16/FeaturePacks/' was aborted.
[2018.04.30-19.58.38:047][153]LogModuleManager: Shutting down and abandoning module WidgetCarousel (497)
[2018.04.30-19.58.38:047][153]LogModuleManager: Shutting down and abandoning module EditorWidgets (494)
[2018.04.30-19.58.38:047][153]LogModuleManager: Shutting down and abandoning module CollectionManager (492)
[2018.04.30-19.58.38:047][153]LogDirectoryWatcher: A directory notification for 'C:/Users/mathi/Desktop/Alien_build/Alien_rep/Content/Collections/' was aborted.
[2018.04.30-19.58.38:047][153]LogDirectoryWatcher: A directory notification for 'C:/Users/mathi/Desktop/Alien_build/Alien_rep/Content/Developers/mathi/Collections/' was aborted.
[2018.04.30-19.58.38:047][153]LogDirectoryWatcher: A directory notification for 'C:/Users/mathi/Desktop/Alien_build/Alien_rep/Saved/Collections/' was aborted.
[2018.04.30-19.58.38:049][153]LogModuleManager: Shutting down and abandoning module StatsViewer (490)
[2018.04.30-19.58.38:059][153]LogModuleManager: Shutting down and abandoning module FoliageEdit (488)
[2018.04.30-19.58.38:059][153]LogModuleManager: Shutting down and abandoning module LandscapeEditor (486)
[2018.04.30-19.58.38:099][153]LogModuleManager: Shutting down and abandoning module MeshPaintMode (484)
[2018.04.30-19.58.38:099][153]LogModuleManager: Shutting down and abandoning module SceneDepthPickerMode (482)
[2018.04.30-19.58.38:099][153]LogModuleManager: Shutting down and abandoning module ActorPickerMode (480)
[2018.04.30-19.58.38:099][153]LogModuleManager: Shutting down and abandoning module GeometryMode (478)
[2018.04.30-19.58.38:099][153]LogModuleManager: Shutting down and abandoning module TextureAlignMode (476)
[2018.04.30-19.58.38:099][153]LogModuleManager: Shutting down and abandoning module BspMode (474)
[2018.04.30-19.58.38:110][153]LogModuleManager: Shutting down and abandoning module HardwareSurvey (472)
[2018.04.30-19.58.38:121][153]LogModuleManager: Shutting down and abandoning module SequenceRecorderSections (470)
[2018.04.30-19.58.38:129][153]LogModuleManager: Shutting down and abandoning module SequenceRecorder (468)
[2018.04.30-19.58.38:199][153]LogModuleManager: Shutting down and abandoning module AutomationWorker (466)
[2018.04.30-19.58.38:210][153]LogModuleManager: Shutting down and abandoning module SteamAudioEditor (464)
[2018.04.30-19.58.38:210][153]LogModuleManager: Shutting down and abandoning module LevelSequenceEditor (462)
[2018.04.30-19.58.38:302][153]LogModuleManager: Shutting down and abandoning module PlacementMode (461)
[2018.04.30-19.58.38:302][153]LogModuleManager: Shutting down and abandoning module WmfMediaFactory (458)
[2018.04.30-19.58.38:302][153]LogModuleManager: Shutting down and abandoning module Media (457)
[2018.04.30-19.58.38:302][153]LogModuleManager: Shutting down and abandoning module WmfMediaEditor (454)
[2018.04.30-19.58.38:302][153]LogModuleManager: Shutting down and abandoning module ControlRigEditor (452)
[2018.04.30-19.58.38:383][153]LogModuleManager: Shutting down and abandoning module CharacterAI (450)
[2018.04.30-19.58.38:383][153]LogModuleManager: Shutting down and abandoning module SmartSnapping (448)
[2018.04.30-19.58.38:383][153]LogModuleManager: Shutting down and abandoning module SessionServices (446)
[2018.04.30-19.58.38:383][153]LogModuleManager: Shutting down and abandoning module ViewportSnapping (444)
[2018.04.30-19.58.38:383][153]LogModuleManager: Shutting down and abandoning module ViewportInteraction (442)
[2018.04.30-19.58.38:383][153]LogModuleManager: Shutting down and abandoning module ClothPainter (440)
[2018.04.30-19.58.38:473][153]LogModuleManager: Shutting down and abandoning module LogVisualizer (438)
[2018.04.30-19.58.38:516][153]LogModuleManager: Shutting down and abandoning module IntroTutorials (436)
[2018.04.30-19.58.38:537][153]LogModuleManager: Shutting down and abandoning module GameProjectGeneration (435)
[2018.04.30-19.58.38:555][153]LogModuleManager: Shutting down and abandoning module EditorLiveStreaming (432)
[2018.04.30-19.58.38:555][153]LogModuleManager: Shutting down and abandoning module IOSPlatformEditor (430)
[2018.04.30-19.58.38:564][153]LogModuleManager: Shutting down and abandoning module HTML5PlatformEditor (428)
[2018.04.30-19.58.38:564][153]LogModuleManager: Shutting down and abandoning module AndroidPlatformEditor (426)
[2018.04.30-19.58.38:564][153]LogModuleManager: Shutting down and abandoning module AndroidDeviceDetection (424)
[2018.04.30-19.58.39:317][153]LogModuleManager: Shutting down and abandoning module IOSRuntimeSettings (421)
[2018.04.30-19.58.39:317][153]LogModuleManager: Shutting down and abandoning module AndroidRuntimeSettings (419)
[2018.04.30-19.58.39:317][153]LogModuleManager: Shutting down and abandoning module InputBindingEditor (417)
[2018.04.30-19.58.39:342][153]LogModuleManager: Shutting down and abandoning module MergeActors (415)
[2018.04.30-19.58.39:380][153]LogModuleManager: Shutting down and abandoning module SizeMap (413)
[2018.04.30-19.58.39:380][153]LogModuleManager: Shutting down and abandoning module TreeMap (411)
[2018.04.30-19.58.39:395][153]LogModuleManager: Shutting down and abandoning module ReferenceViewer (409)
[2018.04.30-19.58.39:427][153]LogModuleManager: Shutting down and abandoning module LocalizationDashboard (407)
[2018.04.30-19.58.39:488][153]LogModuleManager: Shutting down and abandoning module LocalizationService (406)
[2018.04.30-19.58.39:498][153]LogModuleManager: Shutting down and abandoning module HardwareTargeting (403)
[2018.04.30-19.58.39:498][153]LogModuleManager: Shutting down and abandoning module DeviceProfileEditor (401)
[2018.04.30-19.58.39:503][153]LogModuleManager: Shutting down and abandoning module UndoHistory (399)
[2018.04.30-19.58.39:536][153]LogModuleManager: Shutting down and abandoning module UserFeedback (397)
[2018.04.30-19.58.39:536][153]LogModuleManager: Shutting down and abandoning module XmlParser (395)
[2018.04.30-19.58.39:574][153]LogModuleManager: Shutting down and abandoning module Blutility (393)
[2018.04.30-19.58.39:613][153]LogModuleManager: Shutting down and abandoning module ProjectSettingsViewer (391)
[2018.04.30-19.58.39:613][153]LogModuleManager: Shutting down and abandoning module ProjectTargetPlatformEditor (390)
[2018.04.30-19.58.39:613][153]LogModuleManager: Shutting down and abandoning module EditorSettingsViewer (387)
[2018.04.30-19.58.39:613][153]LogModuleManager: Shutting down and abandoning module SettingsEditor (385)
[2018.04.30-19.58.39:741][153]LogModuleManager: Shutting down and abandoning module ProjectLauncher (383)
[2018.04.30-19.58.39:787][153]LogModuleManager: Shutting down and abandoning module SessionFrontend (381)
[2018.04.30-19.58.39:814][153]LogModuleManager: Shutting down and abandoning module ProfilerClient (379)
[2018.04.30-19.58.39:861][153]LogModuleManager: Shutting down and abandoning module DeviceManager (377)
[2018.04.30-19.58.39:972][153]LogModuleManager: Shutting down and abandoning module TargetDeviceServices (376)
[2018.04.30-19.58.40:047][153]LogModuleManager: Shutting down and abandoning module AutomationController (373)
[2018.04.30-19.58.40:079][153]LogModuleManager: Shutting down and abandoning module AutomationWindow (371)
[2018.04.30-19.58.40:128][153]LogModuleManager: Shutting down and abandoning module Layers (369)
[2018.04.30-19.58.40:210][153]LogModuleManager: Shutting down and abandoning module ComponentVisualizers (367)
[2018.04.30-19.58.40:210][153]LogModuleManager: Shutting down and abandoning module DetailCustomizations (365)
[2018.04.30-19.58.40:324][153]LogModuleManager: Shutting down and abandoning module PackagesDialog (363)
[2018.04.30-19.58.40:391][153]LogModuleManager: Shutting down and abandoning module Persona (361)
[2018.04.30-19.58.40:512][153]LogModuleManager: Shutting down and abandoning module AdvancedPreviewScene (360)
[2018.04.30-19.58.40:512][153]LogModuleManager: Shutting down and abandoning module AnimGraph (358)
[2018.04.30-19.58.40:512][153]LogModuleManager: Shutting down and abandoning module Kismet (355)
[2018.04.30-19.58.40:570][153]LogModuleManager: Shutting down and abandoning module ClassViewer (353)
[2018.04.30-19.58.40:570][153]LogModuleManager: Shutting down and abandoning module Toolbox (351)
[2018.04.30-19.58.40:580][153]LogModuleManager: Shutting down and abandoning module ModuleUI (349)
[2018.04.30-19.58.40:630][153]LogModuleManager: Shutting down and abandoning module MovieSceneTools (347)
[2018.04.30-19.58.40:656][153]LogModuleManager: Shutting down and abandoning module OutputLog (345)
[2018.04.30-19.58.40:656][153]LogModuleManager: Shutting down and abandoning module GammaUI (343)
[2018.04.30-19.58.40:677][153]LogModuleManager: Shutting down and abandoning module Documentation (341)
[2018.04.30-19.58.40:677][153]LogModuleManager: Shutting down and abandoning module MovieSceneTracks (339)
[2018.04.30-19.58.40:677][153]LogModuleManager: Shutting down and abandoning module MovieScene (337)
[2018.04.30-19.58.40:677][153]LogModuleManager: Shutting down and abandoning module GeometryCache (335)
[2018.04.30-19.58.40:745][153]LogModuleManager: Shutting down and abandoning module GeometryCacheEd (334)
[2018.04.30-19.58.40:745][153]LogModuleManager: Shutting down and abandoning module Niagara (331)
[2018.04.30-19.58.40:745][153]LogModuleManager: Shutting down and abandoning module NiagaraEditor (330)
[2018.04.30-19.58.40:805][153]LogModuleManager: Shutting down and abandoning module StreamingPauseRendering (327)
[2018.04.30-19.58.40:805][153]LogModuleManager: Shutting down and abandoning module AnalyticsET (325)
[2018.04.30-19.58.40:805][153]LogModuleManager: Shutting down and abandoning module PortalServices (323)
[2018.04.30-19.58.40:805][153]LogModuleManager: Shutting down and abandoning module PortalRpc (321)
[2018.04.30-19.58.40:805][153]LogModuleManager: Shutting down and abandoning module MessagingRpc (319)
[2018.04.30-19.58.40:805][153]LogModuleManager: Shutting down and abandoning module AIModule (317)
[2018.04.30-19.58.40:805][153]LogModuleManager: Shutting down and abandoning module GameplayDebugger (316)
[2018.04.30-19.58.40:820][153]LogModuleManager: Shutting down and abandoning module AITestSuite (314)
[2018.04.30-19.58.40:823][153]LogModuleManager: Shutting down and abandoning module ProfilerService (311)
[2018.04.30-19.58.41:068][153]LogModuleManager: Shutting down and abandoning module TaskGraph (309)
[2018.04.30-19.58.41:104][153]LogModuleManager: Shutting down and abandoning module SteamVRController (307)
[2018.04.30-19.58.41:104][153]LogModuleManager: Shutting down and abandoning module SteamVR (305)
[2018.04.30-19.58.41:104][153]LogModuleManager: Shutting down and abandoning module ProceduralMeshComponentEditor (303)
[2018.04.30-19.58.41:126][153]LogModuleManager: Shutting down and abandoning module ProceduralMeshComponent (301)
[2018.04.30-19.58.41:138][153]LogModuleManager: Shutting down and abandoning module OculusLibrary (299)
[2018.04.30-19.58.41:138][153]LogModuleManager: Shutting down and abandoning module OculusInput (297)
[2018.04.30-19.58.41:138][153]LogModuleManager: Shutting down and abandoning module Ansel (295)
[2018.04.30-19.58.41:170][153]LogModuleManager: Shutting down and abandoning module CustomMeshComponent (293)
[2018.04.30-19.58.41:170][153]LogModuleManager: Shutting down and abandoning module CableComponent (291)
[2018.04.30-19.58.41:175][153]LogModuleManager: Shutting down and abandoning module ArchVisCharacter (289)
[2018.04.30-19.58.41:175][153]LogModuleManager: Shutting down and abandoning module MediaPlayerEditor (287)
[2018.04.30-19.58.41:225][153]LogModuleManager: Shutting down and abandoning module HTML5Networking (285)
[2018.04.30-19.58.41:225][153]LogModuleManager: Shutting down and abandoning module CodeView (283)
[2018.04.30-19.58.41:241][153]LogModuleManager: Shutting down and abandoning module CodeEditor (281)
[2018.04.30-19.58.41:250][153]LogModuleManager: Shutting down and abandoning module SuperSearchEditor (279)
[2018.04.30-19.58.41:250][153]LogModuleManager: Shutting down and abandoning module SuperSearch (278)
[2018.04.30-19.58.41:250][153]LogModuleManager: Shutting down and abandoning module PluginBrowser (275)
[2018.04.30-19.58.41:364][153]LogModuleManager: Shutting down and abandoning module MobileLauncherProfileWizard (273)
[2018.04.30-19.58.41:427][153]LogModuleManager: Shutting down and abandoning module VisualStudioSourceCodeAccess (271)
[2018.04.30-19.58.41:427][153]LogModuleManager: Shutting down and abandoning module DesktopPlatform (270)
[2018.04.30-19.58.41:444][153]LogModuleManager: Shutting down and abandoning module SubversionSourceControl (267)
[2018.04.30-19.58.41:508][153]LogModuleManager: Shutting down and abandoning module PerforceSourceControl (265)
[2018.04.30-19.58.41:551][153]LogModuleManager: Shutting down and abandoning module GitSourceControl (263)
[2018.04.30-19.58.41:577][153]LogModuleManager: Shutting down and abandoning module SourceControl (262)
[2018.04.30-19.58.41:578][153]LogModuleManager: Shutting down and abandoning module LightPropagationVolumeEditor (259)
[2018.04.30-19.58.41:578][153]LogModuleManager: Shutting down and abandoning module PaperTiledImporter (257)
[2018.04.30-19.58.41:578][153]LogModuleManager: Shutting down and abandoning module PaperSpriteSheetImporter (255)
[2018.04.30-19.58.41:578][153]LogModuleManager: Shutting down and abandoning module Paper2DEditor (253)
[2018.04.30-19.58.41:643][153]LogModuleManager: Shutting down and abandoning module MeshPaint (252)
[2018.04.30-19.58.41:649][153]LogModuleManager: Shutting down and abandoning module LevelEditor (250)
[2018.04.30-19.58.41:778][153]LogModuleManager: Shutting down and abandoning module PixelInspectorModule (249)
[2018.04.30-19.58.41:871][153]LogModuleManager: Shutting down and abandoning module MainFrame (247)
[2018.04.30-19.58.41:913][153]LogModuleManager: Shutting down and abandoning module HotReload (246)
[2018.04.30-19.58.41:956][153]LogDirectoryWatcher: A directory notification for 'C:/Users/mathi/Desktop/Alien_build/Alien_rep/Binaries/Win64' was aborted.
[2018.04.30-19.58.42:011][153]LogModuleManager: Shutting down and abandoning module Alien_build (241)
[2018.04.30-19.58.42:011][153]LogModuleManager: Shutting down and abandoning module SteamAudio (239)
[2018.04.30-19.58.42:011][153]LogSteamAudio: FSteamAudioModule Shutdown
[2018.04.30-19.58.42:035][153]LogModuleManager: Shutting down and abandoning module PhysXVehiclesEditor (237)
[2018.04.30-19.58.42:099][153]LogModuleManager: Shutting down and abandoning module PhysXVehicles (235)
[2018.04.30-19.58.42:099][153]LogModuleManager: Shutting down and abandoning module LocationServicesBPLibrary (233)
[2018.04.30-19.58.42:099][153]LogModuleManager: Shutting down and abandoning module ImmediatePhysicsEditor (231)
[2018.04.30-19.58.42:099][153]LogModuleManager: Shutting down and abandoning module ImmediatePhysics (229)
[2018.04.30-19.58.42:109][153]LogModuleManager: Shutting down and abandoning module ControlRig (227)
[2018.04.30-19.58.42:109][153]LogModuleManager: Shutting down and abandoning module GameplayTagsEditor (225)
[2018.04.30-19.58.42:141][153]LogModuleManager: Shutting down and abandoning module FacialAnimationEditor (223)
[2018.04.30-19.58.42:181][153]LogModuleManager: Shutting down and abandoning module FacialAnimation (221)
[2018.04.30-19.58.42:181][153]LogModuleManager: Shutting down and abandoning module AssetManagerEditor (219)
[2018.04.30-19.58.42:259][153]LogModuleManager: Shutting down and abandoning module GraphEditor (218)
[2018.04.30-19.58.42:427][153]LogModuleManager: Shutting down and abandoning module ContentBrowser (216)
[2018.04.30-19.58.42:428][153]LogModuleManager: Shutting down and abandoning module LightPropagationVolumeRuntime (213)
[2018.04.30-19.58.42:428][153]LogModuleManager: Shutting down and abandoning module Paper2D (211)
[2018.04.30-19.58.42:438][153]LogModuleManager: Shutting down and abandoning module WindowsMoviePlayer (209)
[2018.04.30-19.58.42:438][153]LogModuleManager: Shutting down and abandoning module WmfMedia (207)
[2018.04.30-19.58.42:459][153]LogModuleManager: Shutting down and abandoning module ClothingSystemEditor (205)
[2018.04.30-19.58.42:504][153]LogModuleManager: Shutting down and abandoning module ClothingSystemRuntime (203)
[2018.04.30-19.58.42:556][153]LogModuleManager: Shutting down and abandoning module MediaAssets (201)
[2018.04.30-19.58.42:556][153]LogModuleManager: Shutting down and abandoning module GameLiveStreaming (199)
[2018.04.30-19.58.42:602][153]LogModuleManager: Shutting down and abandoning module VREditor (197)
[2018.04.30-19.58.42:648][153]LogModuleManager: Shutting down and abandoning module StringTableEditor (195)
[2018.04.30-19.58.42:746][153]LogModuleManager: Shutting down and abandoning module GameplayTasksEditor (193)
[2018.04.30-19.58.42:746][153]LogModuleManager: Shutting down and abandoning module BehaviorTreeEditor (191)
[2018.04.30-19.58.42:817][153]LogModuleManager: Shutting down and abandoning module FunctionalTesting (189)
[2018.04.30-19.58.42:817][153]LogModuleManager: Shutting down and abandoning module CollisionAnalyzer (187)
[2018.04.30-19.58.42:834][153]LogModuleManager: Shutting down and abandoning module UMG (185)
[2018.04.30-19.58.42:885][153]LogModuleManager: Shutting down and abandoning module UMGEditor (184)
[2018.04.30-19.58.42:985][153]LogModuleManager: Shutting down and abandoning module Sequencer (183)
[2018.04.30-19.58.43:050][153]LogModuleManager: Shutting down and abandoning module AssetTools (181)
[2018.04.30-19.58.43:121][153]LogModuleManager: Shutting down and abandoning module MessageLog (180)
[2018.04.30-19.58.43:148][153]LogModuleManager: Shutting down and abandoning module WorkspaceMenuStructure (179)
[2018.04.30-19.58.43:148][153]LogModuleManager: Shutting down and abandoning module SlateReflector (173)
[2018.04.30-19.58.43:281][153]LogModuleManager: Shutting down and abandoning module Slate (171)
[2018.04.30-19.58.43:281][153]LogModuleManager: Shutting down and abandoning module EditorStyle (169)
[2018.04.30-19.58.43:301][153]LogModuleManager: Shutting down and abandoning module SourceCodeAccess (167)
[2018.04.30-19.58.43:301][153]LogModuleManager: Shutting down and abandoning module HeadMountedDisplay (165)
[2018.04.30-19.58.43:301][153]LogModuleManager: Shutting down and abandoning module XAudio2 (163)
[2018.04.30-19.58.43:301][153]LogModuleManager: Shutting down and abandoning module Networking (161)
[2018.04.30-19.58.43:301][153]LogModuleManager: Shutting down and abandoning module Core (157)
[2018.04.30-19.58.43:301][153]LogModuleManager: Shutting down and abandoning module AssetRegistry (155)
[2018.04.30-19.58.43:486][153]LogDirectoryWatcher: A directory notification for '../../../Engine/Content/' was aborted.
[2018.04.30-19.58.43:487][153]LogDirectoryWatcher: A directory notification for '../../../../../../Users/mathi/Desktop/Alien_build/Alien_rep/Content/' was aborted.
[2018.04.30-19.58.43:487][153]LogDirectoryWatcher: A directory notification for '../../../Engine/Plugins/2D/Paper2D/Content/' was aborted.
[2018.04.30-19.58.43:487][153]LogDirectoryWatcher: A directory notification for '../../../Engine/Plugins/Experimental/ControlRig/Content/' was aborted.
[2018.04.30-19.58.43:487][153]LogDirectoryWatcher: A directory notification for '../../../Engine/Plugins/Runtime/GearVR/Content/' was aborted.
[2018.04.30-19.58.43:487][153]LogDirectoryWatcher: A directory notification for '../../../Engine/Plugins/Runtime/Steam/SteamAudio/Content/' was aborted.
[2018.04.30-19.58.43:541][153]LogModuleManager: Shutting down and abandoning module DirectoryWatcher (154)
[2018.04.30-19.58.43:543][153]LogModuleManager: Shutting down and abandoning module KismetCompiler (151)
[2018.04.30-19.58.43:543][153]LogModuleManager: Shutting down and abandoning module LevelSequence (149)
[2018.04.30-19.58.43:543][153]LogModuleManager: Shutting down and abandoning module PhysXFormats (147)
[2018.04.30-19.58.43:543][153]LogModuleManager: Shutting down and abandoning module MeshUtilities (145)
[2018.04.30-19.58.43:589][153]LogModuleManager: Shutting down and abandoning module SimplygonSwarm (144)
[2018.04.30-19.58.43:610][153]LogModuleManager: Shutting down and abandoning module SimplygonMeshReduction (142)
[2018.04.30-19.58.43:611][153]LogModuleManager: Shutting down and abandoning module QuadricMeshReduction (140)
[2018.04.30-19.58.43:632][153]LogModuleManager: Shutting down and abandoning module DerivedDataCache (137)
[2018.04.30-19.58.43:656][153]LogDerivedDataCache: Shutdown
[2018.04.30-19.58.43:656][153]LogModuleManager: Shutting down and abandoning module TargetPlatform (135)
[2018.04.30-19.58.43:656][153]LogModuleManager: Shutting down and abandoning module VulkanShaderFormat (134)
[2018.04.30-19.58.43:675][153]LogModuleManager: Shutting down and abandoning module ShaderFormatVectorVM (132)
[2018.04.30-19.58.43:735][153]LogModuleManager: Shutting down and abandoning module ShaderFormatOpenGL (130)
[2018.04.30-19.58.43:755][153]LogModuleManager: Shutting down and abandoning module ShaderFormatD3D (128)
[2018.04.30-19.58.43:766][153]LogModuleManager: Shutting down and abandoning module MetalShaderFormat (126)
[2018.04.30-19.58.43:785][153]LogModuleManager: Shutting down and abandoning module TextureFormatUncompressed (124)
[2018.04.30-19.58.43:785][153]LogModuleManager: Shutting down and abandoning module TextureFormatPVR (122)
[2018.04.30-19.58.43:785][153]LogModuleManager: Shutting down and abandoning module TextureFormatDXT (120)
[2018.04.30-19.58.43:801][153]LogModuleManager: Shutting down and abandoning module TextureFormatIntelISPCTexComp (118)
[2018.04.30-19.58.43:818][153]LogModuleManager: Shutting down and abandoning module TextureFormatASTC (116)
[2018.04.30-19.58.43:818][153]LogModuleManager: Shutting down and abandoning module ImageWrapper (115)
[2018.04.30-19.58.43:818][153]LogModuleManager: Shutting down and abandoning module TextureFormatAndroid (112)
[2018.04.30-19.58.43:818][153]LogModuleManager: Shutting down and abandoning module AudioFormatOpus (110)
[2018.04.30-19.58.43:818][153]LogModuleManager: Shutting down and abandoning module AudioFormatOgg (108)
[2018.04.30-19.58.43:818][153]LogModuleManager: Shutting down and abandoning module AudioFormatADPCM (106)
[2018.04.30-19.58.43:818][153]LogModuleManager: Shutting down and abandoning module LinuxTargetPlatform (104)
[2018.04.30-19.58.43:818][153]LogModuleManager: Shutting down and abandoning module LinuxServerTargetPlatform (102)
[2018.04.30-19.58.43:818][153]LogModuleManager: Shutting down and abandoning module LinuxNoEditorTargetPlatform (100)
[2018.04.30-19.58.43:818][153]LogModuleManager: Shutting down and abandoning module LinuxClientTargetPlatform (98)
[2018.04.30-19.58.43:818][153]LogModuleManager: Shutting down and abandoning module TVOSTargetPlatform (96)
[2018.04.30-19.58.43:818][153]LogModuleManager: Shutting down and abandoning module Messaging (94)
[2018.04.30-19.58.43:818][153]LogModuleManager: Shutting down and abandoning module IOSTargetPlatform (92)
[2018.04.30-19.58.43:818][153]LogModuleManager: Shutting down and abandoning module HTML5TargetPlatform (90)
[2018.04.30-19.58.43:818][153]LogModuleManager: Shutting down and abandoning module Android_PVRTCTargetPlatform (88)
[2018.04.30-19.58.43:857][153]LogModuleManager: Shutting down and abandoning module Android_MultiTargetPlatform (86)
[2018.04.30-19.58.43:857][153]LogModuleManager: Shutting down and abandoning module Android_ETC2TargetPlatform (84)
[2018.04.30-19.58.43:883][153]LogModuleManager: Shutting down and abandoning module Android_ETC1TargetPlatform (82)
[2018.04.30-19.58.43:891][153]LogModuleManager: Shutting down and abandoning module Android_DXTTargetPlatform (80)
[2018.04.30-19.58.43:905][153]LogModuleManager: Shutting down and abandoning module Android_ATCTargetPlatform (78)
[2018.04.30-19.58.43:928][153]LogModuleManager: Shutting down and abandoning module Android_ASTCTargetPlatform (76)
[2018.04.30-19.58.43:928][153]LogModuleManager: Shutting down and abandoning module AndroidTargetPlatform (74)
[2018.04.30-19.58.43:972][153]LogModuleManager: Shutting down and abandoning module WindowsTargetPlatform (72)
[2018.04.30-19.58.43:972][153]LogModuleManager: Shutting down and abandoning module WindowsServerTargetPlatform (70)
[2018.04.30-19.58.43:972][153]LogModuleManager: Shutting down and abandoning module WindowsNoEditorTargetPlatform (68)
[2018.04.30-19.58.43:972][153]LogModuleManager: Shutting down and abandoning module WindowsClientTargetPlatform (66)
[2018.04.30-19.58.43:972][153]LogModuleManager: Shutting down and abandoning module MacTargetPlatform (64)
[2018.04.30-19.58.43:972][153]LogModuleManager: Shutting down and abandoning module MacServerTargetPlatform (62)
[2018.04.30-19.58.43:972][153]LogModuleManager: Shutting down and abandoning module MacNoEditorTargetPlatform (60)
[2018.04.30-19.58.43:972][153]LogModuleManager: Shutting down and abandoning module MacClientTargetPlatform (58)
[2018.04.30-19.58.43:972][153]LogModuleManager: Shutting down and abandoning module AllDesktopTargetPlatform (56)
[2018.04.30-19.58.43:972][153]LogModuleManager: Shutting down and abandoning module InputCore (53)
[2018.04.30-19.58.43:972][153]LogModuleManager: Shutting down and abandoning module Settings (51)
[2018.04.30-19.58.43:972][153]LogModuleManager: Shutting down and abandoning module OculusRift (48)
[2018.04.30-19.58.43:989][153]LogModuleManager: Shutting down and abandoning module GearVRController (46)
[2018.04.30-19.58.43:989][153]LogModuleManager: Shutting down and abandoning module GearVR (44)
[2018.04.30-19.58.44:043][153]LogModuleManager: Shutting down and abandoning module OnlineSubsystem (42)
[2018.04.30-19.58.44:062][153]LogModuleManager: Shutting down and abandoning module XMPP (41)
[2018.04.30-19.58.44:075][153]LogModuleManager: Shutting down and abandoning module HTTP (39)
[2018.04.30-19.58.44:075][153]LogHttp:Display: Http module shutting down, but needs to wait on 1 outstanding Http requests:
[2018.04.30-19.58.44:100][153]LogHttp:Display: 	verb=[POST] url=[https://datarouter.ol.epicgames.com/datarouter/api/v1/public/data?SessionID=%7B4A0A4234-45A2-E349-40E9-3BAE2D542773%7D&AppID=UEEditor.Rocket.Release&AppVersion=4.16.3-3561208%2B%2B%2BUE4%2BRelease-4.16&UserID=a84f5cc54bdf4b94862db0a98bc92dd4%7C6855d30c7bf045ce8f43503786266ef9%7C9ef5caba-46ff-4fb5-9752-1aa5a8b12452&AppEnvironment=datacollector-binary&UploadType=eteventstream] status=Processing
[2018.04.30-19.58.44:140][153]LogModuleManager: Shutting down and abandoning module SSL (38)
[2018.04.30-19.58.44:282][153]LogModuleManager: Shutting down and abandoning module AnimationModifiers (34)
[2018.04.30-19.58.44:306][153]LogModuleManager: Shutting down and abandoning module PropertyEditor (33)
[2018.04.30-19.58.44:306][153]LogModuleManager: Shutting down and abandoning module AudioEditor (30)
[2018.04.30-19.58.44:338][153]LogModuleManager: Shutting down and abandoning module TextureCompressor (28)
[2018.04.30-19.58.44:351][153]LogModuleManager: Shutting down and abandoning module ShaderCore (26)
[2018.04.30-19.58.44:351][153]LogModuleManager: Shutting down and abandoning module Landscape (24)
[2018.04.30-19.58.44:351][153]LogModuleManager: Shutting down and abandoning module SlateRHIRenderer (22)
[2018.04.30-19.58.44:369][153]LogModuleManager: Shutting down and abandoning module OpenGLDrv (20)
[2018.04.30-19.58.44:403][153]LogModuleManager: Shutting down and abandoning module D3D11RHI (18)
[2018.04.30-19.58.44:403][153]LogModuleManager: Shutting down and abandoning module AnimGraphRuntime (16)
[2018.04.30-19.58.44:427][153]LogModuleManager: Shutting down and abandoning module Renderer (14)
[2018.04.30-19.58.44:427][153]LogModuleManager: Shutting down and abandoning module Engine (12)
[2018.04.30-19.58.44:427][153]LogModuleManager: Shutting down and abandoning module CoreUObject (10)
[2018.04.30-19.58.44:427][153]LogModuleManager: Shutting down and abandoning module NetworkFile (8)
[2018.04.30-19.58.44:453][153]LogModuleManager: Shutting down and abandoning module StreamingFile (6)
[2018.04.30-19.58.44:461][153]LogModuleManager: Shutting down and abandoning module SandboxFile (4)
[2018.04.30-19.58.44:467][153]LogModuleManager: Shutting down and abandoning module PakFile (2)
[2018.04.30-19.58.44:514][153]LogExit: Exiting.
[2018.04.30-19.58.44:530][153]Log file closed, 04/30/18 21:58:44
