Log file open, 05/16/18 22:04:35
LogInit:Display: Running engine for game: Alien_build
LogPlatformFile: Not using cached read wrapper
LogInit:Display: RandInit(-261889849) SRandInit(-261889849).
LogTaskGraph: Started task graph with 5 named threads and 8 total threads with 1 sets of task threads.
LogStats: Stats thread started at 2.732142
LogInit: Using libcurl 7.47.1
LogInit:  - built for x86_64-pc-win32
LogInit:  - supports SSL with OpenSSL/1.0.2g
LogInit:  - supports HTTP deflate (compression) using libz 1.2.8
LogInit:  - other features:
LogInit:      CURL_VERSION_SSL
LogInit:      CURL_VERSION_LIBZ
LogInit:      CURL_VERSION_IPV6
LogInit:      CURL_VERSION_ASYNCHDNS
LogInit:      CURL_VERSION_LARGEFILE
LogInit:      CURL_VERSION_IDN
LogInit:  CurlRequestOptions (configurable via config and command line):
LogInit:  - bVerifyPeer = false  - Libcurl will NOT verify peer certificate
LogInit:  - bUseHttpProxy = false  - Libcurl will NOT use HTTP proxy
LogInit:  - bDontReuseConnections = false  - Libcurl will reuse connections
LogInit:  - CertBundlePath = nullptr  - Libcurl will use whatever was configured at build time.
LogInit: Build: ++UE4+Release-4.16-CL-3561208
LogInit: Engine Version: 4.16.3-3561208+++UE4+Release-4.16
LogInit: Compatible Engine Version: 4.16.0-3452394+++UE4+Release-4.16
LogInit: Net CL: 3452394
LogDevObjectVersion: Number of dev versions registered: 16
LogDevObjectVersion:   Dev-Blueprints (B0D832E4-1F89-4F0D-ACCF-7EB736FD4AA2): 9
LogDevObjectVersion:   Dev-Build (E1C64328-A22C-4D53-A36C-8E866417BD8C): 0
LogDevObjectVersion:   Dev-Core (375EC13C-06E4-48FB-B500-84F0262A717E): 2
LogDevObjectVersion:   Dev-Editor (E4B068ED-F494-42E9-A231-DA0B2E46BB41): 17
LogDevObjectVersion:   Dev-Framework (CFFC743F-43B0-4480-9391-14DF171D2073): 23
LogDevObjectVersion:   Dev-Mobile (B02B49B5-BB20-44E9-A304-32B752E40360): 0
LogDevObjectVersion:   Dev-Networking (A4E4105C-59A1-49B5-A7C5-40C4547EDFEE): 0
LogDevObjectVersion:   Dev-Online (39C831C9-5AE6-47DC-9A44-9C173E1C8E7C): 0
LogDevObjectVersion:   Dev-Physics (78F01B33-EBEA-4F98-B9B4-84EACCB95AA2): 0
LogDevObjectVersion:   Dev-Platform (6631380F-2D4D-43E0-8009-CF276956A95A): 0
LogDevObjectVersion:   Dev-Rendering (12F88B9F-8875-4AFC-A67C-D90C383ABD29): 15
LogDevObjectVersion:   Dev-Sequencer (7B5AE74C-D270-4C10-A958-57980B212A5A): 4
LogDevObjectVersion:   Dev-VR (D7296918-1DD6-4BDD-9DE2-64A83CC13884): 0
LogDevObjectVersion:   Dev-LoadTimes (C2A15278-BFE7-4AFE-6C17-90FF531DF755): 1
LogDevObjectVersion:   Private-Geometry (6EACA3D4-40EC-4CC1-B786-8BED09428FC5): 1
LogDevObjectVersion:   Dev-AnimPhys (29E575DD-E0A3-4627-9D10-D276232CDCEA): 3
LogInit: Compiled (64-bit): Jul 28 2017 11:49:47
LogInit: Compiled with Visual C++: 19.00.24215.01
LogInit: Build Configuration: Development
LogInit: Branch Name: ++UE4+Release-4.16
LogInit: Command line:  
LogInit: Base directory: C:/Program Files/Epic Games/UE_4.16/Engine/Binaries/Win64/
LogInit: Installed Engine Build: 1
LogInit: Presizing for max 8388607 objects, including 0 objects not considered by GC, pre-allocating 0 bytes for permanent pool.
LogInit: Object subsystem initialized
[2018.05.16-20.04.46:592][  0]LogModuleManager:Warning: No filename provided for module ExampleDeviceProfileSelector
[2018.05.16-20.04.46:592][  0]LogModuleManager:Warning: ModuleManager: Unable to load module 'ExampleDeviceProfileSelector' because the file 'C:/Program Files/Epic Games/UE_4.16/Engine/Binaries/Win64/' was not found.
[2018.05.16-20.04.46:618][  0]LogInit: Applying CVar settings loaded from the selected device profile: [Windows]
[2018.05.16-20.04.47:354][  0]LogInit: Computer: DESKTOP-7FDRESD
[2018.05.16-20.04.47:354][  0]LogInit: User: mathi
[2018.05.16-20.04.47:354][  0]LogInit: CPU Page size=4096, Cores=4
[2018.05.16-20.04.47:354][  0]LogInit: High frequency timer resolution =2.437499 MHz
[2018.05.16-20.04.47:432][  0]LogMemory: Memory total: Physical=7.9GB (8GB approx)
[2018.05.16-20.04.47:432][  0]LogMemory: Platform Memory Stats for Windows
[2018.05.16-20.04.47:432][  0]LogMemory: Process Physical Memory: 271.23 MB used, 271.23 MB peak
[2018.05.16-20.04.47:432][  0]LogMemory: Process Virtual Memory: 258.58 MB used, 258.58 MB peak
[2018.05.16-20.04.47:432][  0]LogMemory: Physical Memory: 5996.22 MB used,  2081.43 MB free, 8077.64 MB total
[2018.05.16-20.04.47:432][  0]LogMemory: Virtual Memory: 670.38 MB used,  2081.43 MB free, 134217728.00 MB total
[2018.05.16-20.04.56:352][  0]LogInit: Using OS detected language (fr-FR).
[2018.05.16-20.04.56:352][  0]LogInit: Using OS detected locale (fr-FR).
[2018.05.16-20.04.56:787][  0]LogTextLocalizationManager: No localization for 'fr-FR' exists, so 'en' will be used for the language.
[2018.05.16-20.04.56:788][  0]LogTextLocalizationManager: No localization for 'fr-FR' exists, so 'en' will be used for the locale.
[2018.05.16-20.05.13:031][  0]LogD3D11RHI: D3D11 adapters:
[2018.05.16-20.05.15:279][  0]LogD3D11RHI:    0. 'NVIDIA GeForce GTX 960M' (Feature Level 11_0)
[2018.05.16-20.05.15:279][  0]LogD3D11RHI:       2010/0/4038 MB DedicatedVideo/DedicatedSystem/SharedSystem, Outputs:2, VendorId:0x10de
[2018.05.16-20.05.15:435][  0]LogD3D11RHI:    1. 'Intel(R) HD Graphics 630' (Feature Level 11_0)
[2018.05.16-20.05.15:435][  0]LogD3D11RHI:       128/0/4038 MB DedicatedVideo/DedicatedSystem/SharedSystem, Outputs:0, VendorId:0x8086
[2018.05.16-20.05.15:572][  0]LogD3D11RHI:    2. 'Microsoft Basic Render Driver' (Feature Level 11_0)
[2018.05.16-20.05.15:572][  0]LogD3D11RHI:       0/0/4038 MB DedicatedVideo/DedicatedSystem/SharedSystem, Outputs:0, VendorId:0x1414
[2018.05.16-20.05.15:572][  0]LogD3D11RHI: Chosen D3D11 Adapter: 0
[2018.05.16-20.05.15:690][  0]LogD3D11RHI: Creating new Direct3DDevice
[2018.05.16-20.05.15:690][  0]LogD3D11RHI:     GPU DeviceId: 0x139b (for the marketing name, search the web for "GPU Device Id")
[2018.05.16-20.05.15:690][  0]LogWindows: EnumDisplayDevices:
[2018.05.16-20.05.15:691][  0]LogWindows:    0. 'Intel(R) HD Graphics 630' (P:1 D:1)
[2018.05.16-20.05.15:691][  0]LogWindows:    1. 'Intel(R) HD Graphics 630' (P:0 D:1)
[2018.05.16-20.05.15:692][  0]LogWindows:    2. 'Intel(R) HD Graphics 630' (P:0 D:0)
[2018.05.16-20.05.15:692][  0]LogWindows: DebugString: GetVideoDriverDetailsInvalid PrimaryIsNotTheChoosenAdapter GetVideoDriverDetailsInvalid PrimaryIsNotTheChoosenAdapter GetVideoDriverDetailsInvalid PrimaryIsNotTheChoosenAdapter FoundDriverCount:0 
[2018.05.16-20.05.15:692][  0]LogD3D11RHI:     Adapter Name: NVIDIA GeForce GTX 960M
[2018.05.16-20.05.15:692][  0]LogD3D11RHI:   Driver Version: Unknown (internal:Unknown, unified:Unknown)
[2018.05.16-20.05.15:692][  0]LogD3D11RHI:      Driver Date: Unknown
[2018.05.16-20.05.15:699][  0]LogRHI: Texture pool is 1361 MB (70% of 1945 MB)
[2018.05.16-20.05.16:642][  0]LogD3D11RHI: Async texture creation enabled
[2018.05.16-20.05.17:273][  0]LogD3D11RHI: GPU Timing Frequency: 1000.000000 (Debug: 2 1)
[2018.05.16-20.05.17:512][  0]LogShaderCompilers: Guid format shader working directory is -14 characters bigger than the processId version (../../../../../../Users/mathi/Desktop/Alien_build/Alien_rep/Intermediate/Shaders/WorkingDirectory/18416/).
[2018.05.16-20.05.17:512][  0]LogShaderCompilers: Cleaned the shader compiler working directory 'C:/Users/mathi/AppData/Local/Temp/UnrealShaderWorkingDir/72094D034C476468AF3A4B88038E07ED/'.
[2018.05.16-20.05.17:543][  0]LogShaderCompilers:Display: Using Local Shader Compiler.
[2018.05.16-20.05.45:085][  0]LogTemp:Display: Loaded TP AllDesktopTargetPlatform
[2018.05.16-20.05.45:291][  0]LogTemp:Display: Loaded TP MacClientTargetPlatform
[2018.05.16-20.05.45:512][  0]LogTemp:Display: Loaded TP MacNoEditorTargetPlatform
[2018.05.16-20.05.45:747][  0]LogTemp:Display: Loaded TP MacServerTargetPlatform
[2018.05.16-20.05.46:139][  0]LogTemp:Display: Loaded TP MacTargetPlatform
[2018.05.16-20.05.46:361][  0]LogTemp:Display: Loaded TP WindowsClientTargetPlatform
[2018.05.16-20.05.46:577][  0]LogTemp:Display: Loaded TP WindowsNoEditorTargetPlatform
[2018.05.16-20.05.46:809][  0]LogTemp:Display: Loaded TP WindowsServerTargetPlatform
[2018.05.16-20.05.47:303][  0]LogTemp:Display: Loaded TP WindowsTargetPlatform
[2018.05.16-20.05.47:875][  0]LogTemp:Display: Loaded TP AndroidTargetPlatform
[2018.05.16-20.05.48:174][  0]LogTemp:Display: Loaded TP Android_ASTCTargetPlatform
[2018.05.16-20.05.48:469][  0]LogTemp:Display: Loaded TP Android_ATCTargetPlatform
[2018.05.16-20.05.48:741][  0]LogTemp:Display: Loaded TP Android_DXTTargetPlatform
[2018.05.16-20.05.49:031][  0]LogTemp:Display: Loaded TP Android_ETC1TargetPlatform
[2018.05.16-20.05.49:349][  0]LogTemp:Display: Loaded TP Android_ETC2TargetPlatform
[2018.05.16-20.05.50:972][  0]LogTemp:Display: Loaded TP Android_MultiTargetPlatform
[2018.05.16-20.05.50:972][  0]LogTemp:Display: Loaded TP Android_PVRTCTargetPlatform
[2018.05.16-20.05.51:382][  0]LogTemp:Display: Loaded TP HTML5TargetPlatform
[2018.05.16-20.05.52:279][  0]LogTemp:Display: Loaded TP IOSTargetPlatform
[2018.05.16-20.05.52:635][  0]LogTemp:Display: Loaded TP TVOSTargetPlatform
[2018.05.16-20.05.52:971][  0]LogTemp:Display: Loaded TP LinuxClientTargetPlatform
[2018.05.16-20.05.53:251][  0]LogTemp:Display: Loaded TP LinuxNoEditorTargetPlatform
[2018.05.16-20.05.53:578][  0]LogTemp:Display: Loaded TP LinuxServerTargetPlatform
[2018.05.16-20.05.53:910][  0]LogTemp:Display: Loaded TP LinuxTargetPlatform
[2018.05.16-20.05.53:920][  0]LogTargetPlatformManager:Display: Building Assets For Windows
[2018.05.16-20.05.59:207][  0]LogDerivedDataCache:Display: Max Cache Size: 512 MB
[2018.05.16-20.06.00:949][  0]LogDerivedDataCache: Loaded boot cache 1.71s 90MB C:/Users/mathi/AppData/Local/UnrealEngine/4.16/DerivedDataCache/Boot.ddc.
[2018.05.16-20.06.00:949][  0]LogDerivedDataCache:Display: Loaded Boot cache: C:/Users/mathi/AppData/Local/UnrealEngine/4.16/DerivedDataCache/Boot.ddc
[2018.05.16-20.06.00:950][  0]LogDerivedDataCache: FDerivedDataBackendGraph:  Pak pak cache file ../../../../../../Users/mathi/Desktop/Alien_build/Alien_rep/DerivedDataCache/DDC.ddp not found, will not use a pak cache.
[2018.05.16-20.06.00:950][  0]LogDerivedDataCache: Unable to find inner node Pak for hierarchical cache Hierarchy.
[2018.05.16-20.06.00:950][  0]LogDerivedDataCache: FDerivedDataBackendGraph:  CompressedPak pak cache file ../../../../../../Users/mathi/Desktop/Alien_build/Alien_rep/DerivedDataCache/Compressed.ddp not found, will not use a pak cache.
[2018.05.16-20.06.00:950][  0]LogDerivedDataCache: Unable to find inner node CompressedPak for hierarchical cache Hierarchy.
[2018.05.16-20.06.01:163][  0]LogDerivedDataCache:Display: Pak cache opened for reading ../../../Engine/DerivedDataCache/Compressed.ddp.
[2018.05.16-20.06.01:261][  0]LogDerivedDataCache: Using Local data cache path C:/Users/mathi/AppData/Local/UnrealEngine/Common/DerivedDataCache: Writable
[2018.05.16-20.06.01:506][  0]LogMaterial: Verifying Global Shaders for PCD3D_SM5
[2018.05.16-20.06.01:661][  0]LogSlate: Using Freetype 2.6.0
[2018.05.16-20.06.02:081][  0]LogSlate: SlateFontCache - WITH_FREETYPE: 1, WITH_HARFBUZZ: 1
[2018.05.16-20.06.02:082][  0]LogSlate: SlateFontCache - WITH_FREETYPE: 1, WITH_HARFBUZZ: 1
[2018.05.16-20.06.16:887][  0]LogModuleManager:Warning: No filename provided for module ExampleDeviceProfileSelector
[2018.05.16-20.06.16:887][  0]LogModuleManager:Warning: ModuleManager: Unable to load module 'ExampleDeviceProfileSelector' because the file 'C:/Program Files/Epic Games/UE_4.16/Engine/Binaries/Win64/' was not found.
[2018.05.16-20.06.20:670][  0]LogContentStreaming: Texture pool size is 0.00 MB
[2018.05.16-20.06.22:558][  0]LogMeshUtilities: Using QuadricMeshReduction for automatic static mesh reduction
[2018.05.16-20.06.23:003][  0]LogSimplygon: Simplygon DLL not present - disabling.
[2018.05.16-20.06.23:358][  0]LogMeshUtilities: Using SimplygonSwarm for distributed automatic mesh merging
[2018.05.16-20.06.23:358][  0]LogMeshUtilities: No automatic skeletal mesh reduction module available
[2018.05.16-20.06.23:358][  0]LogMeshUtilities: No automatic mesh merging module available
[2018.05.16-20.06.46:211][  0]LogNetVersion: Alien_build , NetCL: 3452394, EngineNetVer: 2, GameNetVer: 0 (Checksum: 2330291340)
[2018.05.16-20.06.46:905][  0]LogAssetRegistry: FAssetRegistry took 0.0500 seconds to start up
[2018.05.16-20.06.48:225][  0]LogAssetRegistry:Error: Failed to open file for write ../../../../../../Users/mathi/Desktop/Alien_build/Alien_rep/Intermediate/AssetRegistryCache/2657c409.bin
[2018.05.16-20.06.48:958][  0]LogAssetRegistry:Error: Failed to open file for write ../../../../../../Users/mathi/Desktop/Alien_build/Alien_rep/Intermediate/AssetRegistryCache/a39ccbb5.bin
[2018.05.16-20.06.49:013][  0]LogFileManager:Warning: MoveFile was unable to move '../../../../../../Users/mathi/Desktop/Alien_build/Alien_rep/Intermediate/AssetRegistryCache/5eb44d7c.bin.tmp' to '../../../../../../Users/mathi/Desktop/Alien_build/Alien_rep/Intermediate/AssetRegistryCache/5eb44d7c.bin', retrying in .5s...
[2018.05.16-20.06.49:514][  0]LogFileManager:Warning: MoveFile was unable to move '../../../../../../Users/mathi/Desktop/Alien_build/Alien_rep/Intermediate/AssetRegistryCache/5eb44d7c.bin.tmp' to '../../../../../../Users/mathi/Desktop/Alien_build/Alien_rep/Intermediate/AssetRegistryCache/5eb44d7c.bin', retrying in .5s...
[2018.05.16-20.06.50:015][  0]LogFileManager:Warning: MoveFile was unable to move '../../../../../../Users/mathi/Desktop/Alien_build/Alien_rep/Intermediate/AssetRegistryCache/5eb44d7c.bin.tmp' to '../../../../../../Users/mathi/Desktop/Alien_build/Alien_rep/Intermediate/AssetRegistryCache/5eb44d7c.bin', retrying in .5s...
[2018.05.16-20.06.50:516][  0]LogFileManager:Warning: MoveFile was unable to move '../../../../../../Users/mathi/Desktop/Alien_build/Alien_rep/Intermediate/AssetRegistryCache/5eb44d7c.bin.tmp' to '../../../../../../Users/mathi/Desktop/Alien_build/Alien_rep/Intermediate/AssetRegistryCache/5eb44d7c.bin', retrying in .5s...
[2018.05.16-20.06.51:017][  0]LogFileManager:Warning: MoveFile was unable to move '../../../../../../Users/mathi/Desktop/Alien_build/Alien_rep/Intermediate/AssetRegistryCache/5eb44d7c.bin.tmp' to '../../../../../../Users/mathi/Desktop/Alien_build/Alien_rep/Intermediate/AssetRegistryCache/5eb44d7c.bin', retrying in .5s...
[2018.05.16-20.06.51:518][  0]LogFileManager:Warning: MoveFile was unable to move '../../../../../../Users/mathi/Desktop/Alien_build/Alien_rep/Intermediate/AssetRegistryCache/5eb44d7c.bin.tmp' to '../../../../../../Users/mathi/Desktop/Alien_build/Alien_rep/Intermediate/AssetRegistryCache/5eb44d7c.bin', retrying in .5s...
[2018.05.16-20.06.52:019][  0]LogFileManager:Warning: MoveFile was unable to move '../../../../../../Users/mathi/Desktop/Alien_build/Alien_rep/Intermediate/AssetRegistryCache/5eb44d7c.bin.tmp' to '../../../../../../Users/mathi/Desktop/Alien_build/Alien_rep/Intermediate/AssetRegistryCache/5eb44d7c.bin', retrying in .5s...
[2018.05.16-20.06.52:520][  0]LogFileManager:Warning: MoveFile was unable to move '../../../../../../Users/mathi/Desktop/Alien_build/Alien_rep/Intermediate/AssetRegistryCache/5eb44d7c.bin.tmp' to '../../../../../../Users/mathi/Desktop/Alien_build/Alien_rep/Intermediate/AssetRegistryCache/5eb44d7c.bin', retrying in .5s...
[2018.05.16-20.06.53:020][  0]LogFileManager:Warning: MoveFile was unable to move '../../../../../../Users/mathi/Desktop/Alien_build/Alien_rep/Intermediate/AssetRegistryCache/5eb44d7c.bin.tmp' to '../../../../../../Users/mathi/Desktop/Alien_build/Alien_rep/Intermediate/AssetRegistryCache/5eb44d7c.bin', retrying in .5s...
[2018.05.16-20.06.53:521][  0]LogFileManager:Warning: MoveFile was unable to move '../../../../../../Users/mathi/Desktop/Alien_build/Alien_rep/Intermediate/AssetRegistryCache/5eb44d7c.bin.tmp' to '../../../../../../Users/mathi/Desktop/Alien_build/Alien_rep/Intermediate/AssetRegistryCache/5eb44d7c.bin', retrying in .5s...
[2018.05.16-20.06.54:022][  0]LogFileManager:Error: Error moving file '../../../../../../Users/mathi/Desktop/Alien_build/Alien_rep/Intermediate/AssetRegistryCache/5eb44d7c.bin.tmp' to '../../../../../../Users/mathi/Desktop/Alien_build/Alien_rep/Intermediate/AssetRegistryCache/5eb44d7c.bin'.
[2018.05.16-20.06.54:032][  0]LogPackageLocalizationCache: Processed 6 localized package path(s) for 1 prioritized culture(s) in 6.131379 seconds
[2018.05.16-20.06.54:039][  0]LogUObjectArray: 33812 objects as part of root set at end of initial load.
[2018.05.16-20.06.54:039][  0]LogUObjectAllocator: 6959544 out of 0 bytes used by permanent object pool.
[2018.05.16-20.06.54:039][  0]LogUObjectArray: CloseDisregardForGC: 0/0 objects in disregard for GC pool
[2018.05.16-20.06.54:325][  0]LogInit: WinSock: version 1.1 (2.2), MaxSocks=32767, MaxUdp=65467
[2018.05.16-20.08.48:672][  0]LogSteamAudio: FSteamAudioModule Startup
[2018.05.16-20.08.48:672][  0]LogSteamAudio: Attempting to load ../../../Engine/Binaries/ThirdParty/Phonon/Win64/phonon.dll
[2018.05.16-20.08.49:486][  0]LogSteamAudio: Loaded ../../../Engine/Binaries/ThirdParty/Phonon/Win64/phonon.dll.
[2018.05.16-20.08.53:899][  0]LogMaterial: Uniform references updated for custom material expression Custom.
[2018.05.16-20.08.58:086][  0]SourceControl: Info Source control is disabled
[2018.05.16-20.09.12:520][  0]LogAnsel: Tried to load ../../../Engine/Plugins/Runtime/Nvidia/Ansel/Binaries/ThirdParty/AnselSDK64.dll : success=1
[2018.05.16-20.09.14:594][  0]LogLinker:Warning: Can't find file '/Script/OnlineSubsystemUtils'
[2018.05.16-20.09.14:594][  0]LogLinker:Warning: Can't find file '/Script/OnlineSubsystemUtils'
[2018.05.16-20.09.16:196][  0]LogEngine: Initializing Engine...
[2018.05.16-20.09.16:291][  0]LogHMD: Failed to initialize OpenVR with code 101
[2018.05.16-20.09.27:039][  0]LogStats: UGameplayTagsManager::ConstructGameplayTagTree: Construct from data asset -  0.000 s
[2018.05.16-20.09.27:215][  0]LogStats: UGameplayTagsManager::ConstructGameplayTagTree: GameplayTagTreeChangedEvent.Broadcast -  0.021 s
[2018.05.16-20.09.36:426][  0]LogAIModule: Creating AISystem for world Untitled
[2018.05.16-20.09.42:080][  0]LogInit: XAudio2 using 'Haut-parleurs (Realtek High Definition Audio)' : 6 channels at 48 kHz using 32 bits per sample (channel mask 0x3f)
[2018.05.16-20.13.54:714][  0]LogInit: FAudioDevice initialized.
[2018.05.16-20.13.54:793][  0]LogDerivedDataCache: Saved boot cache 0.08s 90MB C:/Users/mathi/AppData/Local/UnrealEngine/4.16/DerivedDataCache/Boot.ddc.
[2018.05.16-20.13.54:812][  0]LogInit: Texture streaming: Enabled
[2018.05.16-20.13.55:319][  0]LogEngineSessionManager: EngineSessionManager initialized
[2018.05.16-20.13.55:701][  0]LogEngineSessionManager: EngineSessionManager sent abnormal shutdown report. Type=AbnormalShutdown, SessionId={6A243A30-44F7-E31D-C318-BE91615EB113}
[2018.05.16-20.14.01:582][  0]LogInit: Transaction tracking system initialized
[2018.05.16-20.14.03:387][  0]BlueprintLog: New page: Editor Load
[2018.05.16-20.14.09:366][  0]LocalizationService: Info Localization service is disabled
[2018.05.16-20.14.11:165][  0]LogModuleManager:Warning: No filename provided for module TcpMessaging
[2018.05.16-20.14.11:165][  0]LogModuleManager:Warning: ModuleManager: Unable to load module 'TcpMessaging' because the file 'C:/Program Files/Epic Games/UE_4.16/Engine/Binaries/Win64/' was not found.
[2018.05.16-20.14.13:756][  0]LogConsoleResponse:Display: 
[2018.05.16-20.14.14:105][  0]LogCook:Display: Max memory allowance for cook 16384mb min free memory 0mb
[2018.05.16-20.14.14:105][  0]LogCook:Display: Mobile HDR setting 1
[2018.05.16-20.14.14:866][  0]LogFileCache: Scanning file cache for directory 'C:/Users/mathi/Desktop/Alien_build/Alien_rep/Content/' took 0.03s
[2018.05.16-20.14.19:251][  0]Cmd: MAP LOAD FILE="../../../../../../Users/mathi/Desktop/Alien_build/Alien_rep/Content/HUDS/Menu/Menu_principal.umap" TEMPLATE=0 SHOWPROGRESS=1 FEATURELEVEL=3
[2018.05.16-20.14.19:252][  0]LightingResults: New page: Lighting Build
[2018.05.16-20.14.19:456][  0]MapCheck: New page: Map Check
[2018.05.16-20.14.19:456][  0]LightingResults: New page: Lighting Build
[2018.05.16-20.14.20:195][  0]LogAIModule: Creating AISystem for world Menu_principal
[2018.05.16-20.14.20:198][  0]LogEditorServer: Finished looking for orphan Actors (0.000 secs)
[2018.05.16-20.14.20:216][  0]Cmd: MAP CHECKDEP NOCLEARLOG
[2018.05.16-20.14.20:390][  0]MapCheck: Info Map check complete: 0 Error(s), 0 Warning(s), took 173.956ms to complete.
[2018.05.16-20.14.20:390][  0]LogFileHelpers: Loading map 'Menu_principal' took 1.140
[2018.05.16-20.14.20:764][  0]LogCollectionManager: Loaded 0 collections in 0.002559 seconds
[2018.05.16-20.14.21:033][  0]LogFileCache: Scanning file cache for directory 'C:/Users/mathi/Desktop/Alien_build/Alien_rep/Saved/Collections/' took 0.01s
[2018.05.16-20.14.21:033][  0]LogFileCache: Scanning file cache for directory 'C:/Users/mathi/Desktop/Alien_build/Alien_rep/Content/Developers/mathi/Collections/' took 0.01s
[2018.05.16-20.14.21:033][  0]LogFileCache: Scanning file cache for directory 'C:/Users/mathi/Desktop/Alien_build/Alien_rep/Content/Collections/' took 0.01s
[2018.05.16-20.14.21:033][  0]LogCollectionManager: Rebuilt the GUID cache for 0 collections in 0.000002 seconds
[2018.05.16-20.14.21:051][  0]LogContentBrowser: Native class hierarchy populated in 0.0180 seconds. Added 2320 classes and 474 folders.
[2018.05.16-20.14.21:396][  0]LogContentBrowser: Native class hierarchy updated for 'WidgetCarousel' in 0.0068 seconds. Added 0 classes and 0 folders.
[2018.05.16-20.14.22:766][  0]LogContentBrowser: Native class hierarchy updated for 'AddContentDialog' in 0.0068 seconds. Added 0 classes and 0 folders.
[2018.05.16-20.14.22:984][  0]LogContentBrowser: Native class hierarchy updated for 'SceneOutliner' in 0.0067 seconds. Added 1 classes and 2 folders.
[2018.05.16-20.14.23:193][  0]LogCrashTracker: Crashtracker disabled due to settings.
[2018.05.16-20.14.23:391][  0]LogSlate: Took 0.182737 seconds to synchronously load lazily loaded font '../../../Engine/Content/Slate/Fonts/Roboto-Regular.ttf' (155K)
[2018.05.16-20.14.23:478][  0]LogSlate: Took 0.085136 seconds to synchronously load lazily loaded font '../../../Engine/Content/Slate/Fonts/Roboto-Bold.ttf' (160K)
[2018.05.16-20.14.23:548][  0]LogSlate: Took 0.064703 seconds to synchronously load lazily loaded font '../../../Engine/Content/Editor/Slate/Fonts/FontAwesome.ttf' (139K)
[2018.05.16-20.14.23:681][  0]LogRenderer: Reallocating scene render targets to support 1208x572 NumSamples 1 (Frame:1).
[2018.05.16-20.14.23:985][  0]LogUObjectGlobals:Warning: Failed to find object 'Class None.'
[2018.05.16-20.14.24:250][  0]LogContentBrowser: Native class hierarchy updated for 'HierarchicalLODOutliner' in 0.0085 seconds. Added 1 classes and 2 folders.
[2018.05.16-20.14.24:252][  0]LogLoad: (Engine Initialization) Total time: 638.34 seconds
[2018.05.16-20.14.24:252][  0]LogLoad: (Engine Initialization) Total Blueprint compile time: 3.79 seconds
[2018.05.16-20.14.24:252][  0]LogExternalProfiler: Found external profiler: VSPerf
[2018.05.16-20.14.24:252][  0]LogExternalProfiler: Using external profiler: VSPerf
[2018.05.16-20.14.24:594][  0]LogOcInput: OculusInput pre-init called
[2018.05.16-20.14.24:594][  0]LogHMD: Starting GearVRController plugin
[2018.05.16-20.14.24:613][  0]SourceControl: Info On branch master
[2018.05.16-20.14.24:613][  0]SourceControl: Info Your branch is up to date with 'origin/master'.
[2018.05.16-20.14.24:613][  0]SourceControl: Info Changes to be committed:
[2018.05.16-20.14.24:613][  0]SourceControl: Info   (use "git reset HEAD <file>..." to unstage)
[2018.05.16-20.14.24:613][  0]SourceControl: Info 	new file:   "Content/Cin\303\251matique/LVL1_intro/Alarme.uasset"
[2018.05.16-20.14.24:613][  0]SourceControl: Info 	new file:   Content/Material/Barre.uasset
[2018.05.16-20.14.24:613][  0]SourceControl: Info 	new file:   "Content/Material/M_plan\303\250te_1.uasset"
[2018.05.16-20.14.24:613][  0]SourceControl: Info 	new file:   Content/Material/Textures/T_Mars_Mat.uasset
[2018.05.16-20.14.24:613][  0]SourceControl: Info 	new file:   "Content/Models/Extr\303\252mit\303\251_vaisseau.uasset"
[2018.05.16-20.14.24:613][  0]SourceControl: Info 	new file:   "Content/Models/Plan\303\250te_sphere.uasset"
[2018.05.16-20.14.24:613][  0]SourceControl: Info 	new file:   "Content/Models/Sph\303\250re_ultra_smooth.uasset"
[2018.05.16-20.14.24:613][  0]SourceControl: Info Changes not staged for commit:
[2018.05.16-20.14.24:613][  0]SourceControl: Info   (use "git add/rm <file>..." to update what will be committed)
[2018.05.16-20.14.24:613][  0]SourceControl: Info   (use "git checkout -- <file>..." to discard changes in working directory)
[2018.05.16-20.14.24:613][  0]SourceControl: Info 	modified:   "Content/Cin\303\251matique/LVL1_intro/Intro.uasset"
[2018.05.16-20.14.24:613][  0]SourceControl: Info 	modified:   Content/FirstPersonBP/Maps/LVL_1.umap
[2018.05.16-20.14.24:613][  0]SourceControl: Info 	modified:   Content/FirstPersonBP/Maps/LVL_1_BuiltData.uasset
[2018.05.16-20.14.24:613][  0]SourceControl: Info 	modified:   Content/Material/Barre.uasset
[2018.05.16-20.14.24:613][  0]SourceControl: Info 	modified:   Content/Material/M_Verre.uasset
[2018.05.16-20.14.24:613][  0]SourceControl: Info 	modified:   "Content/Material/M_plan\303\250te_1.uasset"
[2018.05.16-20.14.24:613][  0]SourceControl: Info 	modified:   "Content/Sons/gr\303\251sillement2.uasset"
[2018.05.16-20.14.24:613][  0]SourceControl: Info 	modified:   Intermediate/AssetRegistryCache/c90e3f55.bin
[2018.05.16-20.14.24:614][  0]SourceControl: Info 	modified:   Intermediate/CachedAssetRegistry.bin
[2018.05.16-20.14.24:614][  0]SourceControl: Info 	modified:   Saved/AutoScreenshot.png
[2018.05.16-20.14.24:614][  0]SourceControl: Info 	modified:   Saved/Autosaves/Game/FirstPersonBP/Maps/LVL_1_Auto2.umap
[2018.05.16-20.14.24:614][  0]SourceControl: Info 	modified:   Saved/Autosaves/Game/FirstPersonBP/Maps/LVL_1_Auto3.umap
[2018.05.16-20.14.24:614][  0]SourceControl: Info 	deleted:    Saved/Config/CrashReportClient/UE4CC-Windows-0F70F46442EE45642E54818A901F4362/CrashReportClient.ini
[2018.05.16-20.14.24:614][  0]SourceControl: Info 	deleted:    Saved/Config/CrashReportClient/UE4CC-Windows-21DC084B491F9B23F2B30993F6EC01F7/CrashReportClient.ini
[2018.05.16-20.14.24:614][  0]SourceControl: Info 	modified:   Saved/Config/Windows/EditorPerProjectUserSettings.ini
[2018.05.16-20.14.24:614][  0]SourceControl: Info 	modified:   Saved/Config/WorldState/1811039102.json
[2018.05.16-20.14.24:614][  0]SourceControl: Info 	deleted:    Saved/Logs/Alien_build-backup-2018.05.06-15.20.14.log
[2018.05.16-20.14.24:614][  0]SourceControl: Info 	deleted:    Saved/Logs/Alien_build-backup-2018.05.08-21.24.37.log
[2018.05.16-20.14.24:614][  0]SourceControl: Info 	deleted:    Saved/Logs/Alien_build-backup-2018.05.09-19.52.38.log
[2018.05.16-20.14.24:614][  0]SourceControl: Info 	modified:   Saved/Logs/Alien_build.log
[2018.05.16-20.14.24:614][  0]SourceControl: Info 	modified:   Saved/Logs/Alien_build_2.log
[2018.05.16-20.14.24:614][  0]SourceControl: Info Untracked files:
[2018.05.16-20.14.24:614][  0]SourceControl: Info   (use "git add <file>..." to include in what will be committed)
[2018.05.16-20.14.24:614][  0]SourceControl: Info 	Saved/Autosaves/Game/FirstPersonBP/Maps/LVL_1_Auto5.umap
[2018.05.16-20.14.24:614][  0]SourceControl: Info 	"Saved/Autosaves/Game/Material/M_plan\303\250te_1_Auto3.uasset"
[2018.05.16-20.14.24:614][  0]SourceControl: Info 	"Saved/Autosaves/Game/Material/M_plan\303\250te_1_Auto4.uasset"
[2018.05.16-20.14.24:614][  0]SourceControl: Info 	Saved/Autosaves/Game/Material/Textures/
[2018.05.16-20.14.24:614][  0]SourceControl: Info 	"Saved/Autosaves/Game/Models/Extr\303\252mit\303\251_vaisseau_Auto1.uasset"
[2018.05.16-20.14.24:614][  0]SourceControl: Info 	"Saved/Autosaves/Game/Models/Extr\303\252mit\303\251_vaisseau_Auto2.uasset"
[2018.05.16-20.14.24:614][  0]SourceControl: Info 	"Saved/Autosaves/Game/Models/Plan\303\250te_sphere_Auto3.uasset"
[2018.05.16-20.14.24:614][  0]SourceControl: Info 	Saved/Autosaves/Game/Sons/
[2018.05.16-20.14.24:614][  0]SourceControl: Info 	Saved/Backup/Barre_2018-05-13-23-32-31.uasset
[2018.05.16-20.14.24:614][  0]SourceControl: Info 	Saved/Backup/Intro_2018-05-09-23-46-54.uasset
[2018.05.16-20.14.24:614][  0]SourceControl: Info 	Saved/Backup/LVL_1_2018-05-09-23-27-59.umap
[2018.05.16-20.14.24:614][  0]SourceControl: Info 	Saved/Backup/LVL_1_2018-05-09-23-33-59.umap
[2018.05.16-20.14.24:614][  0]SourceControl: Info 	Saved/Backup/LVL_1_2018-05-09-23-46-55.umap
[2018.05.16-20.14.24:614][  0]SourceControl: Info 	Saved/Backup/LVL_1_2018-05-11-22-40-39.umap
[2018.05.16-20.14.24:614][  0]SourceControl: Info 	Saved/Backup/LVL_1_2018-05-13-22-37-01.umap
[2018.05.16-20.14.24:614][  0]SourceControl: Info 	Saved/Backup/LVL_1_2018-05-13-22-42-47.umap
[2018.05.16-20.14.24:614][  0]SourceControl: Info 	Saved/Backup/LVL_1_2018-05-13-22-52-31.umap
[2018.05.16-20.14.24:614][  0]SourceControl: Info 	Saved/Backup/LVL_1_2018-05-13-23-12-38.umap
[2018.05.16-20.14.24:614][  0]SourceControl: Info 	Saved/Backup/LVL_1_2018-05-13-23-22-49.umap
[2018.05.16-20.14.24:614][  0]SourceControl: Info 	Saved/Backup/LVL_1_2018-05-13-23-32-30.umap
[2018.05.16-20.14.24:614][  0]SourceControl: Info 	Saved/Backup/LVL_1_2018-05-14-22-12-29.umap
[2018.05.16-20.14.24:614][  0]SourceControl: Info 	Saved/Backup/LVL_1_2018-05-14-22-20-58.umap
[2018.05.16-20.14.24:614][  0]SourceControl: Info 	Saved/Backup/LVL_1_BuiltData_2018-05-09-23-28-01.uasset
[2018.05.16-20.14.24:614][  0]SourceControl: Info 	Saved/Backup/LVL_1_BuiltData_2018-05-13-22-37-51.uasset
[2018.05.16-20.14.24:614][  0]SourceControl: Info 	Saved/Backup/LVL_1_BuiltData_2018-05-13-22-42-53.uasset
[2018.05.16-20.14.24:614][  0]SourceControl: Info 	Saved/Backup/LVL_1_BuiltData_2018-05-13-23-12-40.uasset
[2018.05.16-20.14.24:614][  0]SourceControl: Info 	Saved/Backup/LVL_1_BuiltData_2018-05-14-22-12-30.uasset
[2018.05.16-20.14.24:614][  0]SourceControl: Info 	Saved/Backup/M_Verre_2018-05-13-22-25-06.uasset
[2018.05.16-20.14.24:614][  0]SourceControl: Info 	Saved/Backup/M_Verre_2018-05-13-23-32-31.uasset
[2018.05.16-20.14.24:614][  0]SourceControl: Info 	"Saved/Backup/M_plan\303\250te_1_2018-05-13-22-47-48.uasset"
[2018.05.16-20.14.24:614][  0]SourceControl: Info 	"Saved/Backup/M_plan\303\250te_1_2018-05-13-23-06-18.uasset"
[2018.05.16-20.14.24:614][  0]SourceControl: Info 	"Saved/Backup/M_plan\303\250te_1_2018-05-13-23-14-38.uasset"
[2018.05.16-20.14.24:614][  0]SourceControl: Info 	"Saved/Backup/M_plan\303\250te_1_2018-05-13-23-21-28.uasset"
[2018.05.16-20.14.24:614][  0]SourceControl: Info 	"Saved/Backup/M_plan\303\250te_1_2018-05-13-23-26-35.uasset"
[2018.05.16-20.14.24:614][  0]SourceControl: Info 	"Saved/Backup/M_plan\303\250te_1_2018-05-14-22-13-19.uasset"
[2018.05.16-20.14.24:614][  0]SourceControl: Info 	"Saved/Backup/gr\303\251sillement2_2018-05-09-23-19-08.uasset"
[2018.05.16-20.14.24:614][  0]SourceControl: Info 	"Saved/Backup/gr\303\251sillement2_2018-05-09-23-46-56.uasset"
[2018.05.16-20.14.24:614][  0]SourceControl: Info 	Saved/Config/CrashReportClient/UE4CC-Windows-46CA3FBF49C2002E5E41A9A948317828/
[2018.05.16-20.14.24:614][  0]SourceControl: Info 	Saved/Config/CrashReportClient/UE4CC-Windows-58443AE94C4229E2E84DB99D68858637/
[2018.05.16-20.14.24:614][  0]SourceControl: Info 	Saved/Config/CrashReportClient/UE4CC-Windows-D940500F42EA6B4B776093B6AE4A5773/
[2018.05.16-20.14.24:614][  0]SourceControl: Info 	Saved/HardwareSurvey/
[2018.05.16-20.14.24:614][  0]SourceControl: Info 	Saved/Logs/Alien_build-backup-2018.05.11-22.21.37.log
[2018.05.16-20.14.24:614][  0]SourceControl: Info 	Saved/Logs/Alien_build-backup-2018.05.13-21.45.45.log
[2018.05.16-20.14.24:614][  0]SourceControl: Info 	Saved/Logs/Alien_build-backup-2018.05.14-21.03.31.log
[2018.05.16-20.14.24:614][  0]SourceControl: Info 	Saved/Logs/Alien_build-backup-2018.05.14-22.02.20.log
[2018.05.16-20.14.24:614][  0]SourceControl: Info 	Saved/Logs/Alien_build-backup-2018.05.16-19.42.01.log
[2018.05.16-20.14.24:615][  0]SourceControl: Info 	Saved/Logs/Alien_build-backup-2018.05.16-22.04.35.log
[2018.05.16-20.14.24:615][  0]SourceControl: Info 	Saved/Logs/Alien_build_2-backup-2018.05.16-22.04.45.log
[2018.05.16-20.14.24:615][  0]SourceControl: Info 	Saved/Screenshots/Windows/ScreenShot00004.png
[2018.05.16-20.14.24:615][  0]SourceControl: Info 	Saved/Screenshots/Windows/ScreenShot00005.png
[2018.05.16-20.14.24:615][  0]LogContentStreaming: Texture pool size now 800 MB
[2018.05.16-20.14.24:690][  0]LogSlate: Took 0.000331 seconds to synchronously load lazily loaded font '../../../Engine/Content/Slate/Fonts/Roboto-Light.ttf' (159K)
[2018.05.16-20.14.25:275][  2]LogAssetRegistry: Asset discovery search completed in 458.3936 seconds
[2018.05.16-20.14.25:279][  2]LogCollectionManager: Rebuilt the object cache for 0 collections in 0.000001 seconds (found 0 objects)
[2018.05.16-20.14.25:279][  2]LogCollectionManager: Fixed up redirectors for 0 collections in 0.000121 seconds (updated 0 objects)
[2018.05.16-20.14.25:605][  3]LogSlate: Took 0.000407 seconds to synchronously load lazily loaded font '../../../Engine/Content/Slate/Fonts/Roboto-Light.ttf' (159K)
[2018.05.16-20.15.25:988][185]LogHttp:Warning: 000002BD127F9600: request failed, libcurl error: 51 (SSL peer certificate or SSH remote key was not OK)
[2018.05.16-20.15.25:988][185]LogHttp:Warning: 000002BD127F9600: libcurl info message cache 0 (  Trying 35.169.42.52...)
[2018.05.16-20.15.25:988][185]LogHttp:Warning: 000002BD127F9600: libcurl info message cache 1 (Connected to datarouter.ol.epicgames.com (35.169.42.52) port 443 (#0))
[2018.05.16-20.15.25:988][185]LogHttp:Warning: 000002BD127F9600: libcurl info message cache 2 (ALPN, offering http/1.1)
[2018.05.16-20.15.25:988][185]LogHttp:Warning: 000002BD127F9600: libcurl info message cache 3 (Cipher selection: ALL:!EXPORT:!EXPORT40:!EXPORT56:!aNULL:!LOW:!RC4:@STRENGTH)
[2018.05.16-20.15.25:988][185]LogHttp:Warning: 000002BD127F9600: libcurl info message cache 4 (TLSv1.2 (OUT), TLS header, Certificate Status (22):)
[2018.05.16-20.15.25:988][185]LogHttp:Warning: 000002BD127F9600: libcurl info message cache 5 (TLSv1.2 (OUT), TLS handshake, Client hello (1):)
[2018.05.16-20.15.25:988][185]LogHttp:Warning: 000002BD127F9600: libcurl info message cache 6 (TLSv1.0 (IN), TLS handshake, Server hello (2):)
[2018.05.16-20.15.25:988][185]LogHttp:Warning: 000002BD127F9600: libcurl info message cache 7 (TLSv1.0 (IN), TLS handshake, Certificate (11):)
[2018.05.16-20.15.25:988][185]LogHttp:Warning: 000002BD127F9600: libcurl info message cache 8 (TLSv1.0 (IN), TLS handshake, Server key exchange (12):)
[2018.05.16-20.15.25:988][185]LogHttp:Warning: 000002BD127F9600: libcurl info message cache 9 (TLSv1.0 (IN), TLS handshake, Server finished (14):)
[2018.05.16-20.15.25:988][185]LogHttp:Warning: 000002BD127F9600: libcurl info message cache 10 (TLSv1.0 (OUT), TLS handshake, Client key exchange (16):)
[2018.05.16-20.15.25:988][185]LogHttp:Warning: 000002BD127F9600: libcurl info message cache 11 (TLSv1.0 (OUT), TLS change cipher, Client hello (1):)
[2018.05.16-20.15.25:988][185]LogHttp:Warning: 000002BD127F9600: libcurl info message cache 12 (TLSv1.0 (OUT), TLS handshake, Finished (20):)
[2018.05.16-20.15.25:988][185]LogHttp:Warning: 000002BD127F9600: libcurl info message cache 13 (TLSv1.0 (IN), TLS change cipher, Client hello (1):)
[2018.05.16-20.15.25:988][185]LogHttp:Warning: 000002BD127F9600: libcurl info message cache 14 (TLSv1.0 (IN), TLS handshake, Finished (20):)
[2018.05.16-20.15.25:988][185]LogHttp:Warning: 000002BD127F9600: libcurl info message cache 15 (SSL connection using TLSv1.0 / DHE-RSA-AES256-SHA)
[2018.05.16-20.15.25:988][185]LogHttp:Warning: 000002BD127F9600: libcurl info message cache 16 (ALPN, server did not agree to a protocol)
[2018.05.16-20.15.25:988][185]LogHttp:Warning: 000002BD127F9600: libcurl info message cache 17 (Server certificate:)
[2018.05.16-20.15.25:988][185]LogHttp:Warning: 000002BD127F9600: libcurl info message cache 18 (	 subject: C=FR; ST=France; L=Meudon; O=Bouygues Telecom; CN=Bbox)
[2018.05.16-20.15.25:988][185]LogHttp:Warning: 000002BD127F9600: libcurl info message cache 19 (	 start date: May 27 08:50:31 2013 GMT)
[2018.05.16-20.15.25:988][185]LogHttp:Warning: 000002BD127F9600: libcurl info message cache 20 (	 expire date: May 25 08:50:31 2023 GMT)
[2018.05.16-20.15.25:988][185]LogHttp:Warning: 000002BD127F9600: libcurl info message cache 21 (SSL: certificate subject name 'Bbox' does not match target host name 'datarouter.ol.epicgames.com')
[2018.05.16-20.15.25:988][185]LogHttp:Warning: 000002BD127F9600: libcurl info message cache 22 (Closing connection 0)
[2018.05.16-20.15.25:988][185]LogHttp:Warning: 000002BD127F9600: libcurl info message cache 23 (TLSv1.0 (OUT), TLS alert, Client hello (1):)
[2018.05.16-20.16.24:678][361]LogHttp:Warning: 000002BD0F631180: request failed, libcurl error: 51 (SSL peer certificate or SSH remote key was not OK)
[2018.05.16-20.16.24:678][361]LogHttp:Warning: 000002BD0F631180: libcurl info message cache 0 (Hostname in DNS cache was stale, zapped)
[2018.05.16-20.16.24:678][361]LogHttp:Warning: 000002BD0F631180: libcurl info message cache 1 (  Trying 52.3.214.110...)
[2018.05.16-20.16.24:678][361]LogHttp:Warning: 000002BD0F631180: libcurl info message cache 2 (Connected to datarouter.ol.epicgames.com (52.3.214.110) port 443 (#1))
[2018.05.16-20.16.24:678][361]LogHttp:Warning: 000002BD0F631180: libcurl info message cache 3 (ALPN, offering http/1.1)
[2018.05.16-20.16.24:678][361]LogHttp:Warning: 000002BD0F631180: libcurl info message cache 4 (Cipher selection: ALL:!EXPORT:!EXPORT40:!EXPORT56:!aNULL:!LOW:!RC4:@STRENGTH)
[2018.05.16-20.16.24:678][361]LogHttp:Warning: 000002BD0F631180: libcurl info message cache 5 (SSL re-using session ID)
[2018.05.16-20.16.24:678][361]LogHttp:Warning: 000002BD0F631180: libcurl info message cache 6 (TLSv1.0 (OUT), TLS handshake, Client hello (1):)
[2018.05.16-20.16.24:678][361]LogHttp:Warning: 000002BD0F631180: libcurl info message cache 7 (TLSv1.0 (IN), TLS handshake, Server hello (2):)
[2018.05.16-20.16.24:678][361]LogHttp:Warning: 000002BD0F631180: libcurl info message cache 8 (TLSv1.0 (IN), TLS change cipher, Client hello (1):)
[2018.05.16-20.16.24:678][361]LogHttp:Warning: 000002BD0F631180: libcurl info message cache 9 (TLSv1.0 (IN), TLS handshake, Finished (20):)
[2018.05.16-20.16.24:678][361]LogHttp:Warning: 000002BD0F631180: libcurl info message cache 10 (TLSv1.0 (OUT), TLS change cipher, Client hello (1):)
[2018.05.16-20.16.24:678][361]LogHttp:Warning: 000002BD0F631180: libcurl info message cache 11 (TLSv1.0 (OUT), TLS handshake, Finished (20):)
[2018.05.16-20.16.24:678][361]LogHttp:Warning: 000002BD0F631180: libcurl info message cache 12 (SSL connection using TLSv1.0 / DHE-RSA-AES256-SHA)
[2018.05.16-20.16.24:678][361]LogHttp:Warning: 000002BD0F631180: libcurl info message cache 13 (ALPN, server did not agree to a protocol)
[2018.05.16-20.16.24:678][361]LogHttp:Warning: 000002BD0F631180: libcurl info message cache 14 (Server certificate:)
[2018.05.16-20.16.24:678][361]LogHttp:Warning: 000002BD0F631180: libcurl info message cache 15 (	 subject: C=FR; ST=France; L=Meudon; O=Bouygues Telecom; CN=Bbox)
[2018.05.16-20.16.24:678][361]LogHttp:Warning: 000002BD0F631180: libcurl info message cache 16 (	 start date: May 27 08:50:31 2013 GMT)
[2018.05.16-20.16.24:679][361]LogHttp:Warning: 000002BD0F631180: libcurl info message cache 17 (	 expire date: May 25 08:50:31 2023 GMT)
[2018.05.16-20.16.24:679][361]LogHttp:Warning: 000002BD0F631180: libcurl info message cache 18 (SSL: certificate subject name 'Bbox' does not match target host name 'datarouter.ol.epicgames.com')
[2018.05.16-20.16.24:679][361]LogHttp:Warning: 000002BD0F631180: libcurl info message cache 19 (Closing connection 1)
[2018.05.16-20.16.24:679][361]LogHttp:Warning: 000002BD0F631180: libcurl info message cache 20 (TLSv1.0 (OUT), TLS alert, Client hello (1):)
[2018.05.16-20.17.24:984][541]LogHttp:Warning: 000002BD1E42D780: request failed, libcurl error: 51 (SSL peer certificate or SSH remote key was not OK)
[2018.05.16-20.17.24:984][541]LogHttp:Warning: 000002BD1E42D780: libcurl info message cache 0 (Hostname in DNS cache was stale, zapped)
[2018.05.16-20.17.24:984][541]LogHttp:Warning: 000002BD1E42D780: libcurl info message cache 1 (  Trying 52.3.214.110...)
[2018.05.16-20.17.24:984][541]LogHttp:Warning: 000002BD1E42D780: libcurl info message cache 2 (Connected to datarouter.ol.epicgames.com (52.3.214.110) port 443 (#2))
[2018.05.16-20.17.24:984][541]LogHttp:Warning: 000002BD1E42D780: libcurl info message cache 3 (ALPN, offering http/1.1)
[2018.05.16-20.17.24:984][541]LogHttp:Warning: 000002BD1E42D780: libcurl info message cache 4 (Cipher selection: ALL:!EXPORT:!EXPORT40:!EXPORT56:!aNULL:!LOW:!RC4:@STRENGTH)
[2018.05.16-20.17.24:984][541]LogHttp:Warning: 000002BD1E42D780: libcurl info message cache 5 (SSL re-using session ID)
[2018.05.16-20.17.24:984][541]LogHttp:Warning: 000002BD1E42D780: libcurl info message cache 6 (TLSv1.0 (OUT), TLS handshake, Client hello (1):)
[2018.05.16-20.17.24:984][541]LogHttp:Warning: 000002BD1E42D780: libcurl info message cache 7 (TLSv1.0 (IN), TLS handshake, Server hello (2):)
[2018.05.16-20.17.24:984][541]LogHttp:Warning: 000002BD1E42D780: libcurl info message cache 8 (TLSv1.0 (IN), TLS change cipher, Client hello (1):)
[2018.05.16-20.17.24:984][541]LogHttp:Warning: 000002BD1E42D780: libcurl info message cache 9 (TLSv1.0 (IN), TLS handshake, Finished (20):)
[2018.05.16-20.17.24:984][541]LogHttp:Warning: 000002BD1E42D780: libcurl info message cache 10 (TLSv1.0 (OUT), TLS change cipher, Client hello (1):)
[2018.05.16-20.17.24:984][541]LogHttp:Warning: 000002BD1E42D780: libcurl info message cache 11 (TLSv1.0 (OUT), TLS handshake, Finished (20):)
[2018.05.16-20.17.24:984][541]LogHttp:Warning: 000002BD1E42D780: libcurl info message cache 12 (SSL connection using TLSv1.0 / DHE-RSA-AES256-SHA)
[2018.05.16-20.17.24:984][541]LogHttp:Warning: 000002BD1E42D780: libcurl info message cache 13 (ALPN, server did not agree to a protocol)
[2018.05.16-20.17.24:984][541]LogHttp:Warning: 000002BD1E42D780: libcurl info message cache 14 (Server certificate:)
[2018.05.16-20.17.24:984][541]LogHttp:Warning: 000002BD1E42D780: libcurl info message cache 15 (	 subject: C=FR; ST=France; L=Meudon; O=Bouygues Telecom; CN=Bbox)
[2018.05.16-20.17.24:984][541]LogHttp:Warning: 000002BD1E42D780: libcurl info message cache 16 (	 start date: May 27 08:50:31 2013 GMT)
[2018.05.16-20.17.24:984][541]LogHttp:Warning: 000002BD1E42D780: libcurl info message cache 17 (	 expire date: May 25 08:50:31 2023 GMT)
[2018.05.16-20.17.24:984][541]LogHttp:Warning: 000002BD1E42D780: libcurl info message cache 18 (SSL: certificate subject name 'Bbox' does not match target host name 'datarouter.ol.epicgames.com')
[2018.05.16-20.17.24:984][541]LogHttp:Warning: 000002BD1E42D780: libcurl info message cache 19 (Closing connection 2)
[2018.05.16-20.17.24:984][541]LogHttp:Warning: 000002BD1E42D780: libcurl info message cache 20 (TLSv1.0 (OUT), TLS alert, Client hello (1):)
[2018.05.16-20.19.24:681][900]LogHttp:Warning: 000002BD0F5C8700: request failed, libcurl error: 51 (SSL peer certificate or SSH remote key was not OK)
[2018.05.16-20.19.24:681][900]LogHttp:Warning: 000002BD0F5C8700: libcurl info message cache 0 (Hostname in DNS cache was stale, zapped)
[2018.05.16-20.19.24:681][900]LogHttp:Warning: 000002BD0F5C8700: libcurl info message cache 1 (  Trying 34.233.246.175...)
[2018.05.16-20.19.24:681][900]LogHttp:Warning: 000002BD0F5C8700: libcurl info message cache 2 (Connected to datarouter.ol.epicgames.com (34.233.246.175) port 443 (#3))
[2018.05.16-20.19.24:681][900]LogHttp:Warning: 000002BD0F5C8700: libcurl info message cache 3 (ALPN, offering http/1.1)
[2018.05.16-20.19.24:681][900]LogHttp:Warning: 000002BD0F5C8700: libcurl info message cache 4 (Cipher selection: ALL:!EXPORT:!EXPORT40:!EXPORT56:!aNULL:!LOW:!RC4:@STRENGTH)
[2018.05.16-20.19.24:681][900]LogHttp:Warning: 000002BD0F5C8700: libcurl info message cache 5 (SSL re-using session ID)
[2018.05.16-20.19.24:681][900]LogHttp:Warning: 000002BD0F5C8700: libcurl info message cache 6 (TLSv1.0 (OUT), TLS handshake, Client hello (1):)
[2018.05.16-20.19.24:681][900]LogHttp:Warning: 000002BD0F5C8700: libcurl info message cache 7 (TLSv1.0 (IN), TLS handshake, Server hello (2):)
[2018.05.16-20.19.24:681][900]LogHttp:Warning: 000002BD0F5C8700: libcurl info message cache 8 (TLSv1.0 (IN), TLS change cipher, Client hello (1):)
[2018.05.16-20.19.24:681][900]LogHttp:Warning: 000002BD0F5C8700: libcurl info message cache 9 (TLSv1.0 (IN), TLS handshake, Finished (20):)
[2018.05.16-20.19.24:681][900]LogHttp:Warning: 000002BD0F5C8700: libcurl info message cache 10 (TLSv1.0 (OUT), TLS change cipher, Client hello (1):)
[2018.05.16-20.19.24:681][900]LogHttp:Warning: 000002BD0F5C8700: libcurl info message cache 11 (TLSv1.0 (OUT), TLS handshake, Finished (20):)
[2018.05.16-20.19.24:681][900]LogHttp:Warning: 000002BD0F5C8700: libcurl info message cache 12 (SSL connection using TLSv1.0 / DHE-RSA-AES256-SHA)
[2018.05.16-20.19.24:681][900]LogHttp:Warning: 000002BD0F5C8700: libcurl info message cache 13 (ALPN, server did not agree to a protocol)
[2018.05.16-20.19.24:681][900]LogHttp:Warning: 000002BD0F5C8700: libcurl info message cache 14 (Server certificate:)
[2018.05.16-20.19.24:681][900]LogHttp:Warning: 000002BD0F5C8700: libcurl info message cache 15 (	 subject: C=FR; ST=France; L=Meudon; O=Bouygues Telecom; CN=Bbox)
[2018.05.16-20.19.24:681][900]LogHttp:Warning: 000002BD0F5C8700: libcurl info message cache 16 (	 start date: May 27 08:50:31 2013 GMT)
[2018.05.16-20.19.24:681][900]LogHttp:Warning: 000002BD0F5C8700: libcurl info message cache 17 (	 expire date: May 25 08:50:31 2023 GMT)
[2018.05.16-20.19.24:681][900]LogHttp:Warning: 000002BD0F5C8700: libcurl info message cache 18 (SSL: certificate subject name 'Bbox' does not match target host name 'datarouter.ol.epicgames.com')
[2018.05.16-20.19.24:681][900]LogHttp:Warning: 000002BD0F5C8700: libcurl info message cache 19 (Closing connection 3)
[2018.05.16-20.19.24:681][900]LogHttp:Warning: 000002BD0F5C8700: libcurl info message cache 20 (TLSv1.0 (OUT), TLS alert, Client hello (1):)
[2018.05.16-20.20.24:724][ 80]LogHttp:Warning: 000002BD0F073D00: request failed, libcurl error: 51 (SSL peer certificate or SSH remote key was not OK)
[2018.05.16-20.20.24:724][ 80]LogHttp:Warning: 000002BD0F073D00: libcurl info message cache 0 (Hostname in DNS cache was stale, zapped)
[2018.05.16-20.20.24:724][ 80]LogHttp:Warning: 000002BD0F073D00: libcurl info message cache 1 (  Trying 52.4.200.136...)
[2018.05.16-20.20.24:724][ 80]LogHttp:Warning: 000002BD0F073D00: libcurl info message cache 2 (Connected to datarouter.ol.epicgames.com (52.4.200.136) port 443 (#4))
[2018.05.16-20.20.24:724][ 80]LogHttp:Warning: 000002BD0F073D00: libcurl info message cache 3 (ALPN, offering http/1.1)
[2018.05.16-20.20.24:724][ 80]LogHttp:Warning: 000002BD0F073D00: libcurl info message cache 4 (Cipher selection: ALL:!EXPORT:!EXPORT40:!EXPORT56:!aNULL:!LOW:!RC4:@STRENGTH)
[2018.05.16-20.20.24:724][ 80]LogHttp:Warning: 000002BD0F073D00: libcurl info message cache 5 (SSL re-using session ID)
[2018.05.16-20.20.24:724][ 80]LogHttp:Warning: 000002BD0F073D00: libcurl info message cache 6 (TLSv1.0 (OUT), TLS handshake, Client hello (1):)
[2018.05.16-20.20.24:724][ 80]LogHttp:Warning: 000002BD0F073D00: libcurl info message cache 7 (TLSv1.0 (IN), TLS handshake, Server hello (2):)
[2018.05.16-20.20.24:724][ 80]LogHttp:Warning: 000002BD0F073D00: libcurl info message cache 8 (TLSv1.0 (IN), TLS change cipher, Client hello (1):)
[2018.05.16-20.20.24:724][ 80]LogHttp:Warning: 000002BD0F073D00: libcurl info message cache 9 (TLSv1.0 (IN), TLS handshake, Finished (20):)
[2018.05.16-20.20.24:724][ 80]LogHttp:Warning: 000002BD0F073D00: libcurl info message cache 10 (TLSv1.0 (OUT), TLS change cipher, Client hello (1):)
[2018.05.16-20.20.24:724][ 80]LogHttp:Warning: 000002BD0F073D00: libcurl info message cache 11 (TLSv1.0 (OUT), TLS handshake, Finished (20):)
[2018.05.16-20.20.24:724][ 80]LogHttp:Warning: 000002BD0F073D00: libcurl info message cache 12 (SSL connection using TLSv1.0 / DHE-RSA-AES256-SHA)
[2018.05.16-20.20.24:724][ 80]LogHttp:Warning: 000002BD0F073D00: libcurl info message cache 13 (ALPN, server did not agree to a protocol)
[2018.05.16-20.20.24:724][ 80]LogHttp:Warning: 000002BD0F073D00: libcurl info message cache 14 (Server certificate:)
[2018.05.16-20.20.24:724][ 80]LogHttp:Warning: 000002BD0F073D00: libcurl info message cache 15 (	 subject: C=FR; ST=France; L=Meudon; O=Bouygues Telecom; CN=Bbox)
[2018.05.16-20.20.24:724][ 80]LogHttp:Warning: 000002BD0F073D00: libcurl info message cache 16 (	 start date: May 27 08:50:31 2013 GMT)
[2018.05.16-20.20.24:724][ 80]LogHttp:Warning: 000002BD0F073D00: libcurl info message cache 17 (	 expire date: May 25 08:50:31 2023 GMT)
[2018.05.16-20.20.24:724][ 80]LogHttp:Warning: 000002BD0F073D00: libcurl info message cache 18 (SSL: certificate subject name 'Bbox' does not match target host name 'datarouter.ol.epicgames.com')
[2018.05.16-20.20.24:724][ 80]LogHttp:Warning: 000002BD0F073D00: libcurl info message cache 19 (Closing connection 4)
[2018.05.16-20.20.24:724][ 80]LogHttp:Warning: 000002BD0F073D00: libcurl info message cache 20 (TLSv1.0 (OUT), TLS alert, Client hello (1):)
[2018.05.16-20.34.31:506][602]LogWindowsTextInputMethodSystem:Display: IME system now deactivated.
[2018.05.16-20.34.31:506][602]LogWindowsTextInputMethodSystem:Display: IME system now deactivated.
[2018.05.16-20.34.35:496][603]Cmd: QUIT_EDITOR
[2018.05.16-20.34.39:090][603]LogExit: Preparing to exit.
[2018.05.16-20.34.45:593][603]LogDirectoryWatcher: A directory notification for 'C:/Users/mathi/Desktop/Alien_build/Alien_rep/Content/' was aborted.
[2018.05.16-20.34.49:449][603]LogExit: Editor shut down
[2018.05.16-20.34.49:536][603]LogExit: Transaction tracking system shut down
[2018.05.16-20.35.11:381][603]LogObj: Freed 0b from 0 cluster array pools.
[2018.05.16-20.35.11:381][603]LogExit: Object subsystem successfully closed.
[2018.05.16-20.35.14:846][603]LogD3D11RHI: Shutdown
[2018.05.16-20.35.14:846][603]LogD3D11RHI: CleanupD3DDevice
[2018.05.16-20.35.17:533][603]LogD3D11RHI: ~FD3D11DynamicRHI
[2018.05.16-20.35.26:821][603]LogModuleManager: Shutting down and abandoning module HierarchicalLODOutliner (504)
[2018.05.16-20.35.27:038][603]LogModuleManager: Shutting down and abandoning module CrashTracker (502)
[2018.05.16-20.35.27:114][603]LogModuleManager: Shutting down and abandoning module SceneOutliner (500)
[2018.05.16-20.35.27:164][603]LogModuleManager: Shutting down and abandoning module AddContentDialog (498)
[2018.05.16-20.35.27:703][603]LogDirectoryWatcher: A directory notification for 'C:/Program Files/Epic Games/UE_4.16/FeaturePacks/' was aborted.
[2018.05.16-20.35.27:716][603]LogModuleManager: Shutting down and abandoning module WidgetCarousel (497)
[2018.05.16-20.35.27:716][603]LogModuleManager: Shutting down and abandoning module EditorWidgets (494)
[2018.05.16-20.35.27:716][603]LogModuleManager: Shutting down and abandoning module CollectionManager (492)
[2018.05.16-20.35.27:716][603]LogDirectoryWatcher: A directory notification for 'C:/Users/mathi/Desktop/Alien_build/Alien_rep/Content/Collections/' was aborted.
[2018.05.16-20.35.27:716][603]LogDirectoryWatcher: A directory notification for 'C:/Users/mathi/Desktop/Alien_build/Alien_rep/Content/Developers/mathi/Collections/' was aborted.
[2018.05.16-20.35.27:716][603]LogDirectoryWatcher: A directory notification for 'C:/Users/mathi/Desktop/Alien_build/Alien_rep/Saved/Collections/' was aborted.
[2018.05.16-20.35.27:716][603]LogModuleManager: Shutting down and abandoning module StatsViewer (490)
[2018.05.16-20.35.27:729][603]LogModuleManager: Shutting down and abandoning module FoliageEdit (488)
[2018.05.16-20.35.27:740][603]LogModuleManager: Shutting down and abandoning module LandscapeEditor (486)
[2018.05.16-20.35.28:442][603]LogModuleManager: Shutting down and abandoning module MeshPaintMode (484)
[2018.05.16-20.35.28:442][603]LogModuleManager: Shutting down and abandoning module SceneDepthPickerMode (482)
[2018.05.16-20.35.28:442][603]LogModuleManager: Shutting down and abandoning module ActorPickerMode (480)
[2018.05.16-20.35.28:442][603]LogModuleManager: Shutting down and abandoning module GeometryMode (478)
[2018.05.16-20.35.28:442][603]LogModuleManager: Shutting down and abandoning module TextureAlignMode (476)
[2018.05.16-20.35.28:442][603]LogModuleManager: Shutting down and abandoning module BspMode (474)
[2018.05.16-20.35.28:467][603]LogModuleManager: Shutting down and abandoning module HardwareSurvey (472)
[2018.05.16-20.35.28:484][603]LogModuleManager: Shutting down and abandoning module SequenceRecorderSections (470)
[2018.05.16-20.35.28:495][603]LogModuleManager: Shutting down and abandoning module SequenceRecorder (468)
[2018.05.16-20.35.29:231][603]LogModuleManager: Shutting down and abandoning module AutomationWorker (466)
[2018.05.16-20.35.29:299][603]LogModuleManager: Shutting down and abandoning module SteamAudioEditor (464)
[2018.05.16-20.35.29:299][603]LogModuleManager: Shutting down and abandoning module LevelSequenceEditor (462)
[2018.05.16-20.35.31:044][603]LogModuleManager: Shutting down and abandoning module PlacementMode (461)
[2018.05.16-20.35.31:044][603]LogModuleManager: Shutting down and abandoning module WmfMediaFactory (458)
[2018.05.16-20.35.31:045][603]LogModuleManager: Shutting down and abandoning module Media (457)
[2018.05.16-20.35.31:045][603]LogModuleManager: Shutting down and abandoning module WmfMediaEditor (454)
[2018.05.16-20.35.31:045][603]LogModuleManager: Shutting down and abandoning module ControlRigEditor (452)
[2018.05.16-20.35.31:429][603]LogModuleManager: Shutting down and abandoning module CharacterAI (450)
[2018.05.16-20.35.31:429][603]LogModuleManager: Shutting down and abandoning module SmartSnapping (448)
[2018.05.16-20.35.31:429][603]LogModuleManager: Shutting down and abandoning module SessionServices (446)
[2018.05.16-20.35.31:429][603]LogModuleManager: Shutting down and abandoning module ViewportSnapping (444)
[2018.05.16-20.35.31:429][603]LogModuleManager: Shutting down and abandoning module ViewportInteraction (442)
[2018.05.16-20.35.31:429][603]LogModuleManager: Shutting down and abandoning module ClothPainter (440)
[2018.05.16-20.35.32:350][603]LogModuleManager: Shutting down and abandoning module LogVisualizer (438)
[2018.05.16-20.35.32:404][603]LogModuleManager: Shutting down and abandoning module IntroTutorials (436)
[2018.05.16-20.35.33:314][603]LogModuleManager: Shutting down and abandoning module GameProjectGeneration (435)
[2018.05.16-20.35.33:751][603]LogModuleManager: Shutting down and abandoning module EditorLiveStreaming (432)
[2018.05.16-20.35.33:751][603]LogModuleManager: Shutting down and abandoning module IOSPlatformEditor (430)
[2018.05.16-20.35.33:852][603]LogModuleManager: Shutting down and abandoning module HTML5PlatformEditor (428)
[2018.05.16-20.35.33:852][603]LogModuleManager: Shutting down and abandoning module AndroidPlatformEditor (426)
[2018.05.16-20.35.33:853][603]LogModuleManager: Shutting down and abandoning module AndroidDeviceDetection (424)
[2018.05.16-20.35.34:197][603]LogModuleManager: Shutting down and abandoning module IOSRuntimeSettings (421)
[2018.05.16-20.35.34:197][603]LogModuleManager: Shutting down and abandoning module AndroidRuntimeSettings (419)
[2018.05.16-20.35.34:197][603]LogModuleManager: Shutting down and abandoning module InputBindingEditor (417)
[2018.05.16-20.35.34:675][603]LogModuleManager: Shutting down and abandoning module MergeActors (415)
[2018.05.16-20.35.34:698][603]LogModuleManager: Shutting down and abandoning module SizeMap (413)
[2018.05.16-20.35.34:698][603]LogModuleManager: Shutting down and abandoning module TreeMap (411)
[2018.05.16-20.35.34:810][603]LogModuleManager: Shutting down and abandoning module ReferenceViewer (409)
[2018.05.16-20.35.34:898][603]LogModuleManager: Shutting down and abandoning module LocalizationDashboard (407)
[2018.05.16-20.35.35:090][603]LogModuleManager: Shutting down and abandoning module LocalizationService (406)
[2018.05.16-20.35.35:145][603]LogModuleManager: Shutting down and abandoning module HardwareTargeting (403)
[2018.05.16-20.35.35:263][603]LogModuleManager: Shutting down and abandoning module DeviceProfileEditor (401)
[2018.05.16-20.35.35:421][603]LogModuleManager: Shutting down and abandoning module UndoHistory (399)
[2018.05.16-20.35.36:436][603]LogModuleManager: Shutting down and abandoning module UserFeedback (397)
[2018.05.16-20.35.36:436][603]LogModuleManager: Shutting down and abandoning module XmlParser (395)
[2018.05.16-20.35.37:505][603]LogModuleManager: Shutting down and abandoning module Blutility (393)
[2018.05.16-20.35.37:943][603]LogModuleManager: Shutting down and abandoning module ProjectSettingsViewer (391)
[2018.05.16-20.35.37:943][603]LogModuleManager: Shutting down and abandoning module ProjectTargetPlatformEditor (390)
[2018.05.16-20.35.37:944][603]LogModuleManager: Shutting down and abandoning module EditorSettingsViewer (387)
[2018.05.16-20.35.37:944][603]LogModuleManager: Shutting down and abandoning module SettingsEditor (385)
[2018.05.16-20.35.38:034][603]LogModuleManager: Shutting down and abandoning module ProjectLauncher (383)
[2018.05.16-20.35.38:578][603]LogModuleManager: Shutting down and abandoning module SessionFrontend (381)
[2018.05.16-20.35.38:725][603]LogModuleManager: Shutting down and abandoning module ProfilerClient (379)
[2018.05.16-20.35.38:811][603]LogModuleManager: Shutting down and abandoning module DeviceManager (377)
[2018.05.16-20.35.39:159][603]LogModuleManager: Shutting down and abandoning module TargetDeviceServices (376)
[2018.05.16-20.35.39:224][603]LogModuleManager: Shutting down and abandoning module AutomationController (373)
[2018.05.16-20.35.39:400][603]LogModuleManager: Shutting down and abandoning module AutomationWindow (371)
[2018.05.16-20.35.39:653][603]LogModuleManager: Shutting down and abandoning module Layers (369)
[2018.05.16-20.35.40:346][603]LogModuleManager: Shutting down and abandoning module ComponentVisualizers (367)
[2018.05.16-20.35.40:346][603]LogModuleManager: Shutting down and abandoning module DetailCustomizations (365)
[2018.05.16-20.35.40:610][603]LogModuleManager: Shutting down and abandoning module PackagesDialog (363)
[2018.05.16-20.35.40:675][603]LogModuleManager: Shutting down and abandoning module Persona (361)
[2018.05.16-20.35.40:676][603]LogModuleManager: Shutting down and abandoning module AdvancedPreviewScene (360)
[2018.05.16-20.35.40:676][603]LogModuleManager: Shutting down and abandoning module AnimGraph (358)
[2018.05.16-20.35.40:676][603]LogModuleManager: Shutting down and abandoning module Kismet (355)
[2018.05.16-20.35.40:743][603]LogModuleManager: Shutting down and abandoning module ClassViewer (353)
[2018.05.16-20.35.40:821][603]LogModuleManager: Shutting down and abandoning module Toolbox (351)
[2018.05.16-20.35.40:874][603]LogModuleManager: Shutting down and abandoning module ModuleUI (349)
[2018.05.16-20.35.41:324][603]LogModuleManager: Shutting down and abandoning module MovieSceneTools (347)
[2018.05.16-20.35.41:433][603]LogModuleManager: Shutting down and abandoning module OutputLog (345)
[2018.05.16-20.35.41:433][603]LogModuleManager: Shutting down and abandoning module GammaUI (343)
[2018.05.16-20.35.41:452][603]LogModuleManager: Shutting down and abandoning module Documentation (341)
[2018.05.16-20.35.41:452][603]LogModuleManager: Shutting down and abandoning module MovieSceneTracks (339)
[2018.05.16-20.35.41:452][603]LogModuleManager: Shutting down and abandoning module MovieScene (337)
[2018.05.16-20.35.41:452][603]LogModuleManager: Shutting down and abandoning module GeometryCache (335)
[2018.05.16-20.35.41:469][603]LogModuleManager: Shutting down and abandoning module GeometryCacheEd (334)
[2018.05.16-20.35.41:469][603]LogModuleManager: Shutting down and abandoning module Niagara (331)
[2018.05.16-20.35.41:469][603]LogModuleManager: Shutting down and abandoning module NiagaraEditor (330)
[2018.05.16-20.35.41:621][603]LogModuleManager: Shutting down and abandoning module StreamingPauseRendering (327)
[2018.05.16-20.35.41:621][603]LogModuleManager: Shutting down and abandoning module AnalyticsET (325)
[2018.05.16-20.35.41:621][603]LogModuleManager: Shutting down and abandoning module PortalServices (323)
[2018.05.16-20.35.41:621][603]LogModuleManager: Shutting down and abandoning module PortalRpc (321)
[2018.05.16-20.35.41:621][603]LogModuleManager: Shutting down and abandoning module MessagingRpc (319)
[2018.05.16-20.35.41:621][603]LogModuleManager: Shutting down and abandoning module AIModule (317)
[2018.05.16-20.35.41:641][603]LogModuleManager: Shutting down and abandoning module GameplayDebugger (316)
[2018.05.16-20.35.41:642][603]LogModuleManager: Shutting down and abandoning module AITestSuite (314)
[2018.05.16-20.35.41:661][603]LogModuleManager: Shutting down and abandoning module ProfilerService (311)
[2018.05.16-20.35.41:669][603]LogModuleManager: Shutting down and abandoning module TaskGraph (309)
[2018.05.16-20.35.41:709][603]LogModuleManager: Shutting down and abandoning module SteamVRController (307)
[2018.05.16-20.35.41:709][603]LogModuleManager: Shutting down and abandoning module SteamVR (305)
[2018.05.16-20.35.41:709][603]LogModuleManager: Shutting down and abandoning module ProceduralMeshComponentEditor (303)
[2018.05.16-20.35.41:756][603]LogModuleManager: Shutting down and abandoning module ProceduralMeshComponent (301)
[2018.05.16-20.35.41:765][603]LogModuleManager: Shutting down and abandoning module OculusLibrary (299)
[2018.05.16-20.35.41:765][603]LogModuleManager: Shutting down and abandoning module OculusInput (297)
[2018.05.16-20.35.41:765][603]LogModuleManager: Shutting down and abandoning module Ansel (295)
[2018.05.16-20.35.41:782][603]LogModuleManager: Shutting down and abandoning module CustomMeshComponent (293)
[2018.05.16-20.35.41:782][603]LogModuleManager: Shutting down and abandoning module CableComponent (291)
[2018.05.16-20.35.41:782][603]LogModuleManager: Shutting down and abandoning module ArchVisCharacter (289)
[2018.05.16-20.35.41:782][603]LogModuleManager: Shutting down and abandoning module MediaPlayerEditor (287)
[2018.05.16-20.35.41:846][603]LogModuleManager: Shutting down and abandoning module HTML5Networking (285)
[2018.05.16-20.35.41:859][603]LogModuleManager: Shutting down and abandoning module CodeView (283)
[2018.05.16-20.35.41:874][603]LogModuleManager: Shutting down and abandoning module CodeEditor (281)
[2018.05.16-20.35.41:925][603]LogModuleManager: Shutting down and abandoning module SuperSearchEditor (279)
[2018.05.16-20.35.41:925][603]LogModuleManager: Shutting down and abandoning module SuperSearch (278)
[2018.05.16-20.35.41:925][603]LogModuleManager: Shutting down and abandoning module PluginBrowser (275)
[2018.05.16-20.35.41:960][603]LogModuleManager: Shutting down and abandoning module MobileLauncherProfileWizard (273)
[2018.05.16-20.35.42:040][603]LogModuleManager: Shutting down and abandoning module VisualStudioSourceCodeAccess (271)
[2018.05.16-20.35.42:041][603]LogModuleManager: Shutting down and abandoning module DesktopPlatform (270)
[2018.05.16-20.35.42:096][603]LogModuleManager: Shutting down and abandoning module SubversionSourceControl (267)
[2018.05.16-20.35.42:108][603]LogModuleManager: Shutting down and abandoning module PerforceSourceControl (265)
[2018.05.16-20.35.42:171][603]LogModuleManager: Shutting down and abandoning module GitSourceControl (263)
[2018.05.16-20.35.42:194][603]LogModuleManager: Shutting down and abandoning module SourceControl (262)
[2018.05.16-20.35.42:195][603]LogModuleManager: Shutting down and abandoning module LightPropagationVolumeEditor (259)
[2018.05.16-20.35.42:195][603]LogModuleManager: Shutting down and abandoning module PaperTiledImporter (257)
[2018.05.16-20.35.42:195][603]LogModuleManager: Shutting down and abandoning module PaperSpriteSheetImporter (255)
[2018.05.16-20.35.42:195][603]LogModuleManager: Shutting down and abandoning module Paper2DEditor (253)
[2018.05.16-20.35.42:457][603]LogModuleManager: Shutting down and abandoning module MeshPaint (252)
[2018.05.16-20.35.42:610][603]LogModuleManager: Shutting down and abandoning module LevelEditor (250)
[2018.05.16-20.35.42:633][603]LogModuleManager: Shutting down and abandoning module PixelInspectorModule (249)
[2018.05.16-20.35.42:656][603]LogModuleManager: Shutting down and abandoning module MainFrame (247)
[2018.05.16-20.35.42:671][603]LogModuleManager: Shutting down and abandoning module HotReload (246)
[2018.05.16-20.35.42:680][603]LogDirectoryWatcher: A directory notification for 'C:/Users/mathi/Desktop/Alien_build/Alien_rep/Binaries/Win64' was aborted.
[2018.05.16-20.35.42:766][603]LogModuleManager: Shutting down and abandoning module Alien_build (241)
[2018.05.16-20.35.42:766][603]LogModuleManager: Shutting down and abandoning module SteamAudio (239)
[2018.05.16-20.35.42:766][603]LogSteamAudio: FSteamAudioModule Shutdown
[2018.05.16-20.35.42:783][603]LogModuleManager: Shutting down and abandoning module PhysXVehiclesEditor (237)
[2018.05.16-20.35.42:804][603]LogModuleManager: Shutting down and abandoning module PhysXVehicles (235)
[2018.05.16-20.35.42:804][603]LogModuleManager: Shutting down and abandoning module LocationServicesBPLibrary (233)
[2018.05.16-20.35.42:804][603]LogModuleManager: Shutting down and abandoning module ImmediatePhysicsEditor (231)
[2018.05.16-20.35.42:804][603]LogModuleManager: Shutting down and abandoning module ImmediatePhysics (229)
[2018.05.16-20.35.42:829][603]LogModuleManager: Shutting down and abandoning module ControlRig (227)
[2018.05.16-20.35.42:829][603]LogModuleManager: Shutting down and abandoning module GameplayTagsEditor (225)
[2018.05.16-20.35.42:853][603]LogModuleManager: Shutting down and abandoning module FacialAnimationEditor (223)
[2018.05.16-20.35.42:867][603]LogModuleManager: Shutting down and abandoning module FacialAnimation (221)
[2018.05.16-20.35.42:867][603]LogModuleManager: Shutting down and abandoning module AssetManagerEditor (219)
[2018.05.16-20.35.42:879][603]LogModuleManager: Shutting down and abandoning module GraphEditor (218)
[2018.05.16-20.35.42:879][603]LogModuleManager: Shutting down and abandoning module ContentBrowser (216)
[2018.05.16-20.35.42:880][603]LogModuleManager: Shutting down and abandoning module LightPropagationVolumeRuntime (213)
[2018.05.16-20.35.42:880][603]LogModuleManager: Shutting down and abandoning module Paper2D (211)
[2018.05.16-20.35.42:894][603]LogModuleManager: Shutting down and abandoning module WindowsMoviePlayer (209)
[2018.05.16-20.35.42:907][603]LogModuleManager: Shutting down and abandoning module WmfMedia (207)
[2018.05.16-20.35.42:930][603]LogModuleManager: Shutting down and abandoning module ClothingSystemEditor (205)
[2018.05.16-20.35.42:941][603]LogModuleManager: Shutting down and abandoning module ClothingSystemRuntime (203)
[2018.05.16-20.35.43:002][603]LogModuleManager: Shutting down and abandoning module MediaAssets (201)
[2018.05.16-20.35.43:002][603]LogModuleManager: Shutting down and abandoning module GameLiveStreaming (199)
[2018.05.16-20.35.43:012][603]LogModuleManager: Shutting down and abandoning module VREditor (197)
[2018.05.16-20.35.43:035][603]LogModuleManager: Shutting down and abandoning module StringTableEditor (195)
[2018.05.16-20.35.43:196][603]LogModuleManager: Shutting down and abandoning module GameplayTasksEditor (193)
[2018.05.16-20.35.43:196][603]LogModuleManager: Shutting down and abandoning module BehaviorTreeEditor (191)
[2018.05.16-20.35.43:266][603]LogModuleManager: Shutting down and abandoning module FunctionalTesting (189)
[2018.05.16-20.35.43:266][603]LogModuleManager: Shutting down and abandoning module CollisionAnalyzer (187)
[2018.05.16-20.35.43:276][603]LogModuleManager: Shutting down and abandoning module UMG (185)
[2018.05.16-20.35.43:294][603]LogModuleManager: Shutting down and abandoning module UMGEditor (184)
[2018.05.16-20.35.43:294][603]LogModuleManager: Shutting down and abandoning module Sequencer (183)
[2018.05.16-20.35.43:303][603]LogModuleManager: Shutting down and abandoning module AssetTools (181)
[2018.05.16-20.35.43:364][603]LogModuleManager: Shutting down and abandoning module MessageLog (180)
[2018.05.16-20.35.43:365][603]LogModuleManager: Shutting down and abandoning module WorkspaceMenuStructure (179)
[2018.05.16-20.35.43:365][603]LogModuleManager: Shutting down and abandoning module SlateReflector (173)
[2018.05.16-20.35.43:389][603]LogModuleManager: Shutting down and abandoning module Slate (171)
[2018.05.16-20.35.43:389][603]LogModuleManager: Shutting down and abandoning module EditorStyle (169)
[2018.05.16-20.35.43:543][603]LogModuleManager: Shutting down and abandoning module SourceCodeAccess (167)
[2018.05.16-20.35.43:543][603]LogModuleManager: Shutting down and abandoning module HeadMountedDisplay (165)
[2018.05.16-20.35.43:543][603]LogModuleManager: Shutting down and abandoning module XAudio2 (163)
[2018.05.16-20.35.43:543][603]LogModuleManager: Shutting down and abandoning module Networking (161)
[2018.05.16-20.35.43:543][603]LogModuleManager: Shutting down and abandoning module Core (157)
[2018.05.16-20.35.43:543][603]LogModuleManager: Shutting down and abandoning module AssetRegistry (155)
[2018.05.16-20.35.43:901][603]LogDirectoryWatcher: A directory notification for '../../../Engine/Content/' was aborted.
[2018.05.16-20.35.43:901][603]LogDirectoryWatcher: A directory notification for '../../../../../../Users/mathi/Desktop/Alien_build/Alien_rep/Content/' was aborted.
[2018.05.16-20.35.43:901][603]LogDirectoryWatcher: A directory notification for '../../../Engine/Plugins/2D/Paper2D/Content/' was aborted.
[2018.05.16-20.35.43:901][603]LogDirectoryWatcher: A directory notification for '../../../Engine/Plugins/Experimental/ControlRig/Content/' was aborted.
[2018.05.16-20.35.43:901][603]LogDirectoryWatcher: A directory notification for '../../../Engine/Plugins/Runtime/GearVR/Content/' was aborted.
[2018.05.16-20.35.43:901][603]LogDirectoryWatcher: A directory notification for '../../../Engine/Plugins/Runtime/Steam/SteamAudio/Content/' was aborted.
[2018.05.16-20.35.43:916][603]LogModuleManager: Shutting down and abandoning module DirectoryWatcher (154)
[2018.05.16-20.35.43:926][603]LogModuleManager: Shutting down and abandoning module KismetCompiler (151)
[2018.05.16-20.35.43:926][603]LogModuleManager: Shutting down and abandoning module LevelSequence (149)
[2018.05.16-20.35.43:926][603]LogModuleManager: Shutting down and abandoning module PhysXFormats (147)
[2018.05.16-20.35.43:926][603]LogModuleManager: Shutting down and abandoning module MeshUtilities (145)
[2018.05.16-20.35.44:008][603]LogModuleManager: Shutting down and abandoning module SimplygonSwarm (144)
[2018.05.16-20.35.44:029][603]LogModuleManager: Shutting down and abandoning module SimplygonMeshReduction (142)
[2018.05.16-20.35.44:029][603]LogModuleManager: Shutting down and abandoning module QuadricMeshReduction (140)
[2018.05.16-20.35.44:043][603]LogModuleManager: Shutting down and abandoning module DerivedDataCache (137)
[2018.05.16-20.35.44:131][603]LogDerivedDataCache: Shutdown
[2018.05.16-20.35.44:131][603]LogModuleManager: Shutting down and abandoning module TargetPlatform (135)
[2018.05.16-20.35.44:131][603]LogModuleManager: Shutting down and abandoning module VulkanShaderFormat (134)
[2018.05.16-20.35.44:209][603]LogModuleManager: Shutting down and abandoning module ShaderFormatVectorVM (132)
[2018.05.16-20.35.44:245][603]LogModuleManager: Shutting down and abandoning module ShaderFormatOpenGL (130)
[2018.05.16-20.35.44:276][603]LogModuleManager: Shutting down and abandoning module ShaderFormatD3D (128)
[2018.05.16-20.35.44:282][603]LogModuleManager: Shutting down and abandoning module MetalShaderFormat (126)
[2018.05.16-20.35.44:320][603]LogModuleManager: Shutting down and abandoning module TextureFormatUncompressed (124)
[2018.05.16-20.35.44:320][603]LogModuleManager: Shutting down and abandoning module TextureFormatPVR (122)
[2018.05.16-20.35.44:320][603]LogModuleManager: Shutting down and abandoning module TextureFormatDXT (120)
[2018.05.16-20.35.44:325][603]LogModuleManager: Shutting down and abandoning module TextureFormatIntelISPCTexComp (118)
[2018.05.16-20.35.44:341][603]LogModuleManager: Shutting down and abandoning module TextureFormatASTC (116)
[2018.05.16-20.35.44:341][603]LogModuleManager: Shutting down and abandoning module ImageWrapper (115)
[2018.05.16-20.35.44:341][603]LogModuleManager: Shutting down and abandoning module TextureFormatAndroid (112)
[2018.05.16-20.35.44:342][603]LogModuleManager: Shutting down and abandoning module AudioFormatOpus (110)
[2018.05.16-20.35.44:342][603]LogModuleManager: Shutting down and abandoning module AudioFormatOgg (108)
[2018.05.16-20.35.44:342][603]LogModuleManager: Shutting down and abandoning module AudioFormatADPCM (106)
[2018.05.16-20.35.44:353][603]LogModuleManager: Shutting down and abandoning module LinuxTargetPlatform (104)
[2018.05.16-20.35.44:353][603]LogModuleManager: Shutting down and abandoning module LinuxServerTargetPlatform (102)
[2018.05.16-20.35.44:354][603]LogModuleManager: Shutting down and abandoning module LinuxNoEditorTargetPlatform (100)
[2018.05.16-20.35.44:360][603]LogModuleManager: Shutting down and abandoning module LinuxClientTargetPlatform (98)
[2018.05.16-20.35.44:360][603]LogModuleManager: Shutting down and abandoning module TVOSTargetPlatform (96)
[2018.05.16-20.35.44:360][603]LogModuleManager: Shutting down and abandoning module Messaging (94)
[2018.05.16-20.35.44:360][603]LogModuleManager: Shutting down and abandoning module IOSTargetPlatform (92)
[2018.05.16-20.35.44:361][603]LogModuleManager: Shutting down and abandoning module HTML5TargetPlatform (90)
[2018.05.16-20.35.44:361][603]LogModuleManager: Shutting down and abandoning module Android_PVRTCTargetPlatform (88)
[2018.05.16-20.35.44:366][603]LogModuleManager: Shutting down and abandoning module Android_MultiTargetPlatform (86)
[2018.05.16-20.35.44:367][603]LogModuleManager: Shutting down and abandoning module Android_ETC2TargetPlatform (84)
[2018.05.16-20.35.44:380][603]LogModuleManager: Shutting down and abandoning module Android_ETC1TargetPlatform (82)
[2018.05.16-20.35.44:394][603]LogModuleManager: Shutting down and abandoning module Android_DXTTargetPlatform (80)
[2018.05.16-20.35.44:403][603]LogModuleManager: Shutting down and abandoning module Android_ATCTargetPlatform (78)
[2018.05.16-20.35.44:416][603]LogModuleManager: Shutting down and abandoning module Android_ASTCTargetPlatform (76)
[2018.05.16-20.35.44:416][603]LogModuleManager: Shutting down and abandoning module AndroidTargetPlatform (74)
[2018.05.16-20.35.44:428][603]LogModuleManager: Shutting down and abandoning module WindowsTargetPlatform (72)
[2018.05.16-20.35.44:428][603]LogModuleManager: Shutting down and abandoning module WindowsServerTargetPlatform (70)
[2018.05.16-20.35.44:428][603]LogModuleManager: Shutting down and abandoning module WindowsNoEditorTargetPlatform (68)
[2018.05.16-20.35.44:428][603]LogModuleManager: Shutting down and abandoning module WindowsClientTargetPlatform (66)
[2018.05.16-20.35.44:428][603]LogModuleManager: Shutting down and abandoning module MacTargetPlatform (64)
[2018.05.16-20.35.44:428][603]LogModuleManager: Shutting down and abandoning module MacServerTargetPlatform (62)
[2018.05.16-20.35.44:428][603]LogModuleManager: Shutting down and abandoning module MacNoEditorTargetPlatform (60)
[2018.05.16-20.35.44:428][603]LogModuleManager: Shutting down and abandoning module MacClientTargetPlatform (58)
[2018.05.16-20.35.44:428][603]LogModuleManager: Shutting down and abandoning module AllDesktopTargetPlatform (56)
[2018.05.16-20.35.44:428][603]LogModuleManager: Shutting down and abandoning module InputCore (53)
[2018.05.16-20.35.44:428][603]LogModuleManager: Shutting down and abandoning module Settings (51)
[2018.05.16-20.35.44:429][603]LogModuleManager: Shutting down and abandoning module OculusRift (48)
[2018.05.16-20.35.44:446][603]LogModuleManager: Shutting down and abandoning module GearVRController (46)
[2018.05.16-20.35.44:446][603]LogModuleManager: Shutting down and abandoning module GearVR (44)
[2018.05.16-20.35.44:483][603]LogModuleManager: Shutting down and abandoning module OnlineSubsystem (42)
[2018.05.16-20.35.44:507][603]LogModuleManager: Shutting down and abandoning module XMPP (41)
[2018.05.16-20.35.44:557][603]LogModuleManager: Shutting down and abandoning module HTTP (39)
[2018.05.16-20.35.44:557][603]LogHttp:Display: Http module shutting down, but needs to wait on 1 outstanding Http requests:
[2018.05.16-20.35.44:575][603]LogHttp:Display: 	verb=[POST] url=[https://datarouter.ol.epicgames.com/datarouter/api/v1/public/data?SessionID=%7B3DA688AA-457C-EB51-612C-0B9D40C5BD75%7D&AppID=UEEditor.Rocket.Release&AppVersion=4.16.3-3561208%2B%2B%2BUE4%2BRelease-4.16&UserID=a84f5cc54bdf4b94862db0a98bc92dd4%7C6855d30c7bf045ce8f43503786266ef9%7C9ef5caba-46ff-4fb5-9752-1aa5a8b12452&AppEnvironment=datacollector-binary&UploadType=eteventstream] status=Processing
[2018.05.16-20.35.44:591][603]LogModuleManager: Shutting down and abandoning module SSL (38)
[2018.05.16-20.35.44:677][603]LogModuleManager: Shutting down and abandoning module AnimationModifiers (34)
[2018.05.16-20.35.44:767][603]LogModuleManager: Shutting down and abandoning module PropertyEditor (33)
[2018.05.16-20.35.44:780][603]LogModuleManager: Shutting down and abandoning module AudioEditor (30)
[2018.05.16-20.35.44:864][603]LogModuleManager: Shutting down and abandoning module TextureCompressor (28)
[2018.05.16-20.35.44:909][603]LogModuleManager: Shutting down and abandoning module ShaderCore (26)
[2018.05.16-20.35.44:909][603]LogModuleManager: Shutting down and abandoning module Landscape (24)
[2018.05.16-20.35.44:909][603]LogModuleManager: Shutting down and abandoning module SlateRHIRenderer (22)
[2018.05.16-20.35.45:261][603]LogModuleManager: Shutting down and abandoning module OpenGLDrv (20)
[2018.05.16-20.35.45:304][603]LogModuleManager: Shutting down and abandoning module D3D11RHI (18)
[2018.05.16-20.35.45:304][603]LogModuleManager: Shutting down and abandoning module AnimGraphRuntime (16)
[2018.05.16-20.35.45:362][603]LogModuleManager: Shutting down and abandoning module Renderer (14)
[2018.05.16-20.35.45:362][603]LogModuleManager: Shutting down and abandoning module Engine (12)
[2018.05.16-20.35.45:362][603]LogModuleManager: Shutting down and abandoning module CoreUObject (10)
[2018.05.16-20.35.45:362][603]LogModuleManager: Shutting down and abandoning module NetworkFile (8)
[2018.05.16-20.35.45:383][603]LogModuleManager: Shutting down and abandoning module StreamingFile (6)
[2018.05.16-20.35.45:431][603]LogModuleManager: Shutting down and abandoning module SandboxFile (4)
[2018.05.16-20.35.45:475][603]LogModuleManager: Shutting down and abandoning module PakFile (2)
[2018.05.16-20.35.45:955][603]LogExit: Exiting.
[2018.05.16-20.35.47:230][603]Log file closed, 05/16/18 22:35:47
