Log file open, 06/01/18 22:42:35
LogInit:Display: Running engine for game: Alien_build
LogPlatformFile: Not using cached read wrapper
LogInit:Display: RandInit(-864568379) SRandInit(-864568378).
LogTaskGraph: Started task graph with 5 named threads and 8 total threads with 1 sets of task threads.
LogStats: Stats thread started at 12.945300
LogInit: Using libcurl 7.47.1
LogInit:  - built for x86_64-pc-win32
LogInit:  - supports SSL with OpenSSL/1.0.2g
LogInit:  - supports HTTP deflate (compression) using libz 1.2.8
LogInit:  - other features:
LogInit:      CURL_VERSION_SSL
LogInit:      CURL_VERSION_LIBZ
LogInit:      CURL_VERSION_IPV6
LogInit:      CURL_VERSION_ASYNCHDNS
LogInit:      CURL_VERSION_LARGEFILE
LogInit:      CURL_VERSION_IDN
LogInit:  CurlRequestOptions (configurable via config and command line):
LogInit:  - bVerifyPeer = false  - Libcurl will NOT verify peer certificate
LogInit:  - bUseHttpProxy = false  - Libcurl will NOT use HTTP proxy
LogInit:  - bDontReuseConnections = false  - Libcurl will reuse connections
LogInit:  - CertBundlePath = nullptr  - Libcurl will use whatever was configured at build time.
LogInit: Build: ++UE4+Release-4.16-CL-3561208
LogInit: Engine Version: 4.16.3-3561208+++UE4+Release-4.16
LogInit: Compatible Engine Version: 4.16.0-3452394+++UE4+Release-4.16
LogInit: Net CL: 3452394
LogDevObjectVersion: Number of dev versions registered: 16
LogDevObjectVersion:   Dev-Blueprints (B0D832E4-1F89-4F0D-ACCF-7EB736FD4AA2): 9
LogDevObjectVersion:   Dev-Build (E1C64328-A22C-4D53-A36C-8E866417BD8C): 0
LogDevObjectVersion:   Dev-Core (375EC13C-06E4-48FB-B500-84F0262A717E): 2
LogDevObjectVersion:   Dev-Editor (E4B068ED-F494-42E9-A231-DA0B2E46BB41): 17
LogDevObjectVersion:   Dev-Framework (CFFC743F-43B0-4480-9391-14DF171D2073): 23
LogDevObjectVersion:   Dev-Mobile (B02B49B5-BB20-44E9-A304-32B752E40360): 0
LogDevObjectVersion:   Dev-Networking (A4E4105C-59A1-49B5-A7C5-40C4547EDFEE): 0
LogDevObjectVersion:   Dev-Online (39C831C9-5AE6-47DC-9A44-9C173E1C8E7C): 0
LogDevObjectVersion:   Dev-Physics (78F01B33-EBEA-4F98-B9B4-84EACCB95AA2): 0
LogDevObjectVersion:   Dev-Platform (6631380F-2D4D-43E0-8009-CF276956A95A): 0
LogDevObjectVersion:   Dev-Rendering (12F88B9F-8875-4AFC-A67C-D90C383ABD29): 15
LogDevObjectVersion:   Dev-Sequencer (7B5AE74C-D270-4C10-A958-57980B212A5A): 4
LogDevObjectVersion:   Dev-VR (D7296918-1DD6-4BDD-9DE2-64A83CC13884): 0
LogDevObjectVersion:   Dev-LoadTimes (C2A15278-BFE7-4AFE-6C17-90FF531DF755): 1
LogDevObjectVersion:   Private-Geometry (6EACA3D4-40EC-4CC1-B786-8BED09428FC5): 1
LogDevObjectVersion:   Dev-AnimPhys (29E575DD-E0A3-4627-9D10-D276232CDCEA): 3
LogInit: Compiled (64-bit): Jul 28 2017 11:49:47
LogInit: Compiled with Visual C++: 19.00.24215.01
LogInit: Build Configuration: Development
LogInit: Branch Name: ++UE4+Release-4.16
LogInit: Command line:  
LogInit: Base directory: C:/Program Files/Epic Games/UE_4.16/Engine/Binaries/Win64/
LogInit: Installed Engine Build: 1
LogInit: Presizing for max 8388607 objects, including 0 objects not considered by GC, pre-allocating 0 bytes for permanent pool.
LogInit: Object subsystem initialized
[2018.06.01-20.42.45:399][  0]LogModuleManager:Warning: No filename provided for module ExampleDeviceProfileSelector
[2018.06.01-20.42.45:399][  0]LogModuleManager:Warning: ModuleManager: Unable to load module 'ExampleDeviceProfileSelector' because the file 'C:/Program Files/Epic Games/UE_4.16/Engine/Binaries/Win64/' was not found.
[2018.06.01-20.42.45:399][  0]LogInit: Applying CVar settings loaded from the selected device profile: [Windows]
[2018.06.01-20.42.45:939][  0]LogInit: Computer: DESKTOP-7FDRESD
[2018.06.01-20.42.45:939][  0]LogInit: User: mathi
[2018.06.01-20.42.45:939][  0]LogInit: CPU Page size=4096, Cores=4
[2018.06.01-20.42.45:939][  0]LogInit: High frequency timer resolution =10.000000 MHz
[2018.06.01-20.42.45:978][  0]LogMemory: Memory total: Physical=7.9GB (8GB approx)
[2018.06.01-20.42.45:978][  0]LogMemory: Platform Memory Stats for Windows
[2018.06.01-20.42.45:978][  0]LogMemory: Process Physical Memory: 274.46 MB used, 274.46 MB peak
[2018.06.01-20.42.45:978][  0]LogMemory: Process Virtual Memory: 266.52 MB used, 266.52 MB peak
[2018.06.01-20.42.45:978][  0]LogMemory: Physical Memory: 3978.18 MB used,  4099.46 MB free, 8077.64 MB total
[2018.06.01-20.42.45:978][  0]LogMemory: Virtual Memory: 4775.46 MB used,  4099.46 MB free, 134217728.00 MB total
[2018.06.01-20.42.53:986][  0]LogInit: Using OS detected language (fr-FR).
[2018.06.01-20.42.53:986][  0]LogInit: Using OS detected locale (fr-FR).
[2018.06.01-20.42.54:995][  0]LogTextLocalizationManager: No localization for 'fr-FR' exists, so 'en' will be used for the language.
[2018.06.01-20.42.54:996][  0]LogTextLocalizationManager: No localization for 'fr-FR' exists, so 'en' will be used for the locale.
[2018.06.01-20.43.23:460][  0]LogD3D11RHI: D3D11 adapters:
[2018.06.01-20.43.27:475][  0]LogD3D11RHI:    0. 'NVIDIA GeForce GTX 960M' (Feature Level 11_0)
[2018.06.01-20.43.27:475][  0]LogD3D11RHI:       2010/0/4038 MB DedicatedVideo/DedicatedSystem/SharedSystem, Outputs:2, VendorId:0x10de
[2018.06.01-20.43.27:623][  0]LogD3D11RHI:    1. 'Intel(R) HD Graphics 630' (Feature Level 11_0)
[2018.06.01-20.43.27:623][  0]LogD3D11RHI:       128/0/4038 MB DedicatedVideo/DedicatedSystem/SharedSystem, Outputs:0, VendorId:0x8086
[2018.06.01-20.43.27:647][  0]LogD3D11RHI:    2. 'Microsoft Basic Render Driver' (Feature Level 11_0)
[2018.06.01-20.43.27:647][  0]LogD3D11RHI:       0/0/4038 MB DedicatedVideo/DedicatedSystem/SharedSystem, Outputs:0, VendorId:0x1414
[2018.06.01-20.43.27:647][  0]LogD3D11RHI: Chosen D3D11 Adapter: 0
[2018.06.01-20.43.27:725][  0]LogD3D11RHI: Creating new Direct3DDevice
[2018.06.01-20.43.27:769][  0]LogD3D11RHI:     GPU DeviceId: 0x139b (for the marketing name, search the web for "GPU Device Id")
[2018.06.01-20.43.27:769][  0]LogWindows: EnumDisplayDevices:
[2018.06.01-20.43.27:769][  0]LogWindows:    0. 'Intel(R) HD Graphics 630' (P:1 D:1)
[2018.06.01-20.43.27:770][  0]LogWindows:    1. 'Intel(R) HD Graphics 630' (P:0 D:1)
[2018.06.01-20.43.27:770][  0]LogWindows:    2. 'Intel(R) HD Graphics 630' (P:0 D:0)
[2018.06.01-20.43.27:771][  0]LogWindows: DebugString: GetVideoDriverDetailsInvalid PrimaryIsNotTheChoosenAdapter GetVideoDriverDetailsInvalid PrimaryIsNotTheChoosenAdapter GetVideoDriverDetailsInvalid PrimaryIsNotTheChoosenAdapter FoundDriverCount:0 
[2018.06.01-20.43.27:771][  0]LogD3D11RHI:     Adapter Name: NVIDIA GeForce GTX 960M
[2018.06.01-20.43.27:771][  0]LogD3D11RHI:   Driver Version: Unknown (internal:Unknown, unified:Unknown)
[2018.06.01-20.43.27:771][  0]LogD3D11RHI:      Driver Date: Unknown
[2018.06.01-20.43.27:798][  0]LogRHI: Texture pool is 1361 MB (70% of 1945 MB)
[2018.06.01-20.43.27:878][  0]LogD3D11RHI: Async texture creation enabled
[2018.06.01-20.43.28:325][  0]LogD3D11RHI: GPU Timing Frequency: 1000.000000 (Debug: 2 2)
[2018.06.01-20.43.28:500][  0]LogShaderCompilers: Guid format shader working directory is -14 characters bigger than the processId version (../../../../../../Users/mathi/Desktop/Alien_build/Alien_rep/Intermediate/Shaders/WorkingDirectory/10672/).
[2018.06.01-20.43.28:500][  0]LogShaderCompilers: Cleaned the shader compiler working directory 'C:/Users/mathi/AppData/Local/Temp/UnrealShaderWorkingDir/4772C51B4AA493EF9F112590F85DA290/'.
[2018.06.01-20.43.28:522][  0]LogShaderCompilers:Display: Using Local Shader Compiler.
[2018.06.01-20.43.42:316][  0]LogTemp:Display: Loaded TP AllDesktopTargetPlatform
[2018.06.01-20.43.42:537][  0]LogTemp:Display: Loaded TP MacClientTargetPlatform
[2018.06.01-20.43.42:768][  0]LogTemp:Display: Loaded TP MacNoEditorTargetPlatform
[2018.06.01-20.43.43:000][  0]LogTemp:Display: Loaded TP MacServerTargetPlatform
[2018.06.01-20.43.43:282][  0]LogTemp:Display: Loaded TP MacTargetPlatform
[2018.06.01-20.43.43:509][  0]LogTemp:Display: Loaded TP WindowsClientTargetPlatform
[2018.06.01-20.43.43:768][  0]LogTemp:Display: Loaded TP WindowsNoEditorTargetPlatform
[2018.06.01-20.43.43:994][  0]LogTemp:Display: Loaded TP WindowsServerTargetPlatform
[2018.06.01-20.43.44:206][  0]LogTemp:Display: Loaded TP WindowsTargetPlatform
[2018.06.01-20.43.44:461][  0]LogTemp:Display: Loaded TP AndroidTargetPlatform
[2018.06.01-20.43.44:725][  0]LogTemp:Display: Loaded TP Android_ASTCTargetPlatform
[2018.06.01-20.43.44:943][  0]LogTemp:Display: Loaded TP Android_ATCTargetPlatform
[2018.06.01-20.43.45:187][  0]LogTemp:Display: Loaded TP Android_DXTTargetPlatform
[2018.06.01-20.43.45:413][  0]LogTemp:Display: Loaded TP Android_ETC1TargetPlatform
[2018.06.01-20.43.45:629][  0]LogTemp:Display: Loaded TP Android_ETC2TargetPlatform
[2018.06.01-20.43.46:071][  0]LogTemp:Display: Loaded TP Android_MultiTargetPlatform
[2018.06.01-20.43.46:071][  0]LogTemp:Display: Loaded TP Android_PVRTCTargetPlatform
[2018.06.01-20.43.46:272][  0]LogTemp:Display: Loaded TP HTML5TargetPlatform
[2018.06.01-20.43.46:762][  0]LogTemp:Display: Loaded TP IOSTargetPlatform
[2018.06.01-20.43.46:886][  0]LogTemp:Display: Loaded TP TVOSTargetPlatform
[2018.06.01-20.43.47:165][  0]LogTemp:Display: Loaded TP LinuxClientTargetPlatform
[2018.06.01-20.43.47:382][  0]LogTemp:Display: Loaded TP LinuxNoEditorTargetPlatform
[2018.06.01-20.43.47:598][  0]LogTemp:Display: Loaded TP LinuxServerTargetPlatform
[2018.06.01-20.43.47:894][  0]LogTemp:Display: Loaded TP LinuxTargetPlatform
[2018.06.01-20.43.47:894][  0]LogTargetPlatformManager:Display: Building Assets For Windows
[2018.06.01-20.43.52:168][  0]LogDerivedDataCache:Display: Max Cache Size: 512 MB
[2018.06.01-20.43.53:565][  0]LogDerivedDataCache: Loaded boot cache 1.40s 90MB C:/Users/mathi/AppData/Local/UnrealEngine/4.16/DerivedDataCache/Boot.ddc.
[2018.06.01-20.43.53:565][  0]LogDerivedDataCache:Display: Loaded Boot cache: C:/Users/mathi/AppData/Local/UnrealEngine/4.16/DerivedDataCache/Boot.ddc
[2018.06.01-20.43.53:565][  0]LogDerivedDataCache: FDerivedDataBackendGraph:  Pak pak cache file ../../../../../../Users/mathi/Desktop/Alien_build/Alien_rep/DerivedDataCache/DDC.ddp not found, will not use a pak cache.
[2018.06.01-20.43.53:565][  0]LogDerivedDataCache: Unable to find inner node Pak for hierarchical cache Hierarchy.
[2018.06.01-20.43.53:565][  0]LogDerivedDataCache: FDerivedDataBackendGraph:  CompressedPak pak cache file ../../../../../../Users/mathi/Desktop/Alien_build/Alien_rep/DerivedDataCache/Compressed.ddp not found, will not use a pak cache.
[2018.06.01-20.43.53:565][  0]LogDerivedDataCache: Unable to find inner node CompressedPak for hierarchical cache Hierarchy.
[2018.06.01-20.43.53:723][  0]LogDerivedDataCache:Display: Pak cache opened for reading ../../../Engine/DerivedDataCache/Compressed.ddp.
[2018.06.01-20.43.53:763][  0]LogDerivedDataCache: Using Local data cache path C:/Users/mathi/AppData/Local/UnrealEngine/Common/DerivedDataCache: Writable
[2018.06.01-20.43.53:930][  0]LogMaterial: Verifying Global Shaders for PCD3D_SM5
[2018.06.01-20.43.54:063][  0]LogSlate: Using Freetype 2.6.0
[2018.06.01-20.43.54:332][  0]LogSlate: SlateFontCache - WITH_FREETYPE: 1, WITH_HARFBUZZ: 1
[2018.06.01-20.43.54:332][  0]LogSlate: SlateFontCache - WITH_FREETYPE: 1, WITH_HARFBUZZ: 1
[2018.06.01-20.44.07:962][  0]LogModuleManager:Warning: No filename provided for module ExampleDeviceProfileSelector
[2018.06.01-20.44.07:962][  0]LogModuleManager:Warning: ModuleManager: Unable to load module 'ExampleDeviceProfileSelector' because the file 'C:/Program Files/Epic Games/UE_4.16/Engine/Binaries/Win64/' was not found.
[2018.06.01-20.44.10:771][  0]LogContentStreaming: Texture pool size is 0.00 MB
[2018.06.01-20.44.12:389][  0]LogMeshUtilities: Using QuadricMeshReduction for automatic static mesh reduction
[2018.06.01-20.44.12:758][  0]LogSimplygon: Simplygon DLL not present - disabling.
[2018.06.01-20.44.13:043][  0]LogMeshUtilities: Using SimplygonSwarm for distributed automatic mesh merging
[2018.06.01-20.44.13:043][  0]LogMeshUtilities: No automatic skeletal mesh reduction module available
[2018.06.01-20.44.13:043][  0]LogMeshUtilities: No automatic mesh merging module available
[2018.06.01-20.44.25:716][  0]LogNetVersion: Alien_build , NetCL: 3452394, EngineNetVer: 2, GameNetVer: 0 (Checksum: 2330291340)
[2018.06.01-20.44.26:377][  0]LogAssetRegistry: FAssetRegistry took 0.0503 seconds to start up
[2018.06.01-20.44.27:340][  0]LogPackageLocalizationCache: Processed 6 localized package path(s) for 1 prioritized culture(s) in 0.563484 seconds
[2018.06.01-20.44.27:451][  0]LogUObjectArray: 33812 objects as part of root set at end of initial load.
[2018.06.01-20.44.27:451][  0]LogUObjectAllocator: 6959544 out of 0 bytes used by permanent object pool.
[2018.06.01-20.44.27:473][  0]LogUObjectArray: CloseDisregardForGC: 0/0 objects in disregard for GC pool
[2018.06.01-20.44.28:253][  0]LogInit: WinSock: version 1.1 (2.2), MaxSocks=32767, MaxUdp=65467
[2018.06.01-20.45.08:316][  0]LogSteamAudio: FSteamAudioModule Startup
[2018.06.01-20.45.08:316][  0]LogSteamAudio: Attempting to load ../../../Engine/Binaries/ThirdParty/Phonon/Win64/phonon.dll
[2018.06.01-20.45.08:633][  0]LogSteamAudio: Loaded ../../../Engine/Binaries/ThirdParty/Phonon/Win64/phonon.dll.
[2018.06.01-20.45.12:615][  0]LogMaterial: Uniform references updated for custom material expression Custom.
[2018.06.01-20.45.15:756][  0]SourceControl: Info Source control is disabled
[2018.06.01-20.45.22:836][  0]LogAnsel: Tried to load ../../../Engine/Plugins/Runtime/Nvidia/Ansel/Binaries/ThirdParty/AnselSDK64.dll : success=1
[2018.06.01-20.45.24:512][  0]LogLinker:Warning: Can't find file '/Script/OnlineSubsystemUtils'
[2018.06.01-20.45.24:512][  0]LogLinker:Warning: Can't find file '/Script/OnlineSubsystemUtils'
[2018.06.01-20.45.25:732][  0]LogEngine: Initializing Engine...
[2018.06.01-20.45.25:839][  0]LogHMD: Failed to initialize OpenVR with code 101
[2018.06.01-20.45.27:013][  0]LogStats: UGameplayTagsManager::ConstructGameplayTagTree: Construct from data asset -  0.000 s
[2018.06.01-20.45.27:015][  0]LogStats: UGameplayTagsManager::ConstructGameplayTagTree: GameplayTagTreeChangedEvent.Broadcast -  0.001 s
[2018.06.01-20.45.28:618][  0]LogAIModule: Creating AISystem for world Untitled
[2018.06.01-20.45.29:268][  0]LogInit: XAudio2 using 'Haut-parleurs (Realtek High Definition Audio)' : 6 channels at 48 kHz using 32 bits per sample (channel mask 0x3f)
[2018.06.01-20.45.29:927][  0]LogInit: FAudioDevice initialized.
[2018.06.01-20.45.30:028][  0]LogDerivedDataCache: Saved boot cache 0.08s 90MB C:/Users/mathi/AppData/Local/UnrealEngine/4.16/DerivedDataCache/Boot.ddc.
[2018.06.01-20.45.30:048][  0]LogInit: Texture streaming: Enabled
[2018.06.01-20.45.30:872][  0]LogEngineSessionManager: EngineSessionManager initialized
[2018.06.01-20.45.34:449][  0]LogInit: Transaction tracking system initialized
[2018.06.01-20.45.39:095][  0]BlueprintLog: New page: Editor Load
[2018.06.01-20.45.52:483][  0]LocalizationService: Info Localization service is disabled
[2018.06.01-20.45.55:519][  0]LogModuleManager:Warning: No filename provided for module TcpMessaging
[2018.06.01-20.45.55:519][  0]LogModuleManager:Warning: ModuleManager: Unable to load module 'TcpMessaging' because the file 'C:/Program Files/Epic Games/UE_4.16/Engine/Binaries/Win64/' was not found.
[2018.06.01-20.46.01:752][  0]LogConsoleResponse:Display: 
[2018.06.01-20.46.13:374][  0]LogFileCache: Scanning file cache for directory 'C:/Users/mathi/Desktop/Alien_build/Alien_rep/Content/' took 1.02s
[2018.06.01-20.46.13:374][  0]LogCook:Display: Max memory allowance for cook 16384mb min free memory 0mb
[2018.06.01-20.46.13:458][  0]LogCook:Display: Mobile HDR setting 1
[2018.06.01-20.46.33:635][  0]Cmd: MAP LOAD FILE="../../../../../../Users/mathi/Desktop/Alien_build/Alien_rep/Content/HUDS/Menu/Menu_principal.umap" TEMPLATE=0 SHOWPROGRESS=1 FEATURELEVEL=3
[2018.06.01-20.46.33:910][  0]LightingResults: New page: Lighting Build
[2018.06.01-20.46.35:573][  0]MapCheck: New page: Map Check
[2018.06.01-20.46.35:573][  0]LightingResults: New page: Lighting Build
[2018.06.01-20.46.51:909][  0]LogAIModule: Creating AISystem for world Menu_principal
[2018.06.01-20.46.52:949][  0]LogEditorServer: Finished looking for orphan Actors (0.040 secs)
[2018.06.01-20.46.54:144][  0]Cmd: MAP CHECKDEP NOCLEARLOG
[2018.06.01-20.46.54:441][  0]MapCheck: Info Map check complete: 0 Error(s), 0 Warning(s), took 293.202ms to complete.
[2018.06.01-20.46.54:463][  0]LogFileHelpers: Loading map 'Menu_principal' took 21.067
[2018.06.01-20.47.08:142][  0]LogCollectionManager: Loaded 0 collections in 0.003056 seconds
[2018.06.01-20.47.10:544][  0]LogFileCache: Scanning file cache for directory 'C:/Users/mathi/Desktop/Alien_build/Alien_rep/Saved/Collections/' took 0.01s
[2018.06.01-20.47.10:544][  0]LogFileCache: Scanning file cache for directory 'C:/Users/mathi/Desktop/Alien_build/Alien_rep/Content/Developers/mathi/Collections/' took 0.01s
[2018.06.01-20.47.10:544][  0]LogFileCache: Scanning file cache for directory 'C:/Users/mathi/Desktop/Alien_build/Alien_rep/Content/Collections/' took 0.01s
[2018.06.01-20.47.10:544][  0]LogCollectionManager: Rebuilt the GUID cache for 0 collections in 0.000002 seconds
[2018.06.01-20.47.11:099][  0]LogContentBrowser: Native class hierarchy populated in 0.3530 seconds. Added 2320 classes and 474 folders.
[2018.06.01-20.47.13:021][  0]LogContentBrowser: Native class hierarchy updated for 'WidgetCarousel' in 0.0088 seconds. Added 0 classes and 0 folders.
[2018.06.01-20.47.24:312][  0]LogContentBrowser: Native class hierarchy updated for 'AddContentDialog' in 0.0083 seconds. Added 0 classes and 0 folders.
[2018.06.01-20.47.25:281][  0]LogContentBrowser: Native class hierarchy updated for 'SceneOutliner' in 0.0081 seconds. Added 1 classes and 2 folders.
[2018.06.01-20.47.28:383][  0]LogCrashTracker: Crashtracker disabled due to settings.
[2018.06.01-20.47.29:111][  0]LogSlate: Took 0.128777 seconds to synchronously load lazily loaded font '../../../Engine/Content/Slate/Fonts/Roboto-Regular.ttf' (155K)
[2018.06.01-20.47.29:227][  0]LogSlate: Took 0.079127 seconds to synchronously load lazily loaded font '../../../Engine/Content/Slate/Fonts/Roboto-Bold.ttf' (160K)
[2018.06.01-20.47.29:421][  0]LogSlate: Took 0.026575 seconds to synchronously load lazily loaded font '../../../Engine/Content/Editor/Slate/Fonts/FontAwesome.ttf' (139K)
[2018.06.01-20.47.32:270][  0]LogRenderer: Reallocating scene render targets to support 1208x572 NumSamples 1 (Frame:1).
[2018.06.01-20.47.35:723][  0]LogUObjectGlobals:Warning: Failed to find object 'Class None.'
[2018.06.01-20.47.36:173][  0]LogContentBrowser: Native class hierarchy updated for 'HierarchicalLODOutliner' in 0.0088 seconds. Added 1 classes and 2 folders.
[2018.06.01-20.47.36:174][  0]LogLoad: (Engine Initialization) Total time: 336.72 seconds
[2018.06.01-20.47.36:174][  0]LogLoad: (Engine Initialization) Total Blueprint compile time: 5.49 seconds
[2018.06.01-20.47.36:174][  0]LogExternalProfiler: Found external profiler: VSPerf
[2018.06.01-20.47.36:174][  0]LogExternalProfiler: Using external profiler: VSPerf
[2018.06.01-20.47.36:644][  0]LogOcInput: OculusInput pre-init called
[2018.06.01-20.47.36:648][  0]LogHMD: Starting GearVRController plugin
[2018.06.01-20.47.36:995][  0]SourceControl: Info On branch master
[2018.06.01-20.47.36:995][  0]SourceControl: Info Your branch is up to date with 'origin/master'.
[2018.06.01-20.47.36:995][  0]SourceControl: Info Changes not staged for commit:
[2018.06.01-20.47.36:995][  0]SourceControl: Info   (use "git add/rm <file>..." to update what will be committed)
[2018.06.01-20.47.36:995][  0]SourceControl: Info   (use "git checkout -- <file>..." to discard changes in working directory)
[2018.06.01-20.47.36:995][  0]SourceControl: Info 	modified:   Content/FirstPersonBP/Blueprints/FirstPersonProjectile.uasset
[2018.06.01-20.47.36:995][  0]SourceControl: Info 	modified:   Content/FirstPersonBP/Maps/LVL_0.umap
[2018.06.01-20.47.36:995][  0]SourceControl: Info 	modified:   Intermediate/AssetRegistryCache/c90e3f55.bin
[2018.06.01-20.47.36:995][  0]SourceControl: Info 	modified:   Intermediate/CachedAssetRegistry.bin
[2018.06.01-20.47.36:995][  0]SourceControl: Info 	modified:   Saved/AutoScreenshot.png
[2018.06.01-20.47.36:995][  0]SourceControl: Info 	deleted:    Saved/Config/CrashReportClient/UE4CC-Windows-2E30CA1D4E38F21CF6DA9BB75DDD09E8/CrashReportClient.ini
[2018.06.01-20.47.36:995][  0]SourceControl: Info 	deleted:    Saved/Config/CrashReportClient/UE4CC-Windows-2FC5C27B447E23549F27DEA18123AC81/CrashReportClient.ini
[2018.06.01-20.47.36:995][  0]SourceControl: Info 	deleted:    Saved/Config/CrashReportClient/UE4CC-Windows-3CDD404E471EDBDA4F208FB89E304E17/CrashReportClient.ini
[2018.06.01-20.47.36:995][  0]SourceControl: Info 	deleted:    Saved/Config/CrashReportClient/UE4CC-Windows-7527BFDF462D20F08C11949834AEBE3C/CrashReportClient.ini
[2018.06.01-20.47.36:995][  0]SourceControl: Info 	deleted:    Saved/Config/CrashReportClient/UE4CC-Windows-883F84EF4B9BAF0D3B9DE7AD855E7F3A/CrashReportClient.ini
[2018.06.01-20.47.36:995][  0]SourceControl: Info 	modified:   Saved/Config/Windows/Editor.ini
[2018.06.01-20.47.36:995][  0]SourceControl: Info 	modified:   Saved/Config/Windows/EditorPerProjectUserSettings.ini
[2018.06.01-20.47.36:995][  0]SourceControl: Info 	modified:   Saved/Config/Windows/Engine.ini
[2018.06.01-20.47.36:995][  0]SourceControl: Info 	deleted:    Saved/Logs/Alien_build-backup-2018.05.16-19.42.01.log
[2018.06.01-20.47.36:995][  0]SourceControl: Info 	deleted:    Saved/Logs/Alien_build-backup-2018.05.16-22.04.35.log
[2018.06.01-20.47.36:995][  0]SourceControl: Info 	deleted:    Saved/Logs/Alien_build-backup-2018.05.17-18.43.36.log
[2018.06.01-20.47.36:995][  0]SourceControl: Info 	deleted:    Saved/Logs/Alien_build-backup-2018.05.17-21.33.17.log
[2018.06.01-20.47.36:995][  0]SourceControl: Info 	deleted:    Saved/Logs/Alien_build-backup-2018.05.18-19.31.42.log
[2018.06.01-20.47.36:995][  0]SourceControl: Info 	deleted:    Saved/Logs/Alien_build-backup-2018.05.19-12.09.58.log
[2018.06.01-20.47.36:995][  0]SourceControl: Info 	modified:   Saved/Logs/Alien_build.log
[2018.06.01-20.47.36:995][  0]SourceControl: Info 	deleted:    Saved/Logs/Alien_build_2-backup-2018.05.16-22.04.45.log
[2018.06.01-20.47.36:995][  0]SourceControl: Info 	deleted:    Saved/Logs/Alien_build_2-backup-2018.05.19-12.09.59.log
[2018.06.01-20.47.36:995][  0]SourceControl: Info 	modified:   Saved/Logs/Alien_build_2.log
[2018.06.01-20.47.36:995][  0]SourceControl: Info 	modified:   Saved/SaveGames/Name.sav
[2018.06.01-20.47.36:995][  0]SourceControl: Info Untracked files:
[2018.06.01-20.47.36:995][  0]SourceControl: Info   (use "git add <file>..." to include in what will be committed)
[2018.06.01-20.47.36:995][  0]SourceControl: Info 	Saved/Backup/FirstPersonProjectile_2018-05-21-17-27-17.uasset
[2018.06.01-20.47.36:995][  0]SourceControl: Info 	Saved/Backup/FirstPersonProjectile_2018-05-21-17-32-42.uasset
[2018.06.01-20.47.36:995][  0]SourceControl: Info 	Saved/Backup/FirstPersonProjectile_2018-05-21-17-38-44.uasset
[2018.06.01-20.47.36:995][  0]SourceControl: Info 	Saved/Backup/LVL_0_2018-05-21-17-32-40.umap
[2018.06.01-20.47.36:995][  0]SourceControl: Info 	Saved/Config/CrashReportClient/UE4CC-Windows-CE02D2E04F5A703ACBA6F7AA821C71E6/
[2018.06.01-20.47.36:995][  0]SourceControl: Info 	Saved/Logs/Alien_build-backup-2018.06.01-22.42.35.log
[2018.06.01-20.47.36:995][  0]SourceControl: Info 	Saved/Screenshots/Windows/ScreenShot00023.png
[2018.06.01-20.47.36:995][  0]SourceControl: Info no changes added to commit (use "git add" and/or "git commit -a")
[2018.06.01-20.47.37:013][  0]LogContentStreaming: Texture pool size now 800 MB
[2018.06.01-20.47.37:570][  1]LogSlate: Took 0.023159 seconds to synchronously load lazily loaded font '../../../Engine/Content/Slate/Fonts/Roboto-Light.ttf' (159K)
[2018.06.01-20.47.38:060][  3]LogAssetRegistry: Asset discovery search completed in 191.7101 seconds
[2018.06.01-20.47.38:068][  3]LogCollectionManager: Rebuilt the object cache for 0 collections in 0.000000 seconds (found 0 objects)
[2018.06.01-20.47.38:069][  3]LogCollectionManager: Fixed up redirectors for 0 collections in 0.000185 seconds (updated 0 objects)
[2018.06.01-20.48.08:276][508]LogSlate: Took 0.021626 seconds to synchronously load lazily loaded font '../../../Engine/Content/Slate/Fonts/Roboto-Light.ttf' (159K)
[2018.06.01-20.48.09:329][508]LogSlate: Took 0.022398 seconds to synchronously load lazily loaded font '../../../Engine/Content/Slate/Fonts/Roboto-Regular.ttf' (155K)
[2018.06.01-20.48.11:035][508]LogContentBrowser: Native class hierarchy updated for 'BlueprintGraph' in 0.0093 seconds. Added 112 classes and 0 folders.
[2018.06.01-20.48.17:203][508]LogSlate: Took 0.014665 seconds to synchronously load lazily loaded font '../../../Engine/Content/Editor/Slate/Fonts/Roboto-BoldCondensed.ttf' (158K)
[2018.06.01-20.48.18:727][509]LogSlate: Took 0.019012 seconds to synchronously load lazily loaded font '../../../Engine/Content/Editor/Slate/Fonts/Roboto-Italic.ttf' (157K)
[2018.06.01-20.49.09:415][232]LogTemp: Repeting last play command: New Editor Window (PIE)
[2018.06.01-20.49.09:656][232]LogBlueprintUserMessages: Early PlayInEditor Detection: Level '/Game/HUDS/Menu/Menu_principal.Menu_principal:PersistentLevel' has LevelScriptBlueprint '/Game/HUDS/Menu/Menu_principal.Menu_principal:PersistentLevel.Menu_principal' with GeneratedClass '/Game/HUDS/Menu/Menu_principal.Menu_principal_C' with ClassGeneratedBy '/Game/HUDS/Menu/Menu_principal.Menu_principal:PersistentLevel.Menu_principal'
[2018.06.01-20.49.09:691][232]LogPlayLevel: PlayLevel: No blueprints needed recompiling
[2018.06.01-20.49.09:767][232]PIE: New page: PIE session: Menu_principal (Jun 2, 2018, 12:49:09 AM)
[2018.06.01-20.49.09:777][232]LogPlayLevel: Creating play world package: /Game/HUDS/Menu/UEDPIE_0_Menu_principal
[2018.06.01-20.49.09:887][232]LogPlayLevel: PIE: StaticDuplicateObject took: (0.109290s)
[2018.06.01-20.49.09:888][232]LogAIModule: Creating AISystem for world Menu_principal
[2018.06.01-20.49.09:888][232]LogPlayLevel: PIE: World Init took: (0.001017s)
[2018.06.01-20.49.09:912][232]LogPlayLevel: PIE: Created PIE world by copying editor world from /Game/HUDS/Menu/Menu_principal.Menu_principal to /Game/HUDS/Menu/UEDPIE_0_Menu_principal.Menu_principal (0.133910s)
[2018.06.01-20.49.10:145][232]LogInit: XAudio2 using 'Haut-parleurs (Realtek High Definition Audio)' : 6 channels at 48 kHz using 32 bits per sample (channel mask 0x3f)
[2018.06.01-20.49.10:336][232]LogInit: FAudioDevice initialized.
[2018.06.01-20.49.10:667][232]LogLoad: Game class is 'FirstPersonGameMode_C'
[2018.06.01-20.49.10:932][232]LogWorld: Bringing World /Game/HUDS/Menu/UEDPIE_0_Menu_principal.Menu_principal up for play (max tick rate 60) at 2018.06.01-22.49.10
[2018.06.01-20.49.11:049][232]LogWorld: Bringing up level for play took: 0.078847
[2018.06.01-20.49.11:286][232]LogSpawn:Warning: SpawnActor failed because no class was specified
[2018.06.01-20.49.11:552][232]LogContentBrowser: Native class hierarchy updated for 'MovieSceneCapture' in 0.0090 seconds. Added 11 classes and 0 folders.
[2018.06.01-20.49.11:949][232]Cmd: r.PostProcessAAQuality 4
[2018.06.01-20.49.12:110][232]r.PostProcessAAQuality = "4"
[2018.06.01-20.49.12:205][232]LogRenderer: Reallocating scene render targets to support 1292x756 NumSamples 1 (Frame:1).
[2018.06.01-20.49.12:205][232]Cmd: sg.PostProcessQuality 2
[2018.06.01-20.49.12:205][232]sg.PostProcessQuality = "2"
[2018.06.01-20.49.12:205][232]Cmd: sg.ShadowQuality 2
[2018.06.01-20.49.12:205][232]sg.ShadowQuality = "2"
[2018.06.01-20.49.12:205][232]Cmd: sg.TextureQuality 2
[2018.06.01-20.49.12:205][232]sg.TextureQuality = "2"
[2018.06.01-20.49.12:205][232]Cmd: sg.EffectsQuality 2
[2018.06.01-20.49.12:205][232]sg.EffectsQuality = "2"
[2018.06.01-20.49.12:529][232]PIE: Info Play in editor start time for /Game/HUDS/Menu/UEDPIE_0_Menu_principal 2.578
[2018.06.01-20.49.12:562][232]LogBlueprintUserMessages: Late PlayInEditor Detection: Level '/Game/HUDS/Menu/Menu_principal.Menu_principal:PersistentLevel' has LevelScriptBlueprint '/Game/HUDS/Menu/Menu_principal.Menu_principal:PersistentLevel.Menu_principal' with GeneratedClass '/Game/HUDS/Menu/Menu_principal.Menu_principal_C' with ClassGeneratedBy '/Game/HUDS/Menu/Menu_principal.Menu_principal:PersistentLevel.Menu_principal'
[2018.06.01-20.49.12:712][232]LogAnsel: We reckon 0.010000 meters to 1 world unit
[2018.06.01-20.49.12:981][232]LogRenderer: Reallocating scene render targets to support 1292x756 NumSamples 1 (Frame:2).
[2018.06.01-20.49.23:153][522]LogNet: Browse: /Game/HUDS/Name/NameLVL
[2018.06.01-20.49.23:160][522]LogLoad: LoadMap: /Game/HUDS/Name/NameLVL
[2018.06.01-20.49.23:350][522]Cmd: MEM
[2018.06.01-20.49.23:377][522]LogMemory: Platform Memory Stats for Windows
[2018.06.01-20.49.23:377][522]LogMemory: Process Physical Memory: 1780.30 MB used, 1786.88 MB peak
[2018.06.01-20.49.23:377][522]LogMemory: Process Virtual Memory: 2679.18 MB used, 2851.34 MB peak
[2018.06.01-20.49.23:377][522]LogMemory: Physical Memory: 5478.09 MB used,  2599.55 MB free, 8077.64 MB total
[2018.06.01-20.49.23:377][522]LogMemory: Virtual Memory: 7888.41 MB used,  2599.55 MB free, 134217728.00 MB total
[2018.06.01-20.49.23:377][522]LogMemory: 
[2018.06.01-20.49.23:377][522]Allocator Stats for TBB: (not implemented)
[2018.06.01-20.49.26:667][522]LogAIModule: Creating AISystem for world NameLVL
[2018.06.01-20.49.26:668][522]LogLoad: Game class is 'FirstPersonGameMode_C'
[2018.06.01-20.49.26:692][522]LogWorld: Bringing World /Game/HUDS/Name/UEDPIE_0_NameLVL.NameLVL up for play (max tick rate 60) at 2018.06.01-22.49.26
[2018.06.01-20.49.26:692][522]LogWorld: Bringing up level for play took: 0.013374
[2018.06.01-20.49.26:693][522]LogGameMode: FindPlayerStart: PATHS NOT DEFINED or NO PLAYERSTART with positive rating
[2018.06.01-20.49.26:693][522]LogSpawn:Warning: SpawnActor failed because no class was specified
[2018.06.01-20.49.26:794][522]LogLoad: Took 3.634069 seconds to LoadMap(/Game/HUDS/Name/NameLVL)
[2018.06.01-20.49.28:973][565]LogNet: Browse: /Game/FirstPersonBP/Maps/LVL_0
[2018.06.01-20.49.28:973][565]LogLoad: LoadMap: /Game/FirstPersonBP/Maps/LVL_0
[2018.06.01-20.49.28:995][565]Cmd: MEM
[2018.06.01-20.49.29:013][565]LogMemory: Platform Memory Stats for Windows
[2018.06.01-20.49.29:013][565]LogMemory: Process Physical Memory: 2118.50 MB used, 2128.06 MB peak
[2018.06.01-20.49.29:013][565]LogMemory: Process Virtual Memory: 3112.50 MB used, 3122.19 MB peak
[2018.06.01-20.49.29:013][565]LogMemory: Physical Memory: 5724.93 MB used,  2352.72 MB free, 8077.64 MB total
[2018.06.01-20.49.29:013][565]LogMemory: Virtual Memory: 8207.41 MB used,  2352.72 MB free, 134217728.00 MB total
[2018.06.01-20.49.29:013][565]LogMemory: 
[2018.06.01-20.49.29:013][565]Allocator Stats for TBB: (not implemented)
[2018.06.01-20.49.51:319][565]LogStats: FPlatformStackWalk::StackWalkAndDump -  5.624 s
[2018.06.01-20.49.51:319][565]LogOutputDevice:Error: === Handled ensure: ===
[2018.06.01-20.49.51:319][565]LogOutputDevice:Error: 
[2018.06.01-20.49.51:319][565]LogOutputDevice:Error: Ensure condition failed: IsObjectValidForDatabase(AssetObject) [File:D:\Build\++UE4+Release-4.16+Compile\Sync\Engine\Source\Editor\BlueprintGraph\Private\BlueprintActionDatabase.cpp] [Line: 1305]
[2018.06.01-20.49.51:319][565]LogOutputDevice:Error: 
[2018.06.01-20.49.51:319][565]LogOutputDevice:Error: Stack: 
[2018.06.01-20.49.51:319][565]LogOutputDevice:Error: UE4Editor-Core.dll!0x000000004116E2B6
[2018.06.01-20.49.51:319][565]LogOutputDevice:Error: UE4Editor-Core.dll!0x0000000040F1B8C2
[2018.06.01-20.49.51:319][565]LogOutputDevice:Error: UE4Editor-Core.dll!0x0000000040F31E86
[2018.06.01-20.49.51:319][565]LogOutputDevice:Error: UE4Editor-BlueprintGraph.dll!0x000000003C70BCF7
[2018.06.01-20.49.51:319][565]LogOutputDevice:Error: UE4Editor-BlueprintGraph.dll!0x000000003C6DC23D
[2018.06.01-20.49.51:319][565]LogOutputDevice:Error: UE4Editor-CoreUObject.dll!0x0000000050E50377
[2018.06.01-20.49.51:319][565]LogOutputDevice:Error: UE4Editor-CoreUObject.dll!0x00000000511531A6
[2018.06.01-20.49.51:319][565]LogOutputDevice:Error: UE4Editor-CoreUObject.dll!0x0000000051169393
[2018.06.01-20.49.51:319][565]LogOutputDevice:Error: UE4Editor-CoreUObject.dll!0x000000005116891A
[2018.06.01-20.49.51:319][565]LogOutputDevice:Error: UE4Editor-Engine.dll!0x0000000042855ACF
[2018.06.01-20.49.51:319][565]LogOutputDevice:Error: UE4Editor-Engine.dll!0x000000004280EEA8
[2018.06.01-20.49.51:319][565]LogOutputDevice:Error: UE4Editor-Engine.dll!0x000000004287460D
[2018.06.01-20.49.51:319][565]LogOutputDevice:Error: UE4Editor-UnrealEd.dll!0x000000003F502F55
[2018.06.01-20.49.51:319][565]LogOutputDevice:Error: UE4Editor-UnrealEd.dll!0x000000003FD28D86
[2018.06.01-20.49.51:319][565]LogOutputDevice:Error: UE4Editor.exe!0x000000005540E2B2
[2018.06.01-20.49.51:319][565]LogOutputDevice:Error: UE4Editor.exe!0x00000000553FF0B0
[2018.06.01-20.49.51:319][565]LogOutputDevice:Error: UE4Editor.exe!0x00000000553FF12A
[2018.06.01-20.49.51:319][565]LogOutputDevice:Error: UE4Editor.exe!0x0000000055410CF9
[2018.06.01-20.49.51:319][565]LogOutputDevice:Error: UE4Editor.exe!0x00000000554125F7
[2018.06.01-20.49.51:319][565]LogOutputDevice:Error: KERNEL32.DLL!0x00000000A6BB3034
[2018.06.01-20.49.51:319][565]LogOutputDevice:Error: ntdll.dll!0x00000000A76C1551
[2018.06.01-20.49.51:319][565]LogOutputDevice:Error: 
[2018.06.01-20.49.51:327][565]LogStats:                SubmitErrorReport -  0.000 s
[2018.06.01-20.50.13:769][565]LogStats:                    SendNewReport - 22.442 s
[2018.06.01-20.50.13:769][565]LogStats:             FDebug::EnsureFailed - 28.075 s
[2018.06.01-20.50.15:643][565]LogAIModule: Creating AISystem for world LVL_0
[2018.06.01-20.50.15:644][565]LogLoad: Game class is 'FirstPersonGameMode_C'
[2018.06.01-20.50.16:792][565]LogWorld: Bringing World /Game/FirstPersonBP/Maps/UEDPIE_0_LVL_0.LVL_0 up for play (max tick rate 60) at 2018.06.01-22.50.16
[2018.06.01-20.50.17:062][565]LogWorld: Bringing up level for play took: 1.415777
[2018.06.01-20.50.17:430][565]LogGameMode: FindPlayerStart: PATHS NOT DEFINED or NO PLAYERSTART with positive rating
[2018.06.01-20.50.17:746][565]LogSpawn:Warning: SpawnActor failed because no class was specified
[2018.06.01-20.50.17:792][565]LogBlueprintUserMessages: [LVL_0_C_1] Nom du vaisseau
[2018.06.01-20.50.17:888][565]LogLoad: Took 48.916391 seconds to LoadMap(/Game/FirstPersonBP/Maps/LVL_0)
[2018.06.01-20.50.19:307][566]LogSpawn:Warning: SpawnActor failed because of collision at the spawn location [X=-7342.230 Y=22246.725 Z=4225.127] for [FirstPersonProjectile_C]
[2018.06.01-20.50.19:308][566]LogSpawn:Warning: SpawnActor failed because of collision at the spawn location [X=-7342.230 Y=22246.725 Z=4225.127] for [FirstPersonProjectile_C]
[2018.06.01-20.50.23:886][634]LogBlueprintUserMessages: [BP_ALien_C_0] Touché
[2018.06.01-20.50.24:327][635]LogBlueprintUserMessages: [BP_ALien_C_1] Touché
[2018.06.01-20.50.27:250][712]LogBlueprintUserMessages: [BP_ALien_C_0] Touché
[2018.06.01-20.50.27:250][712]LogBlueprintUserMessages: [BP_ALien_C_0] Touché
[2018.06.01-20.50.27:250][712]LogBlueprintUserMessages: [BP_ALien_C_0] Touché
[2018.06.01-20.50.27:250][712]LogBlueprintUserMessages: [BP_ALien_C_0] Touché
[2018.06.01-20.50.28:354][741]LogBlueprintUserMessages: [BP_ALien_C_2] Touché
[2018.06.01-20.50.29:379][770]LogBlueprintUserMessages: [BP_ALien_C_3] Touché
[2018.06.01-20.50.30:616][805]LogBlueprintUserMessages: [BP_ALien_C_0] Touché
[2018.06.01-20.50.30:650][806]LogBlueprintUserMessages: [BP_ALien_C_0] Touché
[2018.06.01-20.50.30:686][807]LogBlueprintUserMessages: [BP_ALien_C_0] Touché
[2018.06.01-20.50.30:686][807]LogBlueprintUserMessages: [BP_ALien_C_0] Touché
[2018.06.01-20.50.32:253][847]LogBlueprintUserMessages: [BP_ALien_C_0] Touché
[2018.06.01-20.50.32:288][848]LogBlueprintUserMessages: [BP_ALien_C_0] Touché
[2018.06.01-20.50.32:323][849]LogBlueprintUserMessages: [BP_ALien_C_0] Touché
[2018.06.01-20.50.32:361][850]LogBlueprintUserMessages: [BP_ALien_C_0] Touché
[2018.06.01-20.50.32:395][851]LogBlueprintUserMessages: [BP_ALien_C_0] Touché
[2018.06.01-20.50.32:673][859]LogBlueprintUserMessages: [BP_ALien_C_0] Touché
[2018.06.01-20.50.32:709][860]LogBlueprintUserMessages: [BP_ALien_C_0] Touché
[2018.06.01-20.50.32:743][861]LogBlueprintUserMessages: [BP_ALien_C_0] Touché
[2018.06.01-20.50.32:779][862]LogBlueprintUserMessages: [BP_ALien_C_0] Touché
[2018.06.01-20.50.32:815][863]LogBlueprintUserMessages: [BP_ALien_C_0] Touché
[2018.06.01-20.50.32:851][864]LogBlueprintUserMessages: [BP_ALien_C_0] Touché
[2018.06.01-20.50.33:410][880]LogBlueprintUserMessages: [BP_ALien_C_4] Touché
[2018.06.01-20.50.34:783][919]LogBlueprintUserMessages: [BP_ALien_C_0] Touché
[2018.06.01-20.50.34:783][919]LogBlueprintUserMessages: [BP_ALien_C_0] Touché
[2018.06.01-20.50.34:962][924]LogBlueprintUserMessages: [BP_ALien_C_0] Touché
[2018.06.01-20.50.37:444][992]LogBlueprintUserMessages: [BP_ALien_C_5] Touché
[2018.06.01-20.50.39:300][ 43]LogBlueprintUserMessages: [BP_ALien_C_3] Touché
[2018.06.01-20.50.39:300][ 43]LogBlueprintUserMessages: [BP_ALien_C_3] Touché
[2018.06.01-20.50.39:300][ 43]LogBlueprintUserMessages: [BP_ALien_C_3] Touché
[2018.06.01-20.50.39:335][ 44]LogBlueprintUserMessages: [BP_ALien_C_3] Touché
[2018.06.01-20.50.39:440][ 47]LogBlueprintUserMessages: [BP_ALien_C_6] Touché
[2018.06.01-20.50.39:477][ 48]LogBlueprintUserMessages: [BP_ALien_C_7] Touché
[2018.06.01-20.50.40:601][ 80]LogBlueprintUserMessages: [BP_ALien_C_7] Touché
[2018.06.01-20.50.40:601][ 80]LogBlueprintUserMessages: [BP_ALien_C_6] Touché
[2018.06.01-20.50.41:491][105]LogBlueprintUserMessages: [BP_ALien_C_8] Touché
[2018.06.01-20.50.42:494][132]LogBlueprintUserMessages: [BP_ALien_C_3] Touché
[2018.06.01-20.50.42:582][132]LogBlueprintUserMessages: [BP_ALien_C_3] Touché
[2018.06.01-20.50.42:892][133]LogBlueprintUserMessages: [BP_ALien_C_2] Touché
[2018.06.01-20.50.42:893][133]LogBlueprintUserMessages: [BP_ALien_C_2] Touché
[2018.06.01-20.50.44:744][176]LogBlueprintUserMessages: [Item_V_BP_C_0] 1
[2018.06.01-20.50.45:513][197]LogBlueprintUserMessages: [BP_ALien_C_9] Touché
[2018.06.01-20.50.47:053][238]LogBlueprintUserMessages: [BP_ALien_C_6] Touché
[2018.06.01-20.50.47:053][238]LogBlueprintUserMessages: [BP_ALien_C_9] Touché
[2018.06.01-20.50.47:419][248]LogBlueprintUserMessages: [BP_ALien_C_6] Touché
[2018.06.01-20.50.47:530][251]LogBlueprintUserMessages: [BP_ALien_C_9] Touché
[2018.06.01-20.50.50:495][334]LogNet: Browse: /Game/FirstPersonBP/Maps/LVL_1
[2018.06.01-20.50.50:495][334]LogLoad: LoadMap: /Game/FirstPersonBP/Maps/LVL_1
[2018.06.01-20.50.50:724][334]Cmd: MEM
[2018.06.01-20.50.50:741][334]LogMemory: Platform Memory Stats for Windows
[2018.06.01-20.50.50:741][334]LogMemory: Process Physical Memory: 2644.05 MB used, 2955.88 MB peak
[2018.06.01-20.50.50:741][334]LogMemory: Process Virtual Memory: 4077.65 MB used, 4344.99 MB peak
[2018.06.01-20.50.50:741][334]LogMemory: Physical Memory: 6005.77 MB used,  2071.88 MB free, 8077.64 MB total
[2018.06.01-20.50.50:741][334]LogMemory: Virtual Memory: 9285.75 MB used,  2071.88 MB free, 134217728.00 MB total
[2018.06.01-20.50.50:741][334]LogMemory: 
[2018.06.01-20.50.50:741][334]Allocator Stats for TBB: (not implemented)
[2018.06.01-20.51.32:532][334]LogAIModule: Creating AISystem for world LVL_1
[2018.06.01-20.51.32:533][334]LogLoad: Game class is 'FirstPersonGameMode_C'
[2018.06.01-20.51.32:680][334]LogWorld: Bringing World /Game/FirstPersonBP/Maps/UEDPIE_0_LVL_1.LVL_1 up for play (max tick rate 60) at 2018.06.01-22.51.32
[2018.06.01-20.51.32:694][334]LogWorld: Bringing up level for play took: 0.124772
[2018.06.01-20.51.32:694][334]LogSpawn:Warning: SpawnActor failed because no class was specified
[2018.06.01-20.51.32:977][334]LogLoad: Took 42.483181 seconds to LoadMap(/Game/FirstPersonBP/Maps/LVL_1)
[2018.06.01-20.51.38:995][457]LogBlueprintUserMessages: [Spawn_128] 1
[2018.06.01-20.51.39:024][458]LogBlueprintUserMessages: [Spawn_128] 2
[2018.06.01-20.51.39:064][459]LogBlueprintUserMessages: [Spawn_128] 3
[2018.06.01-20.51.41:083][496]LogBlueprintUserMessages: [Spawn_128] 4
[2018.06.01-20.51.49:110][664]LogBlueprintUserMessages: [Spawn_128] 5
[2018.06.01-20.51.50:137][681]LogBlueprintUserMessages: [Spawn_128] 6
[2018.06.01-20.51.50:191][682]LogBlueprintUserMessages: [Spawn_128] 7
[2018.06.01-20.51.55:044][762]LogBlueprintUserMessages: Early EndPlayMap Detection: Level '/Game/HUDS/Menu/Menu_principal.Menu_principal:PersistentLevel' has LevelScriptBlueprint '/Game/HUDS/Menu/Menu_principal.Menu_principal:PersistentLevel.Menu_principal' with GeneratedClass '/Game/HUDS/Menu/Menu_principal.Menu_principal_C' with ClassGeneratedBy '/Game/HUDS/Menu/Menu_principal.Menu_principal:PersistentLevel.Menu_principal'
[2018.06.01-20.51.55:383][762]LogBlueprintUserMessages: Late EndPlayMap Detection: Level '/Game/HUDS/Menu/Menu_principal.Menu_principal:PersistentLevel' has LevelScriptBlueprint '/Game/HUDS/Menu/Menu_principal.Menu_principal:PersistentLevel.Menu_principal' with GeneratedClass '/Game/HUDS/Menu/Menu_principal.Menu_principal_C' with ClassGeneratedBy '/Game/HUDS/Menu/Menu_principal.Menu_principal:PersistentLevel.Menu_principal'
[2018.06.01-20.54.18:287][251]LogSavePackage: Save=596.33ms
[2018.06.01-20.54.18:288][251]LogSavePackage: Moving '../../../../../../Users/mathi/Desktop/Alien_build/Alien_rep/Saved/FirstPersonCharacterD0EC8DA64FFB43FB77999C9C0435D51E.tmp' to '../../../../../../Users/mathi/Desktop/Alien_build/Alien_rep/Content/FirstPersonBP/Blueprints/FirstPersonCharacter.uasset'
[2018.06.01-20.54.18:342][251]LogSavePackage:Display: Finished SavePackage ../../../../../../Users/mathi/Desktop/Alien_build/Alien_rep/Content/FirstPersonBP/Blueprints/FirstPersonCharacter.uasset
[2018.06.01-20.54.25:889][454]LogAIModule: Creating AISystem for world LVL_1
[2018.06.01-20.54.26:127][454]Cmd: MAP LOAD FILE="../../../../../../Users/mathi/Desktop/Alien_build/Alien_rep/Content/FirstPersonBP/Maps/LVL_1.umap" TEMPLATE=0 SHOWPROGRESS=1 FEATURELEVEL=3
[2018.06.01-20.54.26:127][454]LightingResults: New page: Lighting Build
[2018.06.01-20.54.26:129][454]LoadErrors: New page: Loading map: LVL_1.umap
[2018.06.01-20.54.26:130][454]MapCheck: New page: Map Check
[2018.06.01-20.54.26:130][454]LightingResults: New page: Lighting Build
[2018.06.01-20.54.26:571][454]LogEditorServer: Finished looking for orphan Actors (0.000 secs)
[2018.06.01-20.54.26:705][454]Cmd: MAP CHECKDEP NOCLEARLOG
[2018.06.01-20.54.27:705][454]MapCheck: Info Map check complete: 0 Error(s), 0 Warning(s), took 999.471ms to complete.
[2018.06.01-20.54.27:707][454]LogFileHelpers: Loading map 'LVL_1' took 1.607
[2018.06.01-20.54.31:576][521]BlueprintLog: New page: Compile FirstPersonCharacter
[2018.06.01-20.54.32:171][521]LogBlueprint:Error: [Compiler BP_Balais] Error Could not find a function named "BalaisRammassé" in 'FirstPersonCharacter_C'.
Make sure 'FirstPersonCharacter_C' has been compiled for  Balais Rammassé
[2018.06.01-20.54.35:381][545]LogTemp: Repeting last play command: New Editor Window (PIE)
[2018.06.01-20.54.35:423][545]LogBlueprintUserMessages: Early PlayInEditor Detection: Level '/Game/FirstPersonBP/Maps/LVL_1.LVL_1:PersistentLevel' has LevelScriptBlueprint '/Game/FirstPersonBP/Maps/LVL_1.LVL_1:PersistentLevel.LVL_1' with GeneratedClass '/Game/FirstPersonBP/Maps/LVL_1.LVL_1_C' with ClassGeneratedBy '/Game/FirstPersonBP/Maps/LVL_1.LVL_1:PersistentLevel.LVL_1'
[2018.06.01-20.54.35:423][545]LogPlayLevel: PlayLevel: No blueprints needed recompiling
[2018.06.01-20.55.14:784][298]BlueprintLog: New page: Compile BP_Balais
[2018.06.01-20.55.15:296][298]Cmd: OBJ SAVEPACKAGE PACKAGE="/Game/Blueprint/BP_Balais" FILE="../../../../../../Users/mathi/Desktop/Alien_build/Alien_rep/Content/Blueprint/BP_Balais.uasset" SILENT=true
[2018.06.01-20.55.15:426][298]LogSavePackage: Save=46.89ms
[2018.06.01-20.55.15:426][298]LogSavePackage: Moving '../../../../../../Users/mathi/Desktop/Alien_build/Alien_rep/Saved/BP_Balais21B29E6B453BDBCC945820BFFD10CDD3.tmp' to '../../../../../../Users/mathi/Desktop/Alien_build/Alien_rep/Content/Blueprint/BP_Balais.uasset'
[2018.06.01-20.55.15:438][298]LogSavePackage:Display: Finished SavePackage ../../../../../../Users/mathi/Desktop/Alien_build/Alien_rep/Content/Blueprint/BP_Balais.uasset
[2018.06.01-20.55.16:303][307]Cmd: OBJ SAVEPACKAGE PACKAGE="/Game/Blueprint/BP_Balais" FILE="../../../../../../Users/mathi/Desktop/Alien_build/Alien_rep/Content/Blueprint/BP_Balais.uasset" SILENT=true
[2018.06.01-20.55.16:430][307]LogSavePackage: Save=53.18ms
[2018.06.01-20.55.16:431][307]LogSavePackage: Moving '../../../../../../Users/mathi/Desktop/Alien_build/Alien_rep/Saved/BP_Balais28057423455215B8E71C9D8F8EA0AF21.tmp' to '../../../../../../Users/mathi/Desktop/Alien_build/Alien_rep/Content/Blueprint/BP_Balais.uasset'
[2018.06.01-20.55.16:436][307]LogSavePackage:Display: Finished SavePackage ../../../../../../Users/mathi/Desktop/Alien_build/Alien_rep/Content/Blueprint/BP_Balais.uasset
[2018.06.01-20.55.42:241][983]BlueprintLog: New page: Compile FirstPersonCharacter
[2018.06.01-20.55.43:766][983]LogSavePackage: Save=410.63ms
[2018.06.01-20.55.43:766][983]LogSavePackage: Moving '../../../../../../Users/mathi/Desktop/Alien_build/Alien_rep/Saved/FirstPersonCharacter3C4CCF2B4887943D75C10DB8EF4BC355.tmp' to '../../../../../../Users/mathi/Desktop/Alien_build/Alien_rep/Content/FirstPersonBP/Blueprints/FirstPersonCharacter.uasset'
[2018.06.01-20.55.43:775][983]LogSavePackage:Display: Finished SavePackage ../../../../../../Users/mathi/Desktop/Alien_build/Alien_rep/Content/FirstPersonBP/Blueprints/FirstPersonCharacter.uasset
[2018.06.01-20.55.45:599][997]LogSavePackage: Save=337.36ms
[2018.06.01-20.55.45:599][997]LogSavePackage: Moving '../../../../../../Users/mathi/Desktop/Alien_build/Alien_rep/Saved/FirstPersonCharacter2B6E0E54491229CD3A6B59833529A149.tmp' to '../../../../../../Users/mathi/Desktop/Alien_build/Alien_rep/Content/FirstPersonBP/Blueprints/FirstPersonCharacter.uasset'
[2018.06.01-20.55.45:602][997]LogSavePackage:Display: Finished SavePackage ../../../../../../Users/mathi/Desktop/Alien_build/Alien_rep/Content/FirstPersonBP/Blueprints/FirstPersonCharacter.uasset
[2018.06.01-20.55.47:396][ 28]LogTemp: Repeting last play command: New Editor Window (PIE)
[2018.06.01-20.55.47:471][ 28]LogBlueprintUserMessages: Early PlayInEditor Detection: Level '/Game/FirstPersonBP/Maps/LVL_1.LVL_1:PersistentLevel' has LevelScriptBlueprint '/Game/FirstPersonBP/Maps/LVL_1.LVL_1:PersistentLevel.LVL_1' with GeneratedClass '/Game/FirstPersonBP/Maps/LVL_1.LVL_1_C' with ClassGeneratedBy '/Game/FirstPersonBP/Maps/LVL_1.LVL_1:PersistentLevel.LVL_1'
[2018.06.01-20.55.47:471][ 28]LogPlayLevel: PlayLevel: No blueprints needed recompiling
[2018.06.01-20.55.47:471][ 28]PIE: New page: PIE session: LVL_1 (Jun 2, 2018, 12:55:47 AM)
[2018.06.01-20.55.47:471][ 28]LogPlayLevel: Creating play world package: /Game/FirstPersonBP/Maps/UEDPIE_0_LVL_1
[2018.06.01-20.55.47:664][ 28]LogPlayLevel: PIE: StaticDuplicateObject took: (0.193184s)
[2018.06.01-20.55.47:665][ 28]LogAIModule: Creating AISystem for world LVL_1
[2018.06.01-20.55.47:665][ 28]LogPlayLevel: PIE: World Init took: (0.001118s)
[2018.06.01-20.55.47:666][ 28]LogPlayLevel: PIE: Created PIE world by copying editor world from /Game/FirstPersonBP/Maps/LVL_1.LVL_1 to /Game/FirstPersonBP/Maps/UEDPIE_0_LVL_1.LVL_1 (0.194787s)
[2018.06.01-20.55.47:735][ 28]LogInit: XAudio2 using 'Haut-parleurs (Realtek High Definition Audio)' : 6 channels at 48 kHz using 32 bits per sample (channel mask 0x3f)
[2018.06.01-20.55.47:982][ 28]LogInit: FAudioDevice initialized.
[2018.06.01-20.55.48:101][ 28]LogLoad: Game class is 'FirstPersonGameMode_C'
[2018.06.01-20.55.48:115][ 28]LogWorld: Bringing World /Game/FirstPersonBP/Maps/UEDPIE_0_LVL_1.LVL_1 up for play (max tick rate 60) at 2018.06.01-22.55.48
[2018.06.01-20.55.48:116][ 28]LogWorld: Bringing up level for play took: 0.010074
[2018.06.01-20.55.48:117][ 28]LogSpawn:Warning: SpawnActor failed because no class was specified
[2018.06.01-20.55.48:148][ 28]PIE: Info Play in editor start time for /Game/FirstPersonBP/Maps/UEDPIE_0_LVL_1 0.206
[2018.06.01-20.55.48:149][ 28]LogBlueprintUserMessages: Late PlayInEditor Detection: Level '/Game/FirstPersonBP/Maps/LVL_1.LVL_1:PersistentLevel' has LevelScriptBlueprint '/Game/FirstPersonBP/Maps/LVL_1.LVL_1:PersistentLevel.LVL_1' with GeneratedClass '/Game/FirstPersonBP/Maps/LVL_1.LVL_1_C' with ClassGeneratedBy '/Game/FirstPersonBP/Maps/LVL_1.LVL_1:PersistentLevel.LVL_1'
[2018.06.01-20.55.52:926][117]LogBlueprintUserMessages: [Spawn_128] 1
[2018.06.01-20.55.56:972][198]LogBlueprintUserMessages: [Spawn_128] 2
[2018.06.01-20.55.58:048][217]LogBlueprintUserMessages: [Spawn_128] 3
[2018.06.01-20.55.59:060][234]LogBlueprintUserMessages: [Spawn_128] 4
[2018.06.01-20.55.59:116][235]LogBlueprintUserMessages: [Spawn_128] 5
[2018.06.01-20.56.05:141][320]LogBlueprintUserMessages: [Spawn_128] 6
[2018.06.01-20.56.06:178][337]LogBlueprintUserMessages: [Spawn_128] 7
[2018.06.01-20.56.07:208][354]LogBlueprintUserMessages: [Spawn_128] 8
[2018.06.01-20.56.12:876][451]LogBlueprintUserMessages: Early EndPlayMap Detection: Level '/Game/FirstPersonBP/Maps/LVL_1.LVL_1:PersistentLevel' has LevelScriptBlueprint '/Game/FirstPersonBP/Maps/LVL_1.LVL_1:PersistentLevel.LVL_1' with GeneratedClass '/Game/FirstPersonBP/Maps/LVL_1.LVL_1_C' with ClassGeneratedBy '/Game/FirstPersonBP/Maps/LVL_1.LVL_1:PersistentLevel.LVL_1'
[2018.06.01-20.56.13:053][451]LogBlueprintUserMessages: Late EndPlayMap Detection: Level '/Game/FirstPersonBP/Maps/LVL_1.LVL_1:PersistentLevel' has LevelScriptBlueprint '/Game/FirstPersonBP/Maps/LVL_1.LVL_1:PersistentLevel.LVL_1' with GeneratedClass '/Game/FirstPersonBP/Maps/LVL_1.LVL_1_C' with ClassGeneratedBy '/Game/FirstPersonBP/Maps/LVL_1.LVL_1:PersistentLevel.LVL_1'
[2018.06.01-20.56.25:738][799]LogActorComponent: UnregisterComponent: (/Engine/Transient.EditorFloorComp) Not registered. Aborting.
[2018.06.01-20.56.42:038][861]LogSavePackage: Save=977.62ms
[2018.06.01-20.56.42:038][861]LogSavePackage: Moving '../../../../../../Users/mathi/Desktop/Alien_build/Alien_rep/Saved/LVL_159AB38694EB6AD615E08D2B2B75804C3.tmp' to '../../../../../../Users/mathi/Desktop/Alien_build/Alien_rep/Content/FirstPersonBP/Maps/LVL_1.umap'
[2018.06.01-20.56.42:054][861]LogSavePackage:Display: Finished SavePackage ../../../../../../Users/mathi/Desktop/Alien_build/Alien_rep/Content/FirstPersonBP/Maps/LVL_1.umap
[2018.06.01-20.56.42:253][861]LogFileHelpers: Saving map 'LVL_1' took 11.229
[2018.06.01-20.56.42:791][861]LogWindowsTextInputMethodSystem:Display: IME system now deactivated.
[2018.06.01-20.56.44:400][862]Cmd: QUIT_EDITOR
[2018.06.01-20.56.46:512][862]LogExit: Preparing to exit.
[2018.06.01-20.56.47:071][862]LogDirectoryWatcher: A directory notification for 'C:/Users/mathi/Desktop/Alien_build/Alien_rep/Content/' was aborted.
[2018.06.01-20.56.47:320][862]LogExit: Editor shut down
[2018.06.01-20.56.47:325][862]LogExit: Transaction tracking system shut down
[2018.06.01-20.56.50:161][862]LogObj: Freed 0b from 0 cluster array pools.
[2018.06.01-20.56.50:162][862]LogExit: Object subsystem successfully closed.
[2018.06.01-20.56.50:395][862]LogD3D11RHI: Shutdown
[2018.06.01-20.56.50:395][862]LogD3D11RHI: CleanupD3DDevice
[2018.06.01-20.56.50:849][862]LogD3D11RHI: ~FD3D11DynamicRHI
[2018.06.01-20.56.52:200][862]LogModuleManager: Shutting down and abandoning module MovieSceneCapture (510)
[2018.06.01-20.56.52:200][862]LogModuleManager: Shutting down and abandoning module BlueprintGraph (508)
[2018.06.01-20.56.52:200][862]LogModuleManager: Shutting down and abandoning module BlueprintProfiler (506)
[2018.06.01-20.56.52:356][862]LogModuleManager: Shutting down and abandoning module HierarchicalLODOutliner (504)
[2018.06.01-20.56.52:369][862]LogModuleManager: Shutting down and abandoning module CrashTracker (502)
[2018.06.01-20.56.52:369][862]LogModuleManager: Shutting down and abandoning module SceneOutliner (500)
[2018.06.01-20.56.52:428][862]LogModuleManager: Shutting down and abandoning module AddContentDialog (498)
[2018.06.01-20.56.52:535][862]LogDirectoryWatcher: A directory notification for 'C:/Program Files/Epic Games/UE_4.16/FeaturePacks/' was aborted.
[2018.06.01-20.56.52:580][862]LogModuleManager: Shutting down and abandoning module WidgetCarousel (497)
[2018.06.01-20.56.52:580][862]LogModuleManager: Shutting down and abandoning module EditorWidgets (494)
[2018.06.01-20.56.52:580][862]LogModuleManager: Shutting down and abandoning module CollectionManager (492)
[2018.06.01-20.56.52:580][862]LogDirectoryWatcher: A directory notification for 'C:/Users/mathi/Desktop/Alien_build/Alien_rep/Content/Collections/' was aborted.
[2018.06.01-20.56.52:580][862]LogDirectoryWatcher: A directory notification for 'C:/Users/mathi/Desktop/Alien_build/Alien_rep/Content/Developers/mathi/Collections/' was aborted.
[2018.06.01-20.56.52:580][862]LogDirectoryWatcher: A directory notification for 'C:/Users/mathi/Desktop/Alien_build/Alien_rep/Saved/Collections/' was aborted.
[2018.06.01-20.56.52:580][862]LogModuleManager: Shutting down and abandoning module StatsViewer (490)
[2018.06.01-20.56.52:629][862]LogModuleManager: Shutting down and abandoning module FoliageEdit (488)
[2018.06.01-20.56.52:629][862]LogModuleManager: Shutting down and abandoning module LandscapeEditor (486)
[2018.06.01-20.56.52:770][862]LogModuleManager: Shutting down and abandoning module MeshPaintMode (484)
[2018.06.01-20.56.52:771][862]LogModuleManager: Shutting down and abandoning module SceneDepthPickerMode (482)
[2018.06.01-20.56.52:771][862]LogModuleManager: Shutting down and abandoning module ActorPickerMode (480)
[2018.06.01-20.56.52:771][862]LogModuleManager: Shutting down and abandoning module GeometryMode (478)
[2018.06.01-20.56.52:771][862]LogModuleManager: Shutting down and abandoning module TextureAlignMode (476)
[2018.06.01-20.56.52:771][862]LogModuleManager: Shutting down and abandoning module BspMode (474)
[2018.06.01-20.56.52:801][862]LogModuleManager: Shutting down and abandoning module HardwareSurvey (472)
[2018.06.01-20.56.52:815][862]LogModuleManager: Shutting down and abandoning module SequenceRecorderSections (470)
[2018.06.01-20.56.52:855][862]LogModuleManager: Shutting down and abandoning module SequenceRecorder (468)
[2018.06.01-20.56.52:995][862]LogModuleManager: Shutting down and abandoning module AutomationWorker (466)
[2018.06.01-20.56.53:017][862]LogModuleManager: Shutting down and abandoning module SteamAudioEditor (464)
[2018.06.01-20.56.53:017][862]LogModuleManager: Shutting down and abandoning module LevelSequenceEditor (462)
[2018.06.01-20.56.53:167][862]LogModuleManager: Shutting down and abandoning module PlacementMode (461)
[2018.06.01-20.56.53:167][862]LogModuleManager: Shutting down and abandoning module WmfMediaFactory (458)
[2018.06.01-20.56.53:167][862]LogModuleManager: Shutting down and abandoning module Media (457)
[2018.06.01-20.56.53:167][862]LogModuleManager: Shutting down and abandoning module WmfMediaEditor (454)
[2018.06.01-20.56.53:167][862]LogModuleManager: Shutting down and abandoning module ControlRigEditor (452)
[2018.06.01-20.56.53:250][862]LogModuleManager: Shutting down and abandoning module CharacterAI (450)
[2018.06.01-20.56.53:250][862]LogModuleManager: Shutting down and abandoning module SmartSnapping (448)
[2018.06.01-20.56.53:250][862]LogModuleManager: Shutting down and abandoning module SessionServices (446)
[2018.06.01-20.56.53:250][862]LogModuleManager: Shutting down and abandoning module ViewportSnapping (444)
[2018.06.01-20.56.53:250][862]LogModuleManager: Shutting down and abandoning module ViewportInteraction (442)
[2018.06.01-20.56.53:250][862]LogModuleManager: Shutting down and abandoning module ClothPainter (440)
[2018.06.01-20.56.53:285][862]LogModuleManager: Shutting down and abandoning module LogVisualizer (438)
[2018.06.01-20.56.53:306][862]LogModuleManager: Shutting down and abandoning module IntroTutorials (436)
[2018.06.01-20.56.53:349][862]LogModuleManager: Shutting down and abandoning module GameProjectGeneration (435)
[2018.06.01-20.56.53:367][862]LogModuleManager: Shutting down and abandoning module EditorLiveStreaming (432)
[2018.06.01-20.56.53:367][862]LogModuleManager: Shutting down and abandoning module IOSPlatformEditor (430)
[2018.06.01-20.56.53:387][862]LogModuleManager: Shutting down and abandoning module HTML5PlatformEditor (428)
[2018.06.01-20.56.53:387][862]LogModuleManager: Shutting down and abandoning module AndroidPlatformEditor (426)
[2018.06.01-20.56.53:387][862]LogModuleManager: Shutting down and abandoning module AndroidDeviceDetection (424)
[2018.06.01-20.56.54:243][862]LogModuleManager: Shutting down and abandoning module IOSRuntimeSettings (421)
[2018.06.01-20.56.54:243][862]LogModuleManager: Shutting down and abandoning module AndroidRuntimeSettings (419)
[2018.06.01-20.56.54:243][862]LogModuleManager: Shutting down and abandoning module InputBindingEditor (417)
[2018.06.01-20.56.54:265][862]LogModuleManager: Shutting down and abandoning module MergeActors (415)
[2018.06.01-20.56.54:271][862]LogModuleManager: Shutting down and abandoning module SizeMap (413)
[2018.06.01-20.56.54:271][862]LogModuleManager: Shutting down and abandoning module TreeMap (411)
[2018.06.01-20.56.54:314][862]LogModuleManager: Shutting down and abandoning module ReferenceViewer (409)
[2018.06.01-20.56.54:327][862]LogModuleManager: Shutting down and abandoning module LocalizationDashboard (407)
[2018.06.01-20.56.54:341][862]LogModuleManager: Shutting down and abandoning module LocalizationService (406)
[2018.06.01-20.56.54:374][862]LogModuleManager: Shutting down and abandoning module HardwareTargeting (403)
[2018.06.01-20.56.54:374][862]LogModuleManager: Shutting down and abandoning module DeviceProfileEditor (401)
[2018.06.01-20.56.54:387][862]LogModuleManager: Shutting down and abandoning module UndoHistory (399)
[2018.06.01-20.56.54:399][862]LogModuleManager: Shutting down and abandoning module UserFeedback (397)
[2018.06.01-20.56.54:399][862]LogModuleManager: Shutting down and abandoning module XmlParser (395)
[2018.06.01-20.56.54:405][862]LogModuleManager: Shutting down and abandoning module Blutility (393)
[2018.06.01-20.56.54:420][862]LogModuleManager: Shutting down and abandoning module ProjectSettingsViewer (391)
[2018.06.01-20.56.54:420][862]LogModuleManager: Shutting down and abandoning module ProjectTargetPlatformEditor (390)
[2018.06.01-20.56.54:422][862]LogModuleManager: Shutting down and abandoning module EditorSettingsViewer (387)
[2018.06.01-20.56.54:422][862]LogModuleManager: Shutting down and abandoning module SettingsEditor (385)
[2018.06.01-20.56.54:480][862]LogModuleManager: Shutting down and abandoning module ProjectLauncher (383)
[2018.06.01-20.56.54:498][862]LogModuleManager: Shutting down and abandoning module SessionFrontend (381)
[2018.06.01-20.56.54:519][862]LogModuleManager: Shutting down and abandoning module ProfilerClient (379)
[2018.06.01-20.56.54:556][862]LogModuleManager: Shutting down and abandoning module DeviceManager (377)
[2018.06.01-20.56.54:605][862]LogModuleManager: Shutting down and abandoning module TargetDeviceServices (376)
[2018.06.01-20.56.54:671][862]LogModuleManager: Shutting down and abandoning module AutomationController (373)
[2018.06.01-20.56.54:699][862]LogModuleManager: Shutting down and abandoning module AutomationWindow (371)
[2018.06.01-20.56.54:764][862]LogModuleManager: Shutting down and abandoning module Layers (369)
[2018.06.01-20.56.54:852][862]LogModuleManager: Shutting down and abandoning module ComponentVisualizers (367)
[2018.06.01-20.56.54:853][862]LogModuleManager: Shutting down and abandoning module DetailCustomizations (365)
[2018.06.01-20.56.54:887][862]LogModuleManager: Shutting down and abandoning module PackagesDialog (363)
[2018.06.01-20.56.54:887][862]LogModuleManager: Shutting down and abandoning module Persona (361)
[2018.06.01-20.56.54:925][862]LogModuleManager: Shutting down and abandoning module AdvancedPreviewScene (360)
[2018.06.01-20.56.54:925][862]LogModuleManager: Shutting down and abandoning module AnimGraph (358)
[2018.06.01-20.56.54:925][862]LogModuleManager: Shutting down and abandoning module Kismet (355)
[2018.06.01-20.56.54:937][862]LogModuleManager: Shutting down and abandoning module ClassViewer (353)
[2018.06.01-20.56.54:937][862]LogModuleManager: Shutting down and abandoning module Toolbox (351)
[2018.06.01-20.56.54:953][862]LogModuleManager: Shutting down and abandoning module ModuleUI (349)
[2018.06.01-20.56.55:016][862]LogModuleManager: Shutting down and abandoning module MovieSceneTools (347)
[2018.06.01-20.56.55:039][862]LogModuleManager: Shutting down and abandoning module OutputLog (345)
[2018.06.01-20.56.55:039][862]LogModuleManager: Shutting down and abandoning module GammaUI (343)
[2018.06.01-20.56.55:046][862]LogModuleManager: Shutting down and abandoning module Documentation (341)
[2018.06.01-20.56.55:046][862]LogModuleManager: Shutting down and abandoning module MovieSceneTracks (339)
[2018.06.01-20.56.55:046][862]LogModuleManager: Shutting down and abandoning module MovieScene (337)
[2018.06.01-20.56.55:046][862]LogModuleManager: Shutting down and abandoning module GeometryCache (335)
[2018.06.01-20.56.55:054][862]LogModuleManager: Shutting down and abandoning module GeometryCacheEd (334)
[2018.06.01-20.56.55:054][862]LogModuleManager: Shutting down and abandoning module Niagara (331)
[2018.06.01-20.56.55:054][862]LogModuleManager: Shutting down and abandoning module NiagaraEditor (330)
[2018.06.01-20.56.55:107][862]LogModuleManager: Shutting down and abandoning module StreamingPauseRendering (327)
[2018.06.01-20.56.55:107][862]LogModuleManager: Shutting down and abandoning module AnalyticsET (325)
[2018.06.01-20.56.55:107][862]LogModuleManager: Shutting down and abandoning module PortalServices (323)
[2018.06.01-20.56.55:107][862]LogModuleManager: Shutting down and abandoning module PortalRpc (321)
[2018.06.01-20.56.55:107][862]LogModuleManager: Shutting down and abandoning module MessagingRpc (319)
[2018.06.01-20.56.55:107][862]LogModuleManager: Shutting down and abandoning module AIModule (317)
[2018.06.01-20.56.55:108][862]LogModuleManager: Shutting down and abandoning module GameplayDebugger (316)
[2018.06.01-20.56.55:108][862]LogModuleManager: Shutting down and abandoning module AITestSuite (314)
[2018.06.01-20.56.55:117][862]LogModuleManager: Shutting down and abandoning module ProfilerService (311)
[2018.06.01-20.56.55:215][862]LogModuleManager: Shutting down and abandoning module TaskGraph (309)
[2018.06.01-20.56.55:307][862]LogModuleManager: Shutting down and abandoning module SteamVRController (307)
[2018.06.01-20.56.55:307][862]LogModuleManager: Shutting down and abandoning module SteamVR (305)
[2018.06.01-20.56.55:307][862]LogModuleManager: Shutting down and abandoning module ProceduralMeshComponentEditor (303)
[2018.06.01-20.56.55:341][862]LogModuleManager: Shutting down and abandoning module ProceduralMeshComponent (301)
[2018.06.01-20.56.55:348][862]LogModuleManager: Shutting down and abandoning module OculusLibrary (299)
[2018.06.01-20.56.55:348][862]LogModuleManager: Shutting down and abandoning module OculusInput (297)
[2018.06.01-20.56.55:348][862]LogModuleManager: Shutting down and abandoning module Ansel (295)
[2018.06.01-20.56.55:348][862]LogModuleManager: Shutting down and abandoning module CustomMeshComponent (293)
[2018.06.01-20.56.55:348][862]LogModuleManager: Shutting down and abandoning module CableComponent (291)
[2018.06.01-20.56.55:348][862]LogModuleManager: Shutting down and abandoning module ArchVisCharacter (289)
[2018.06.01-20.56.55:348][862]LogModuleManager: Shutting down and abandoning module MediaPlayerEditor (287)
[2018.06.01-20.56.55:433][862]LogModuleManager: Shutting down and abandoning module HTML5Networking (285)
[2018.06.01-20.56.55:433][862]LogModuleManager: Shutting down and abandoning module CodeView (283)
[2018.06.01-20.56.55:462][862]LogModuleManager: Shutting down and abandoning module CodeEditor (281)
[2018.06.01-20.56.55:496][862]LogModuleManager: Shutting down and abandoning module SuperSearchEditor (279)
[2018.06.01-20.56.55:496][862]LogModuleManager: Shutting down and abandoning module SuperSearch (278)
[2018.06.01-20.56.55:496][862]LogModuleManager: Shutting down and abandoning module PluginBrowser (275)
[2018.06.01-20.56.55:592][862]LogModuleManager: Shutting down and abandoning module MobileLauncherProfileWizard (273)
[2018.06.01-20.56.55:621][862]LogModuleManager: Shutting down and abandoning module VisualStudioSourceCodeAccess (271)
[2018.06.01-20.56.55:621][862]LogModuleManager: Shutting down and abandoning module DesktopPlatform (270)
[2018.06.01-20.56.55:660][862]LogModuleManager: Shutting down and abandoning module SubversionSourceControl (267)
[2018.06.01-20.56.55:700][862]LogModuleManager: Shutting down and abandoning module PerforceSourceControl (265)
[2018.06.01-20.56.55:727][862]LogModuleManager: Shutting down and abandoning module GitSourceControl (263)
[2018.06.01-20.56.55:748][862]LogModuleManager: Shutting down and abandoning module SourceControl (262)
[2018.06.01-20.56.55:748][862]LogModuleManager: Shutting down and abandoning module LightPropagationVolumeEditor (259)
[2018.06.01-20.56.55:748][862]LogModuleManager: Shutting down and abandoning module PaperTiledImporter (257)
[2018.06.01-20.56.55:748][862]LogModuleManager: Shutting down and abandoning module PaperSpriteSheetImporter (255)
[2018.06.01-20.56.55:748][862]LogModuleManager: Shutting down and abandoning module Paper2DEditor (253)
[2018.06.01-20.56.55:815][862]LogModuleManager: Shutting down and abandoning module MeshPaint (252)
[2018.06.01-20.56.55:831][862]LogModuleManager: Shutting down and abandoning module LevelEditor (250)
[2018.06.01-20.56.55:854][862]LogModuleManager: Shutting down and abandoning module PixelInspectorModule (249)
[2018.06.01-20.56.55:897][862]LogModuleManager: Shutting down and abandoning module MainFrame (247)
[2018.06.01-20.56.55:902][862]LogModuleManager: Shutting down and abandoning module HotReload (246)
[2018.06.01-20.56.55:908][862]LogDirectoryWatcher: A directory notification for 'C:/Users/mathi/Desktop/Alien_build/Alien_rep/Binaries/Win64' was aborted.
[2018.06.01-20.56.55:918][862]LogModuleManager: Shutting down and abandoning module Alien_build (241)
[2018.06.01-20.56.55:918][862]LogModuleManager: Shutting down and abandoning module SteamAudio (239)
[2018.06.01-20.56.55:918][862]LogSteamAudio: FSteamAudioModule Shutdown
[2018.06.01-20.56.55:933][862]LogModuleManager: Shutting down and abandoning module PhysXVehiclesEditor (237)
[2018.06.01-20.56.55:948][862]LogModuleManager: Shutting down and abandoning module PhysXVehicles (235)
[2018.06.01-20.56.55:948][862]LogModuleManager: Shutting down and abandoning module LocationServicesBPLibrary (233)
[2018.06.01-20.56.55:948][862]LogModuleManager: Shutting down and abandoning module ImmediatePhysicsEditor (231)
[2018.06.01-20.56.55:948][862]LogModuleManager: Shutting down and abandoning module ImmediatePhysics (229)
[2018.06.01-20.56.55:954][862]LogModuleManager: Shutting down and abandoning module ControlRig (227)
[2018.06.01-20.56.55:955][862]LogModuleManager: Shutting down and abandoning module GameplayTagsEditor (225)
[2018.06.01-20.56.55:976][862]LogModuleManager: Shutting down and abandoning module FacialAnimationEditor (223)
[2018.06.01-20.56.55:992][862]LogModuleManager: Shutting down and abandoning module FacialAnimation (221)
[2018.06.01-20.56.55:992][862]LogModuleManager: Shutting down and abandoning module AssetManagerEditor (219)
[2018.06.01-20.56.56:007][862]LogModuleManager: Shutting down and abandoning module GraphEditor (218)
[2018.06.01-20.56.56:007][862]LogModuleManager: Shutting down and abandoning module ContentBrowser (216)
[2018.06.01-20.56.56:008][862]LogModuleManager: Shutting down and abandoning module LightPropagationVolumeRuntime (213)
[2018.06.01-20.56.56:008][862]LogModuleManager: Shutting down and abandoning module Paper2D (211)
[2018.06.01-20.56.56:018][862]LogModuleManager: Shutting down and abandoning module WindowsMoviePlayer (209)
[2018.06.01-20.56.56:018][862]LogModuleManager: Shutting down and abandoning module WmfMedia (207)
[2018.06.01-20.56.56:063][862]LogModuleManager: Shutting down and abandoning module ClothingSystemEditor (205)
[2018.06.01-20.56.56:076][862]LogModuleManager: Shutting down and abandoning module ClothingSystemRuntime (203)
[2018.06.01-20.56.56:091][862]LogModuleManager: Shutting down and abandoning module MediaAssets (201)
[2018.06.01-20.56.56:092][862]LogModuleManager: Shutting down and abandoning module GameLiveStreaming (199)
[2018.06.01-20.56.56:099][862]LogModuleManager: Shutting down and abandoning module VREditor (197)
[2018.06.01-20.56.56:105][862]LogModuleManager: Shutting down and abandoning module StringTableEditor (195)
[2018.06.01-20.56.56:128][862]LogModuleManager: Shutting down and abandoning module GameplayTasksEditor (193)
[2018.06.01-20.56.56:128][862]LogModuleManager: Shutting down and abandoning module BehaviorTreeEditor (191)
[2018.06.01-20.56.56:174][862]LogModuleManager: Shutting down and abandoning module FunctionalTesting (189)
[2018.06.01-20.56.56:174][862]LogModuleManager: Shutting down and abandoning module CollisionAnalyzer (187)
[2018.06.01-20.56.56:213][862]LogModuleManager: Shutting down and abandoning module UMG (185)
[2018.06.01-20.56.56:230][862]LogModuleManager: Shutting down and abandoning module UMGEditor (184)
[2018.06.01-20.56.56:290][862]LogModuleManager: Shutting down and abandoning module Sequencer (183)
[2018.06.01-20.56.56:315][862]LogModuleManager: Shutting down and abandoning module AssetTools (181)
[2018.06.01-20.56.56:389][862]LogModuleManager: Shutting down and abandoning module MessageLog (180)
[2018.06.01-20.56.56:389][862]LogModuleManager: Shutting down and abandoning module WorkspaceMenuStructure (179)
[2018.06.01-20.56.56:389][862]LogModuleManager: Shutting down and abandoning module SlateReflector (173)
[2018.06.01-20.56.56:442][862]LogModuleManager: Shutting down and abandoning module Slate (171)
[2018.06.01-20.56.56:442][862]LogModuleManager: Shutting down and abandoning module EditorStyle (169)
[2018.06.01-20.56.56:447][862]LogModuleManager: Shutting down and abandoning module SourceCodeAccess (167)
[2018.06.01-20.56.56:447][862]LogModuleManager: Shutting down and abandoning module HeadMountedDisplay (165)
[2018.06.01-20.56.56:447][862]LogModuleManager: Shutting down and abandoning module XAudio2 (163)
[2018.06.01-20.56.56:447][862]LogModuleManager: Shutting down and abandoning module Networking (161)
[2018.06.01-20.56.56:447][862]LogModuleManager: Shutting down and abandoning module Core (157)
[2018.06.01-20.56.56:447][862]LogModuleManager: Shutting down and abandoning module AssetRegistry (155)
[2018.06.01-20.56.56:647][862]LogDirectoryWatcher: A directory notification for '../../../Engine/Content/' was aborted.
[2018.06.01-20.56.56:647][862]LogDirectoryWatcher: A directory notification for '../../../../../../Users/mathi/Desktop/Alien_build/Alien_rep/Content/' was aborted.
[2018.06.01-20.56.56:648][862]LogDirectoryWatcher: A directory notification for '../../../Engine/Plugins/2D/Paper2D/Content/' was aborted.
[2018.06.01-20.56.56:648][862]LogDirectoryWatcher: A directory notification for '../../../Engine/Plugins/Experimental/ControlRig/Content/' was aborted.
[2018.06.01-20.56.56:648][862]LogDirectoryWatcher: A directory notification for '../../../Engine/Plugins/Runtime/GearVR/Content/' was aborted.
[2018.06.01-20.56.56:648][862]LogDirectoryWatcher: A directory notification for '../../../Engine/Plugins/Runtime/Steam/SteamAudio/Content/' was aborted.
[2018.06.01-20.56.56:672][862]LogModuleManager: Shutting down and abandoning module DirectoryWatcher (154)
[2018.06.01-20.56.56:673][862]LogModuleManager: Shutting down and abandoning module KismetCompiler (151)
[2018.06.01-20.56.56:673][862]LogModuleManager: Shutting down and abandoning module LevelSequence (149)
[2018.06.01-20.56.56:673][862]LogModuleManager: Shutting down and abandoning module PhysXFormats (147)
[2018.06.01-20.56.56:673][862]LogModuleManager: Shutting down and abandoning module MeshUtilities (145)
[2018.06.01-20.56.56:716][862]LogModuleManager: Shutting down and abandoning module SimplygonSwarm (144)
[2018.06.01-20.56.56:724][862]LogModuleManager: Shutting down and abandoning module SimplygonMeshReduction (142)
[2018.06.01-20.56.56:725][862]LogModuleManager: Shutting down and abandoning module QuadricMeshReduction (140)
[2018.06.01-20.56.56:739][862]LogModuleManager: Shutting down and abandoning module DerivedDataCache (137)
[2018.06.01-20.56.56:788][862]LogDerivedDataCache: Shutdown
[2018.06.01-20.56.56:788][862]LogModuleManager: Shutting down and abandoning module TargetPlatform (135)
[2018.06.01-20.56.56:788][862]LogModuleManager: Shutting down and abandoning module VulkanShaderFormat (134)
[2018.06.01-20.56.56:813][862]LogModuleManager: Shutting down and abandoning module ShaderFormatVectorVM (132)
[2018.06.01-20.56.56:843][862]LogModuleManager: Shutting down and abandoning module ShaderFormatOpenGL (130)
[2018.06.01-20.56.56:855][862]LogModuleManager: Shutting down and abandoning module ShaderFormatD3D (128)
[2018.06.01-20.56.56:865][862]LogModuleManager: Shutting down and abandoning module MetalShaderFormat (126)
[2018.06.01-20.56.56:877][862]LogModuleManager: Shutting down and abandoning module TextureFormatUncompressed (124)
[2018.06.01-20.56.56:877][862]LogModuleManager: Shutting down and abandoning module TextureFormatPVR (122)
[2018.06.01-20.56.56:877][862]LogModuleManager: Shutting down and abandoning module TextureFormatDXT (120)
[2018.06.01-20.56.56:889][862]LogModuleManager: Shutting down and abandoning module TextureFormatIntelISPCTexComp (118)
[2018.06.01-20.56.56:904][862]LogModuleManager: Shutting down and abandoning module TextureFormatASTC (116)
[2018.06.01-20.56.56:904][862]LogModuleManager: Shutting down and abandoning module ImageWrapper (115)
[2018.06.01-20.56.56:904][862]LogModuleManager: Shutting down and abandoning module TextureFormatAndroid (112)
[2018.06.01-20.56.56:904][862]LogModuleManager: Shutting down and abandoning module AudioFormatOpus (110)
[2018.06.01-20.56.56:904][862]LogModuleManager: Shutting down and abandoning module AudioFormatOgg (108)
[2018.06.01-20.56.56:904][862]LogModuleManager: Shutting down and abandoning module AudioFormatADPCM (106)
[2018.06.01-20.56.56:904][862]LogModuleManager: Shutting down and abandoning module LinuxTargetPlatform (104)
[2018.06.01-20.56.56:904][862]LogModuleManager: Shutting down and abandoning module LinuxServerTargetPlatform (102)
[2018.06.01-20.56.56:904][862]LogModuleManager: Shutting down and abandoning module LinuxNoEditorTargetPlatform (100)
[2018.06.01-20.56.56:904][862]LogModuleManager: Shutting down and abandoning module LinuxClientTargetPlatform (98)
[2018.06.01-20.56.56:904][862]LogModuleManager: Shutting down and abandoning module TVOSTargetPlatform (96)
[2018.06.01-20.56.56:904][862]LogModuleManager: Shutting down and abandoning module Messaging (94)
[2018.06.01-20.56.56:904][862]LogModuleManager: Shutting down and abandoning module IOSTargetPlatform (92)
[2018.06.01-20.56.56:904][862]LogModuleManager: Shutting down and abandoning module HTML5TargetPlatform (90)
[2018.06.01-20.56.56:904][862]LogModuleManager: Shutting down and abandoning module Android_PVRTCTargetPlatform (88)
[2018.06.01-20.56.56:911][862]LogModuleManager: Shutting down and abandoning module Android_MultiTargetPlatform (86)
[2018.06.01-20.56.56:911][862]LogModuleManager: Shutting down and abandoning module Android_ETC2TargetPlatform (84)
[2018.06.01-20.56.56:921][862]LogModuleManager: Shutting down and abandoning module Android_ETC1TargetPlatform (82)
[2018.06.01-20.56.56:926][862]LogModuleManager: Shutting down and abandoning module Android_DXTTargetPlatform (80)
[2018.06.01-20.56.56:931][862]LogModuleManager: Shutting down and abandoning module Android_ATCTargetPlatform (78)
[2018.06.01-20.56.56:934][862]LogModuleManager: Shutting down and abandoning module Android_ASTCTargetPlatform (76)
[2018.06.01-20.56.56:934][862]LogModuleManager: Shutting down and abandoning module AndroidTargetPlatform (74)
[2018.06.01-20.56.56:947][862]LogModuleManager: Shutting down and abandoning module WindowsTargetPlatform (72)
[2018.06.01-20.56.56:947][862]LogModuleManager: Shutting down and abandoning module WindowsServerTargetPlatform (70)
[2018.06.01-20.56.56:947][862]LogModuleManager: Shutting down and abandoning module WindowsNoEditorTargetPlatform (68)
[2018.06.01-20.56.56:947][862]LogModuleManager: Shutting down and abandoning module WindowsClientTargetPlatform (66)
[2018.06.01-20.56.56:947][862]LogModuleManager: Shutting down and abandoning module MacTargetPlatform (64)
[2018.06.01-20.56.56:947][862]LogModuleManager: Shutting down and abandoning module MacServerTargetPlatform (62)
[2018.06.01-20.56.56:947][862]LogModuleManager: Shutting down and abandoning module MacNoEditorTargetPlatform (60)
[2018.06.01-20.56.56:947][862]LogModuleManager: Shutting down and abandoning module MacClientTargetPlatform (58)
[2018.06.01-20.56.56:947][862]LogModuleManager: Shutting down and abandoning module AllDesktopTargetPlatform (56)
[2018.06.01-20.56.56:947][862]LogModuleManager: Shutting down and abandoning module InputCore (53)
[2018.06.01-20.56.56:947][862]LogModuleManager: Shutting down and abandoning module Settings (51)
[2018.06.01-20.56.56:947][862]LogModuleManager: Shutting down and abandoning module OculusRift (48)
[2018.06.01-20.56.56:961][862]LogModuleManager: Shutting down and abandoning module GearVRController (46)
[2018.06.01-20.56.56:961][862]LogModuleManager: Shutting down and abandoning module GearVR (44)
[2018.06.01-20.56.56:977][862]LogModuleManager: Shutting down and abandoning module OnlineSubsystem (42)
[2018.06.01-20.56.56:992][862]LogModuleManager: Shutting down and abandoning module XMPP (41)
[2018.06.01-20.56.57:013][862]LogModuleManager: Shutting down and abandoning module HTTP (39)
[2018.06.01-20.56.57:013][862]LogHttp:Display: Http module shutting down, but needs to wait on 1 outstanding Http requests:
[2018.06.01-20.56.57:025][862]LogHttp:Display: 	verb=[POST] url=[https://datarouter.ol.epicgames.com/datarouter/api/v1/public/data?SessionID=%7B323A0B6D-4D11-C3E3-F1F7-3F8A28143601%7D&AppID=UEEditor.Rocket.Release&AppVersion=4.16.3-3561208%2B%2B%2BUE4%2BRelease-4.16&UserID=a84f5cc54bdf4b94862db0a98bc92dd4%7C6855d30c7bf045ce8f43503786266ef9%7C9ef5caba-46ff-4fb5-9752-1aa5a8b12452&AppEnvironment=datacollector-binary&UploadType=eteventstream] status=Processing
[2018.06.01-20.56.57:062][862]LogModuleManager: Shutting down and abandoning module SSL (38)
[2018.06.01-20.56.57:133][862]LogModuleManager: Shutting down and abandoning module AnimationModifiers (34)
[2018.06.01-20.56.57:213][862]LogModuleManager: Shutting down and abandoning module PropertyEditor (33)
[2018.06.01-20.56.57:213][862]LogModuleManager: Shutting down and abandoning module AudioEditor (30)
[2018.06.01-20.56.57:229][862]LogModuleManager: Shutting down and abandoning module TextureCompressor (28)
[2018.06.01-20.56.57:285][862]LogModuleManager: Shutting down and abandoning module ShaderCore (26)
[2018.06.01-20.56.57:285][862]LogModuleManager: Shutting down and abandoning module Landscape (24)
[2018.06.01-20.56.57:285][862]LogModuleManager: Shutting down and abandoning module SlateRHIRenderer (22)
[2018.06.01-20.56.57:311][862]LogModuleManager: Shutting down and abandoning module OpenGLDrv (20)
[2018.06.01-20.56.57:355][862]LogModuleManager: Shutting down and abandoning module D3D11RHI (18)
[2018.06.01-20.56.57:355][862]LogModuleManager: Shutting down and abandoning module AnimGraphRuntime (16)
[2018.06.01-20.56.57:365][862]LogModuleManager: Shutting down and abandoning module Renderer (14)
[2018.06.01-20.56.57:365][862]LogModuleManager: Shutting down and abandoning module Engine (12)
[2018.06.01-20.56.57:365][862]LogModuleManager: Shutting down and abandoning module CoreUObject (10)
[2018.06.01-20.56.57:365][862]LogModuleManager: Shutting down and abandoning module NetworkFile (8)
[2018.06.01-20.56.57:465][862]LogModuleManager: Shutting down and abandoning module StreamingFile (6)
[2018.06.01-20.56.57:478][862]LogModuleManager: Shutting down and abandoning module SandboxFile (4)
[2018.06.01-20.56.57:490][862]LogModuleManager: Shutting down and abandoning module PakFile (2)
[2018.06.01-20.56.57:531][862]LogExit: Exiting.
[2018.06.01-20.56.57:558][862]Log file closed, 06/01/18 22:56:57
